#
# A fatal error has been detected by the Java Runtime Environment:
#
#  EXCEPTION_ACCESS_VIOLATION (0xc0000005) at pc=0x000000007737e4e4, pid=8268, tid=10868
#
# JRE version: Java(TM) SE Runtime Environment (7.0_45-b18) (build 1.7.0_45-b18)
# Java VM: Java HotSpot(TM) 64-Bit Server VM (24.45-b08 mixed mode windows-amd64 compressed oops)
# Problematic frame:
# C  [ntdll.dll+0x4e4e4]
#
# Failed to write core dump. Minidumps are not enabled by default on client versions of Windows
#
# If you would like to submit a bug report, please visit:
#   http://bugreport.sun.com/bugreport/crash.jsp
# The crash happened outside the Java Virtual Machine in native code.
# See problematic frame for where to report the bug.
#

---------------  T H R E A D  ---------------

Current thread (0x0000000022469000):  JavaThread "pool-2-thread-1" [_thread_in_native, id=10868, stack(0x000000001fbf0000,0x000000001fcf0000)]

siginfo: ExceptionCode=0xc0000005, writing address 0x0000000000000024

Registers:
RAX=0x0000000000000000, RBX=0x00000000004875c8, RCX=0x00000000fffffffc, RDX=0x000000000000079c
RSP=0x000000001fcee620, RBP=0x0000000000000000, RSI=0x000000000000079c, RDI=0x0000000000000000
R8 =0x000000001fcee5d8, R9 =0x0000000000000004, R10=0x0000000000000000, R11=0x0000000000000246
R12=0x0000000000000000, R13=0x0000000000000000, R14=0x000007fffff62000, R15=0x0000000000000000
RIP=0x000000007737e4e4, EFLAGS=0x0000000000010213

Top of Stack: (sp=0x000000001fcee620)
0x000000001fcee620:   00000000000003d8 000000000000079c
0x000000001fcee630:   000000001fcee7c8 00000000224691e8
0x000000001fcee640:   000000005f63be28 0000000018ec3fd0
0x000000001fcee650:   000000001a29eae8 0000000062c1b5a0
0x000000001fcee660:   0000000000000000 0000000000000000
0x000000001fcee670:   000000001a29ea48 000000005f110add
0x000000001fcee680:   00000000004bc790 0000000000000000
0x000000001fcee690:   00000000647677f1 0000000062b65398
0x000000001fcee6a0:   0000000022469000 000000001fceef28
0x000000001fcee6b0:   0000000000000004 0000000000000001
0x000000001fcee6c0:   00000000ff000000 000000007737e40b
0x000000001fcee6d0:   0000000000000000 0000000000000000
0x000000001fcee6e0:   00000005fc7fbc50 00000000004875c8
0x000000001fcee6f0:   0000000000487550 0000000064759935
0x000000001fcee700:   000000001fcee7c0 00000000004875c0
0x000000001fcee710:   00000000024a63f0 0000000022469000 

Instructions: (pc=0x000000007737e4e4)
0x000000007737e4c4:   0f b1 4b 08 0f 85 9b 47 fd ff 48 8b 03 4c 89 ac
0x000000007737e4d4:   24 c0 00 00 00 33 ed 45 33 ed 48 83 f8 ff 74 03
0x000000007737e4e4:   ff 40 24 ba 22 17 00 00 48 8d 3d 9d 8f 0e 00 80
0x000000007737e4f4:   3c 25 82 03 fe 7f 00 0f 85 b3 bd 01 00 48 83 fe 


Register to memory mapping:

RAX=0x0000000000000000 is an unknown value
RBX=0x00000000004875c8 is an unknown value
RCX=0x00000000fffffffc is an unknown value
RDX=0x000000000000079c is an unknown value
RSP=0x000000001fcee620 is pointing into the stack for thread: 0x0000000022469000
RBP=0x0000000000000000 is an unknown value
RSI=0x000000000000079c is an unknown value
RDI=0x0000000000000000 is an unknown value
R8 =0x000000001fcee5d8 is pointing into the stack for thread: 0x0000000022469000
R9 =0x0000000000000004 is an unknown value
R10=0x0000000000000000 is an unknown value
R11=0x0000000000000246 is an unknown value
R12=0x0000000000000000 is an unknown value
R13=0x0000000000000000 is an unknown value
R14=0x000007fffff62000 is an unknown value
R15=0x0000000000000000 is an unknown value


Stack: [0x000000001fbf0000,0x000000001fcf0000],  sp=0x000000001fcee620,  free space=1017k
Native frames: (J=compiled Java code, j=interpreted, Vv=VM code, C=native code)
C  [ntdll.dll+0x4e4e4]

[error occurred during error reporting (printing native stack), id 0xc0000005]

Java frames: (J=compiled Java code, j=interpreted, Vv=VM code)
j  com.sun.jna.Native.invokeLong(JI[Ljava/lang/Object;)J+0
j  com.sun.jna.Function.invoke([Ljava/lang/Object;Ljava/lang/Class;Z)Ljava/lang/Object;+389
j  com.sun.jna.Function.invoke(Ljava/lang/Class;[Ljava/lang/Object;Ljava/util/Map;)Ljava/lang/Object;+214
j  com.sun.jna.Library$Handler.invoke(Ljava/lang/Object;Ljava/lang/reflect/Method;[Ljava/lang/Object;)Ljava/lang/Object;+341
j  com.sun.proxy.$Proxy0.libvlc_media_player_get_time(Luk/co/caprica/vlcj/binding/internal/libvlc_media_player_t;)J+16
j  uk.co.caprica.vlcj.player.DefaultMediaPlayer.getTime()J+17
j  ui.PlayerControlsPanel$UpdateRunnable.run()V+4
j  java.util.concurrent.Executors$RunnableAdapter.call()Ljava/lang/Object;+4
j  java.util.concurrent.FutureTask.runAndReset()Z+47
j  java.util.concurrent.ScheduledThreadPoolExecutor$ScheduledFutureTask.access$301(Ljava/util/concurrent/ScheduledThreadPoolExecutor$ScheduledFutureTask;)Z+1
j  java.util.concurrent.ScheduledThreadPoolExecutor$ScheduledFutureTask.run()V+37
j  java.util.concurrent.ThreadPoolExecutor.runWorker(Ljava/util/concurrent/ThreadPoolExecutor$Worker;)V+95
j  java.util.concurrent.ThreadPoolExecutor$Worker.run()V+5
j  java.lang.Thread.run()V+11
v  ~StubRoutines::call_stub

---------------  P R O C E S S  ---------------

Java Threads: ( => current thread )
=>0x0000000022469000 JavaThread "pool-2-thread-1" [_thread_in_native, id=10868, stack(0x000000001fbf0000,0x000000001fcf0000)]
  0x00000000223f2800 JavaThread "Swing-Shell" daemon [_thread_blocked, id=6892, stack(0x000000001f920000,0x000000001fa20000)]
  0x000000001a49c000 JavaThread "Abandoned connection cleanup thread" daemon [_thread_blocked, id=10044, stack(0x000000001e510000,0x000000001e610000)]
  0x000000001a461800 JavaThread "Image Fetcher 0" daemon [_thread_blocked, id=8952, stack(0x00000000228f0000,0x00000000229f0000)]
  0x000000001a453800 JavaThread "TimerQueue" daemon [_thread_blocked, id=6028, stack(0x0000000021da0000,0x0000000021ea0000)]
  0x000000001a389800 JavaThread "D3D Screen Updater" daemon [_thread_blocked, id=3476, stack(0x0000000021270000,0x0000000021370000)]
  0x000000000218e800 JavaThread "DestroyJavaVM" [_thread_blocked, id=6992, stack(0x00000000023a0000,0x00000000024a0000)]
  0x000000001a179800 JavaThread "AWT-EventQueue-0" [_thread_blocked, id=6196, stack(0x000000001c140000,0x000000001c240000)]
  0x000000001a179000 JavaThread "AWT-Windows" daemon [_thread_in_native, id=7896, stack(0x000000001be30000,0x000000001bf30000)]
  0x000000001a1b3000 JavaThread "AWT-Shutdown" [_thread_blocked, id=1828, stack(0x000000001bd30000,0x000000001be30000)]
  0x000000001a191000 JavaThread "Java2D Disposer" daemon [_thread_blocked, id=7948, stack(0x000000001bbc0000,0x000000001bcc0000)]
  0x000000001a160000 JavaThread "Service Thread" daemon [_thread_blocked, id=6704, stack(0x000000001bac0000,0x000000001bbc0000)]
  0x00000000190bb800 JavaThread "C2 CompilerThread1" daemon [_thread_blocked, id=5328, stack(0x000000001b860000,0x000000001b960000)]
  0x00000000190b4800 JavaThread "C2 CompilerThread0" daemon [_thread_blocked, id=6440, stack(0x000000001b750000,0x000000001b850000)]
  0x00000000190b3800 JavaThread "Attach Listener" daemon [_thread_blocked, id=10848, stack(0x000000001b5d0000,0x000000001b6d0000)]
  0x00000000190b3000 JavaThread "Signal Dispatcher" daemon [_thread_blocked, id=1808, stack(0x000000001b370000,0x000000001b470000)]
  0x000000000214a000 JavaThread "Finalizer" daemon [_thread_blocked, id=6124, stack(0x000000001b4c0000,0x000000001b5c0000)]
  0x000000001909f800 JavaThread "Reference Handler" daemon [_thread_blocked, id=9952, stack(0x000000001b240000,0x000000001b340000)]

Other Threads:
  0x000000001a113800 VMThread [stack: 0x000000001b0b0000,0x000000001b1b0000] [id=7348]
  0x000000001a169000 WatcherThread [stack: 0x000000001b9b0000,0x000000001bab0000] [id=8740]

VM state:not at safepoint (normal execution)

VM Mutex/Monitor currently owned by a thread: None

Heap
 PSYoungGen      total 153088K, used 26069K [0x0000000755900000, 0x0000000760380000, 0x0000000800000000)
  eden space 131584K, 16% used [0x0000000755900000,0x0000000756da36c0,0x000000075d980000)
  from space 21504K, 22% used [0x000000075d980000,0x000000075de51f78,0x000000075ee80000)
  to   space 21504K, 0% used [0x000000075ee80000,0x000000075ee80000,0x0000000760380000)
 ParOldGen       total 348672K, used 8K [0x0000000600c00000, 0x0000000616080000, 0x0000000755900000)
  object space 348672K, 0% used [0x0000000600c00000,0x0000000600c02000,0x0000000616080000)
 PSPermGen       total 21504K, used 17573K [0x00000005fba00000, 0x00000005fcf00000, 0x0000000600c00000)
  object space 21504K, 81% used [0x00000005fba00000,0x00000005fcb297d0,0x00000005fcf00000)

Card table byte_map: [0x00000000054a0000,0x00000000064d0000] byte_map_base: 0x00000000024c3000

Polling page: 0x0000000000330000

Code Cache  [0x00000000024a0000, 0x0000000002710000, 0x00000000054a0000)
 total_blobs=648 nmethods=123 adapters=477 free_code_cache=48333Kb largest_free_block=49460992

Compilation events (10 events):
Event: 6.850 Thread 0x00000000190b4800  122             java.util.ArrayList::add (29 bytes)
Event: 6.852 Thread 0x00000000190b4800 nmethod 122 0x000000000256b4d0 code [0x000000000256b620, 0x000000000256b948]
Event: 6.881 Thread 0x00000000190bb800  123             java.lang.Object::equals (11 bytes)
Event: 6.881 Thread 0x00000000190bb800 nmethod 123 0x0000000002571750 code [0x0000000002571880, 0x00000000025718f8]
Event: 7.077 Thread 0x00000000190b4800  124             java.lang.Class::getName (21 bytes)
Event: 7.078 Thread 0x00000000190b4800 nmethod 124 0x000000000251d790 code [0x000000000251d8e0, 0x000000000251d988]
Event: 7.535 Thread 0x00000000190bb800  125             java.nio.Buffer::nextGetIndex (31 bytes)
Event: 7.535 Thread 0x00000000190bb800 nmethod 125 0x000000000251d510 code [0x000000000251d640, 0x000000000251d6b8]
Event: 7.540 Thread 0x00000000190b4800  126             java.util.TreeMap::parentOf (13 bytes)
Event: 7.540 Thread 0x00000000190b4800 nmethod 126 0x0000000002568c50 code [0x0000000002568d80, 0x0000000002568dd8]

GC Heap History (2 events):
Event: 6.473 GC heap before
{Heap before GC invocations=1 (full 0):
 PSYoungGen      total 153088K, used 131584K [0x0000000755900000, 0x0000000760380000, 0x0000000800000000)
  eden space 131584K, 100% used [0x0000000755900000,0x000000075d980000,0x000000075d980000)
  from space 21504K, 0% used [0x000000075ee80000,0x000000075ee80000,0x0000000760380000)
  to   space 21504K, 0% used [0x000000075d980000,0x000000075d980000,0x000000075ee80000)
 ParOldGen       total 348672K, used 0K [0x0000000600c00000, 0x0000000616080000, 0x0000000755900000)
  object space 348672K, 0% used [0x0000000600c00000,0x0000000600c00000,0x0000000616080000)
 PSPermGen       total 21504K, used 17469K [0x00000005fba00000, 0x00000005fcf00000, 0x0000000600c00000)
  object space 21504K, 81% used [0x00000005fba00000,0x00000005fcb0f548,0x00000005fcf00000)
Event: 6.484 GC heap after
Heap after GC invocations=1 (full 0):
 PSYoungGen      total 153088K, used 4935K [0x0000000755900000, 0x0000000760380000, 0x0000000800000000)
  eden space 131584K, 0% used [0x0000000755900000,0x0000000755900000,0x000000075d980000)
  from space 21504K, 22% used [0x000000075d980000,0x000000075de51f78,0x000000075ee80000)
  to   space 21504K, 0% used [0x000000075ee80000,0x000000075ee80000,0x0000000760380000)
 ParOldGen       total 348672K, used 8K [0x0000000600c00000, 0x0000000616080000, 0x0000000755900000)
  object space 348672K, 0% used [0x0000000600c00000,0x0000000600c02000,0x0000000616080000)
 PSPermGen       total 21504K, used 17469K [0x00000005fba00000, 0x00000005fcf00000, 0x0000000600c00000)
  object space 21504K, 81% used [0x00000005fba00000,0x00000005fcb0f548,0x00000005fcf00000)
}

Deoptimization events (10 events):
Event: 3.539 Thread 0x000000001a179800 Uncommon trap: reason=class_check action=maybe_recompile pc=0x0000000002513afc method=java.util.Properties$LineReader.readLine()I @ 62
Event: 3.540 Thread 0x000000001a179800 Uncommon trap: reason=class_check action=maybe_recompile pc=0x0000000002513afc method=java.util.Properties$LineReader.readLine()I @ 62
Event: 4.584 Thread 0x000000001a179800 Uncommon trap: reason=unloaded action=reinterpret pc=0x0000000002533e98 method=java.lang.CharacterData.of(I)Ljava/lang/CharacterData; @ 96
Event: 5.907 Thread 0x000000001a179800 Uncommon trap: reason=class_check action=maybe_recompile pc=0x000000000254109c method=java.awt.Container.findComponentAtImpl(IIZ)Ljava/awt/Component; @ 76
Event: 5.907 Thread 0x000000001a179800 Uncommon trap: reason=class_check action=maybe_recompile pc=0x000000000254109c method=java.awt.Container.findComponentAtImpl(IIZ)Ljava/awt/Component; @ 76
Event: 5.909 Thread 0x000000001a179800 Uncommon trap: reason=class_check action=maybe_recompile pc=0x000000000254109c method=java.awt.Container.findComponentAtImpl(IIZ)Ljava/awt/Component; @ 76
Event: 5.909 Thread 0x000000001a179800 Uncommon trap: reason=class_check action=maybe_recompile pc=0x000000000254109c method=java.awt.Container.findComponentAtImpl(IIZ)Ljava/awt/Component; @ 76
Event: 6.295 Thread 0x000000001a179800 Uncommon trap: reason=class_check action=maybe_recompile pc=0x000000000256c9c4 method=java.awt.Container.findComponentAtImpl(IIZ)Ljava/awt/Component; @ 216
Event: 6.296 Thread 0x000000001a179800 Uncommon trap: reason=class_check action=maybe_recompile pc=0x000000000256c9c4 method=java.awt.Container.findComponentAtImpl(IIZ)Ljava/awt/Component; @ 216
Event: 7.547 Thread 0x000000001a179800 Uncommon trap: reason=bimorphic action=maybe_recompile pc=0x00000000025548a4 method=java.util.HashMap.put(Ljava/lang/Object;Ljava/lang/Object;)Ljava/lang/Object; @ 83

Internal exceptions (10 events):
Event: 4.673 Thread 0x0000000022601000 Threw 0x0000000758f1f0d8 at C:\re\jdk7u45\229\hotspot\src\share\vm\prims\jvm.cpp:1244
Event: 4.675 Thread 0x0000000022601000 Threw 0x00000007591b0ff8 at C:\re\jdk7u45\229\hotspot\src\share\vm\prims\jvm.cpp:1244
Event: 4.686 Thread 0x0000000022601000 Threw 0x0000000759bf8c40 at C:\re\jdk7u45\229\hotspot\src\share\vm\prims\jvm.cpp:1244
Event: 4.694 Thread 0x0000000022601000 Threw 0x0000000759ebb6f0 at C:\re\jdk7u45\229\hotspot\src\share\vm\prims\jvm.cpp:1244
Event: 4.705 Thread 0x0000000022601000 Threw 0x000000075a3b0cc0 at C:\re\jdk7u45\229\hotspot\src\share\vm\prims\jvm.cpp:1244
Event: 4.709 Thread 0x0000000022601000 Threw 0x000000075ab646e8 at C:\re\jdk7u45\229\hotspot\src\share\vm\prims\jvm.cpp:1244
Event: 4.740 Thread 0x0000000022601000 Threw 0x000000075bd620c0 at C:\re\jdk7u45\229\hotspot\src\share\vm\prims\jvm.cpp:1244
Event: 4.974 Thread 0x0000000022601000 Threw 0x000000075bff4048 at C:\re\jdk7u45\229\hotspot\src\share\vm\prims\jvm.cpp:1244
Event: 4.976 Thread 0x0000000022601000 Threw 0x000000075c285f38 at C:\re\jdk7u45\229\hotspot\src\share\vm\prims\jvm.cpp:1244
Event: 6.490 Thread 0x000000000214a000 Threw 0x0000000755f738d0 at C:\re\jdk7u45\229\hotspot\src\share\vm\interpreter\linkResolver.cpp:883

Events (10 events):
Event: 7.547 Thread 0x000000001a179800 DEOPT PACKING pc=0x00000000025548a4 sp=0x000000001c23bb10
Event: 7.547 Thread 0x000000001a179800 DEOPT UNPACKING pc=0x00000000024d75a4 sp=0x000000001c23bab8 mode 2
Event: 7.549 Executing VM operation: RevokeBias
Event: 7.549 Executing VM operation: RevokeBias done
Event: 7.552 Executing VM operation: RevokeBias
Event: 7.552 Executing VM operation: RevokeBias done
Event: 7.552 Executing VM operation: RevokeBias
Event: 7.552 Executing VM operation: RevokeBias done
Event: 7.567 Executing VM operation: RevokeBias
Event: 7.567 Executing VM operation: RevokeBias done


Dynamic libraries:
0x000000013f5c0000 - 0x000000013f5f3000 	C:\Program Files\Java\jdk1.7.0_45\bin\javaw.exe
0x0000000077330000 - 0x00000000774d9000 	C:\Windows\SYSTEM32\ntdll.dll
0x0000000077110000 - 0x000000007722f000 	C:\Windows\system32\kernel32.dll
0x000007fefd3d0000 - 0x000007fefd43b000 	C:\Windows\system32\KERNELBASE.dll
0x0000000074be0000 - 0x0000000074c6b000 	C:\Program Files\Bitdefender\Bitdefender\Active Virus Control\Avc3_00226_008\avcuf64.dll
0x000007fefe2f0000 - 0x000007fefe3cb000 	C:\Windows\system32\ADVAPI32.dll
0x000007fefd510000 - 0x000007fefd5af000 	C:\Windows\system32\msvcrt.dll
0x000007fefdde0000 - 0x000007fefddff000 	C:\Windows\SYSTEM32\sechost.dll
0x000007fefe450000 - 0x000007fefe57d000 	C:\Windows\system32\RPCRT4.dll
0x0000000077230000 - 0x000000007732a000 	C:\Windows\system32\USER32.dll
0x000007fefd5b0000 - 0x000007fefd617000 	C:\Windows\system32\GDI32.dll
0x000007fefe290000 - 0x000007fefe29e000 	C:\Windows\system32\LPK.dll
0x000007feff550000 - 0x000007feff619000 	C:\Windows\system32\USP10.dll
0x000007fefacc0000 - 0x000007fefaeb4000 	C:\Windows\WinSxS\amd64_microsoft.windows.common-controls_6595b64144ccf1df_6.0.7601.17514_none_fa396087175ac9ac\COMCTL32.dll
0x000007fefd9e0000 - 0x000007fefda51000 	C:\Windows\system32\SHLWAPI.dll
0x000007fefd620000 - 0x000007fefd64e000 	C:\Windows\system32\IMM32.DLL
0x000007fefdcd0000 - 0x000007fefddd9000 	C:\Windows\system32\MSCTF.dll
0x0000000064640000 - 0x0000000064712000 	C:\Program Files\Java\jdk1.7.0_45\jre\bin\msvcr100.dll
0x000000005f0d0000 - 0x000000005f899000 	C:\Program Files\Java\jdk1.7.0_45\jre\bin\server\jvm.dll
0x000007fefa200000 - 0x000007fefa209000 	C:\Windows\system32\WSOCK32.dll
0x000007fefe2a0000 - 0x000007fefe2ed000 	C:\Windows\system32\WS2_32.dll
0x000007fefdc20000 - 0x000007fefdc28000 	C:\Windows\system32\NSI.dll
0x000007fefc330000 - 0x000007fefc36b000 	C:\Windows\system32\WINMM.dll
0x0000000077500000 - 0x0000000077507000 	C:\Windows\system32\PSAPI.DLL
0x00000000655a0000 - 0x00000000655af000 	C:\Program Files\Java\jdk1.7.0_45\jre\bin\verify.dll
0x0000000064df0000 - 0x0000000064e18000 	C:\Program Files\Java\jdk1.7.0_45\jre\bin\java.dll
0x0000000064dd0000 - 0x0000000064de5000 	C:\Program Files\Java\jdk1.7.0_45\jre\bin\zip.dll
0x0000000062d70000 - 0x0000000062f05000 	C:\Program Files\Java\jdk1.7.0_45\jre\bin\awt.dll
0x000007fefd650000 - 0x000007fefd727000 	C:\Windows\system32\OLEAUT32.dll
0x000007fefd7d0000 - 0x000007fefd9d3000 	C:\Windows\system32\ole32.dll
0x000007fefa840000 - 0x000007fefa896000 	C:\Windows\system32\uxtheme.dll
0x0000000180000000 - 0x0000000180052000 	C:\Program Files (x86)\DisplayFusion\Hooks\AppHookWIN6064_334FFADA-7968-4296-BAE9-805937E5F1FB.dll
0x000007fefe580000 - 0x000007feff308000 	C:\Windows\system32\SHELL32.dll
0x000007fefa470000 - 0x000007fefa488000 	C:\Windows\system32\dwmapi.dll
0x000007fefd010000 - 0x000007fefd01f000 	C:\Windows\system32\CRYPTBASE.dll
0x000007fef4400000 - 0x000007fef45ff000 	C:\Windows\system32\d3d9.dll
0x000007fefc2c0000 - 0x000007fefc2cc000 	C:\Windows\system32\VERSION.dll
0x000007fef43f0000 - 0x000007fef43f7000 	C:\Windows\system32\d3d8thk.dll
0x000007fede260000 - 0x000007fedf3b4000 	C:\Windows\system32\nvd3dumx.dll
0x000007fefabb0000 - 0x000007fefabdc000 	C:\Windows\system32\powrprof.dll
0x000007fefde00000 - 0x000007fefdfd7000 	C:\Windows\system32\SETUPAPI.dll
0x000007fefd390000 - 0x000007fefd3c6000 	C:\Windows\system32\CFGMGR32.dll
0x000007fefd1d0000 - 0x000007fefd1ea000 	C:\Windows\system32\DEVOBJ.dll
0x000007fedb790000 - 0x000007fedb8f2000 	C:\Program Files (x86)\NVIDIA Corporation\3D Vision\nvSCPAPI64.dll
0x000000001d750000 - 0x000000001d85e000 	C:\Windows\system32\nvspcap64.dll
0x000007fef8e80000 - 0x000007fef9194000 	C:\Windows\system32\nvapi64.dll
0x000007fefd190000 - 0x000007fefd1ca000 	C:\Windows\system32\WINTRUST.dll
0x000007fefd200000 - 0x000007fefd36c000 	C:\Windows\system32\CRYPT32.dll
0x000007fefd180000 - 0x000007fefd18f000 	C:\Windows\system32\MSASN1.dll
0x00000000647a0000 - 0x00000000647b9000 	C:\Program Files\Java\jdk1.7.0_45\jre\bin\net.dll
0x000007fefc950000 - 0x000007fefc9a5000 	C:\Windows\system32\mswsock.dll
0x000007fefc940000 - 0x000007fefc947000 	C:\Windows\System32\wship6.dll
0x000007fefba90000 - 0x000007fefba97000 	C:\Windows\System32\wshtcpip.dll
0x000007fefc7d0000 - 0x000007fefc82b000 	C:\Windows\system32\DNSAPI.dll
0x000007fefc3a0000 - 0x000007fefc3c7000 	C:\Windows\system32\IPHLPAPI.DLL
0x000007fefc390000 - 0x000007fefc39b000 	C:\Windows\system32\WINNSI.DLL
0x000007feeb7b0000 - 0x000007feeb7b8000 	C:\Windows\system32\rasadhlp.dll
0x000007fef9940000 - 0x000007fef9993000 	C:\Windows\System32\fwpuclnt.dll
0x0000000064520000 - 0x0000000064566000 	C:\Program Files\Java\jdk1.7.0_45\jre\bin\fontmanager.dll
0x000007fefdc30000 - 0x000007fefdcc9000 	C:\Windows\system32\CLBCatQ.DLL
0x000007fefa2c0000 - 0x000007fefa421000 	C:\Windows\system32\WindowsCodecs.dll
0x000007fefcfb0000 - 0x000007fefd007000 	C:\Windows\system32\apphelp.dll
0x000007feede60000 - 0x000007feede95000 	C:\Windows\system32\EhStorShell.dll
0x000007fefa8a0000 - 0x000007fefa9cc000 	C:\Windows\system32\PROPSYS.dll
0x000007fee9510000 - 0x000007fee954e000 	C:\Users\Public\Fundata\FunSeed64V037.dll
0x000007feeb9c0000 - 0x000007feeb9c9000 	C:\Program Files (x86)\Internet Download Manager\IDMShellExt64.dll
0x000007fee9410000 - 0x000007fee948e000 	C:\Windows\System32\cscui.dll
0x000007feeb9b0000 - 0x000007feeb9bc000 	C:\Windows\System32\CSCDLL.dll
0x000007feeb790000 - 0x000007feeb79f000 	C:\Windows\system32\CSCAPI.dll
0x000007fee9390000 - 0x000007fee9410000 	C:\Windows\system32\ntshrui.dll
0x000007fefcc30000 - 0x000007fefcc53000 	C:\Windows\system32\srvcli.dll
0x000007fef9cc0000 - 0x000007fef9ccb000 	C:\Windows\system32\slc.dll
0x000007fee9350000 - 0x000007fee9385000 	C:\Program Files\Bitdefender\Bitdefender SafeBox\SafeBoxShell.dll
0x000007fefcf80000 - 0x000007fefcfa5000 	C:\Windows\system32\SspiCli.dll
0x0000000064780000 - 0x0000000064791000 	C:\Program Files\Java\jdk1.7.0_45\jre\bin\nio.dll
0x00000000644d0000 - 0x0000000064511000 	C:\Program Files\Java\jdk1.7.0_45\jre\bin\t2k.dll
0x000007fefc9b0000 - 0x000007fefc9c7000 	C:\Windows\system32\CRYPTSP.dll
0x000007fefc6b0000 - 0x000007fefc6f7000 	C:\Windows\system32\rsaenh.dll
0x000007fefc420000 - 0x000007fefc43e000 	C:\Windows\system32\USERENV.dll
0x000007fefd0e0000 - 0x000007fefd0ef000 	C:\Windows\system32\profapi.dll
0x000007fefb4f0000 - 0x000007fefb505000 	C:\Windows\system32\NLAapi.dll
0x000007feeb100000 - 0x000007feeb115000 	C:\Windows\system32\napinsp.dll
0x000007feeb0b0000 - 0x000007feeb0c9000 	C:\Windows\system32\pnrpnsp.dll
0x000007feeb0a0000 - 0x000007feeb0ab000 	C:\Windows\System32\winrnr.dll
0x000007fee5250000 - 0x000007fee5287000 	C:\Users\slashershot\AppData\Local\Temp\jna-slashershot\jna635910415559050154.dll
0x0000000064750000 - 0x0000000064779000 	C:\Users\slashershot\Desktop\NEE\libvlc.dll
0x0000000062af0000 - 0x0000000062d61000 	C:\Users\slashershot\Desktop\NEE\libvlccore.dll
0x0000000062a90000 - 0x0000000062ae6000 	C:\Users\slashershot\Desktop\NEE\plugins\access\libdshow_plugin.dll
0x0000000064620000 - 0x0000000064631000 	C:\Users\slashershot\Desktop\NEE\plugins\audio_output\libdirectsound_plugin.dll
0x00000000644b0000 - 0x00000000644c2000 	C:\Users\slashershot\Desktop\NEE\plugins\audio_output\libwaveout_plugin.dll
0x0000000062a70000 - 0x0000000062a8b000 	C:\Users\slashershot\Desktop\NEE\plugins\video_output\libdirectdraw_plugin.dll
0x000007fef91c0000 - 0x000007fef9260000 	C:\Windows\WinSxS\amd64_microsoft.windows.common-controls_6595b64144ccf1df_5.82.7601.18201_none_a4d3b9377117c3df\comctl32.dll
0x000007fefc0d0000 - 0x000007fefc0fd000 	C:\Windows\system32\ntmarta.dll
0x000007fefda60000 - 0x000007fefdab2000 	C:\Windows\system32\WLDAP32.dll
0x000007fee1a90000 - 0x000007fee1c2c000 	C:\Windows\system32\NetworkExplorer.dll
0x000007fee90d0000 - 0x000007fee9104000 	C:\Windows\System32\shdocvw.dll
0x000007fefb740000 - 0x000007fefb758000 	C:\Windows\system32\MPR.dll
0x000007feeb3b0000 - 0x000007feeb3ba000 	C:\Windows\System32\drprov.dll
0x000007fefc4f0000 - 0x000007fefc52d000 	C:\Windows\System32\WINSTA.dll
0x000007fee5c80000 - 0x000007fee5ca2000 	C:\Windows\System32\ntlanman.dll
0x000007fee4a70000 - 0x000007fee4a8d000 	C:\Windows\System32\davclnt.dll
0x000007feeb2d0000 - 0x000007feeb2da000 	C:\Windows\System32\DAVHLPR.dll
0x000007fefbda0000 - 0x000007fefbdb5000 	C:\Windows\system32\wkscli.dll
0x000007fefbdc0000 - 0x000007fefbdcc000 	C:\Windows\system32\netutils.dll
0x000007fed8a60000 - 0x000007fed8cd1000 	C:\Windows\system32\wpdshext.dll
0x000007fefa620000 - 0x000007fefa836000 	C:\Windows\WinSxS\amd64_microsoft.windows.gdiplus_6595b64144ccf1df_1.1.7601.18120_none_2b25b14c71ebf230\gdiplus.dll
0x000007feeb2f0000 - 0x000007feeb3ad000 	C:\Windows\system32\PortableDeviceApi.dll
0x000007fee4aa0000 - 0x000007fee4ac7000 	C:\Windows\system32\EhStorAPI.dll
0x000007feeb7c0000 - 0x000007feeb7cc000 	C:\Windows\system32\LINKINFO.dll
0x0000000064dc0000 - 0x0000000064dc7000 	C:\Program Files\Java\jdk1.7.0_45\jre\bin\jawt.dll
0x000000005fd80000 - 0x000000005ffc4000 	C:\Users\slashershot\Desktop\NEE\plugins\access\liblibbluray_plugin.dll
0x0000000062a40000 - 0x0000000062a64000 	C:\Users\slashershot\Desktop\NEE\plugins\access\libaccess_bd_plugin.dll
0x00000000629f0000 - 0x0000000062a3b000 	C:\Users\slashershot\Desktop\NEE\plugins\access\libdvdnav_plugin.dll
0x0000000061fc0000 - 0x0000000061fde000 	C:\Users\slashershot\Desktop\NEE\plugins\access\libaccess_vdr_plugin.dll
0x0000000061fa0000 - 0x0000000061fb7000 	C:\Users\slashershot\Desktop\NEE\plugins\access\libfilesystem_plugin.dll
0x0000000061f80000 - 0x0000000061f9a000 	C:\Users\slashershot\Desktop\NEE\plugins\stream_filter\libsmooth_plugin.dll
0x0000000061d00000 - 0x0000000061d9e000 	C:\Users\slashershot\Desktop\NEE\plugins\stream_filter\libhttplive_plugin.dll
0x0000000061c00000 - 0x0000000061cf1000 	C:\Users\slashershot\Desktop\NEE\plugins\stream_filter\libdash_plugin.dll
0x0000000061f50000 - 0x0000000061f78000 	C:\Users\slashershot\Desktop\NEE\plugins\access\libzip_plugin.dll
0x0000000061b40000 - 0x0000000061b55000 	C:\Users\slashershot\Desktop\NEE\plugins\access\libstream_filter_rar_plugin.dll
0x0000000064740000 - 0x000000006474e000 	C:\Users\slashershot\Desktop\NEE\plugins\stream_filter\librecord_plugin.dll
0x0000000061b00000 - 0x0000000061b37000 	C:\Users\slashershot\Desktop\NEE\plugins\demux\libmp4_plugin.dll
0x0000000060290000 - 0x00000000602ec000 	C:\Users\slashershot\Desktop\NEE\plugins\codec\libpng_plugin.dll
0x0000000064610000 - 0x000000006461f000 	C:\Users\slashershot\Desktop\NEE\plugins\codec\libcdg_plugin.dll
0x0000000060070000 - 0x00000000601e7000 	C:\Users\slashershot\Desktop\NEE\plugins\codec\libschroedinger_plugin.dll
0x00000000644a0000 - 0x00000000644b0000 	C:\Users\slashershot\Desktop\NEE\plugins\codec\libdts_plugin.dll
0x0000000060230000 - 0x000000006028a000 	C:\Users\slashershot\Desktop\NEE\plugins\codec\libtheora_plugin.dll
0x0000000060000000 - 0x000000006006d000 	C:\Users\slashershot\Desktop\NEE\plugins\codec\libfaad_plugin.dll

VM Arguments:
jvm_args: -Dfile.encoding=Cp1252 
java_command: ui.LoginFrame
Launcher Type: SUN_STANDARD

Environment Variables:
PATH=C:\Windows\system32;C:\Program Files (x86)\NVIDIA Corporation\PhysX\Common;C:\Windows;C:\Windows\System32\Wbem;C:\Windows\System32\WindowsPowerShell\v1.0\;C:\Program Files\OpenVPN\bin;C:\Program Files (x86)\Common Files\Acronis\SnapAPI\;C:\strawberry\c\bin;C:\strawberry\perl\site\bin;C:\strawberry\perl\bin;C:\Windows\system32\WindowsPowerShell\v1.0\;C:\Program Files (x86)\NVIDIA Corporation\PhysX\Common;C:\Windows\system32;C:\Windows;C:\Windows\System32\Wbem;C:\Windows\System32\WindowsPowerShell\v1.0\;C:\Python27;
USERNAME=slashershot
OS=Windows_NT
PROCESSOR_IDENTIFIER=Intel64 Family 6 Model 58 Stepping 9, GenuineIntel



---------------  S Y S T E M  ---------------

OS: Windows 7 , 64 bit Build 7601 Service Pack 1

CPU:total 8 (4 cores per cpu, 2 threads per core) family 6 model 58 stepping 9, cmov, cx8, fxsr, mmx, sse, sse2, sse3, ssse3, sse4.1, sse4.2, popcnt, avx, aes, erms, ht, tsc, tscinvbit, tscinv

Memory: 4k page, physical 33497616k(23454868k free), swap 66993368k(53927948k free)

vm_info: Java HotSpot(TM) 64-Bit Server VM (24.45-b08) for windows-amd64 JRE (1.7.0_45-b18), built on Oct  8 2013 05:47:22 by "java_re" with unknown MS VC++:1600

time: Mon Feb 10 19:17:22 2014
elapsed time: 7 seconds

