#
# A fatal error has been detected by the Java Runtime Environment:
#
#  EXCEPTION_ACCESS_VIOLATION (0xc0000005) at pc=0x000000007737e4e4, pid=652, tid=5760
#
# JRE version: Java(TM) SE Runtime Environment (7.0_45-b18) (build 1.7.0_45-b18)
# Java VM: Java HotSpot(TM) 64-Bit Server VM (24.45-b08 mixed mode windows-amd64 compressed oops)
# Problematic frame:
# C  [ntdll.dll+0x4e4e4]
#
# Failed to write core dump. Minidumps are not enabled by default on client versions of Windows
#
# If you would like to submit a bug report, please visit:
#   http://bugreport.sun.com/bugreport/crash.jsp
# The crash happened outside the Java Virtual Machine in native code.
# See problematic frame for where to report the bug.
#

---------------  T H R E A D  ---------------

Current thread (0x0000000020dac000):  JavaThread "pool-2-thread-1" [_thread_in_native, id=5760, stack(0x00000000226f0000,0x00000000227f0000)]

siginfo: ExceptionCode=0xc0000005, writing address 0x0000000000000024

Registers:
RAX=0x0000000000000000, RBX=0x00000000003f4bb8, RCX=0x00000000fffffffc, RDX=0x0000000000000620
RSP=0x00000000227ee360, RBP=0x0000000000000000, RSI=0x0000000000000620, RDI=0x0000000000000000
R8 =0x00000000227ee318, R9 =0x0000000000000004, R10=0x0000000000000000, R11=0x0000000000000246
R12=0x0000000000000000, R13=0x0000000000000000, R14=0x000007fffff74000, R15=0x0000000000000000
RIP=0x000000007737e4e4, EFLAGS=0x0000000000010213

Top of Stack: (sp=0x00000000227ee360)
0x00000000227ee360:   00000000000003d8 0000000000000620
0x00000000227ee370:   00000000227ee508 0000000020dac1e8
0x00000000227ee380:   000000005992be28 0000000018dc3fd0
0x00000000227ee390:   0000000020d0d060 0000000062b3b5a0
0x00000000227ee3a0:   0000000000000000 000000005945eca5
0x00000000227ee3b0:   000000001a174638 0000000020dac000
0x00000000227ee3c0:   0000000000449090 0000000000000000
0x00000000227ee3d0:   00000000647077f1 0000000062a85398
0x00000000227ee3e0:   0000000020dac000 00000000227eec68
0x00000000227ee3f0:   0000000000000004 0000000000000001
0x00000000227ee400:   00000000ff000000 000000007737e40b
0x00000000227ee410:   0000000000000000 0000000000000000
0x00000000227ee420:   00000005fbfd0c38 00000000003f4bb8
0x00000000227ee430:   00000000003f4b40 00000000646f9935
0x00000000227ee440:   00000000227ee500 00000000003f4bb0
0x00000000227ee450:   00000000025063f0 0000000020dac000 

Instructions: (pc=0x000000007737e4e4)
0x000000007737e4c4:   0f b1 4b 08 0f 85 9b 47 fd ff 48 8b 03 4c 89 ac
0x000000007737e4d4:   24 c0 00 00 00 33 ed 45 33 ed 48 83 f8 ff 74 03
0x000000007737e4e4:   ff 40 24 ba 22 17 00 00 48 8d 3d 9d 8f 0e 00 80
0x000000007737e4f4:   3c 25 82 03 fe 7f 00 0f 85 b3 bd 01 00 48 83 fe 


Register to memory mapping:

RAX=0x0000000000000000 is an unknown value
RBX=0x00000000003f4bb8 is an unknown value
RCX=0x00000000fffffffc is an unknown value
RDX=0x0000000000000620 is an unknown value
RSP=0x00000000227ee360 is pointing into the stack for thread: 0x0000000020dac000
RBP=0x0000000000000000 is an unknown value
RSI=0x0000000000000620 is an unknown value
RDI=0x0000000000000000 is an unknown value
R8 =0x00000000227ee318 is pointing into the stack for thread: 0x0000000020dac000
R9 =0x0000000000000004 is an unknown value
R10=0x0000000000000000 is an unknown value
R11=0x0000000000000246 is an unknown value
R12=0x0000000000000000 is an unknown value
R13=0x0000000000000000 is an unknown value
R14=0x000007fffff74000 is an unknown value
R15=0x0000000000000000 is an unknown value


Stack: [0x00000000226f0000,0x00000000227f0000],  sp=0x00000000227ee360,  free space=1016k
Native frames: (J=compiled Java code, j=interpreted, Vv=VM code, C=native code)
C  [ntdll.dll+0x4e4e4]

[error occurred during error reporting (printing native stack), id 0xc0000005]

Java frames: (J=compiled Java code, j=interpreted, Vv=VM code)
j  com.sun.jna.Native.invokeLong(JI[Ljava/lang/Object;)J+0
j  com.sun.jna.Function.invoke([Ljava/lang/Object;Ljava/lang/Class;Z)Ljava/lang/Object;+389
j  com.sun.jna.Function.invoke(Ljava/lang/Class;[Ljava/lang/Object;Ljava/util/Map;)Ljava/lang/Object;+214
j  com.sun.jna.Library$Handler.invoke(Ljava/lang/Object;Ljava/lang/reflect/Method;[Ljava/lang/Object;)Ljava/lang/Object;+341
j  com.sun.proxy.$Proxy0.libvlc_media_player_get_time(Luk/co/caprica/vlcj/binding/internal/libvlc_media_player_t;)J+16
j  uk.co.caprica.vlcj.player.DefaultMediaPlayer.getTime()J+17
j  ui.PlayerControlsPanel$UpdateRunnable.run()V+4
j  java.util.concurrent.Executors$RunnableAdapter.call()Ljava/lang/Object;+4
j  java.util.concurrent.FutureTask.runAndReset()Z+47
j  java.util.concurrent.ScheduledThreadPoolExecutor$ScheduledFutureTask.access$301(Ljava/util/concurrent/ScheduledThreadPoolExecutor$ScheduledFutureTask;)Z+1
j  java.util.concurrent.ScheduledThreadPoolExecutor$ScheduledFutureTask.run()V+37
j  java.util.concurrent.ThreadPoolExecutor.runWorker(Ljava/util/concurrent/ThreadPoolExecutor$Worker;)V+95
j  java.util.concurrent.ThreadPoolExecutor$Worker.run()V+5
j  java.lang.Thread.run()V+11
v  ~StubRoutines::call_stub

---------------  P R O C E S S  ---------------

Java Threads: ( => current thread )
  0x0000000020e1d000 JavaThread "TimerQueue" daemon [_thread_blocked, id=7964, stack(0x000000001e420000,0x000000001e520000)]
  0x0000000020e1d800 JavaThread "D3D Screen Updater" daemon [_thread_blocked, id=8444, stack(0x0000000023d90000,0x0000000023e90000)]
=>0x0000000020dac000 JavaThread "pool-2-thread-1" [_thread_in_native, id=5760, stack(0x00000000226f0000,0x00000000227f0000)]
  0x0000000020b7c800 JavaThread "Swing-Shell" daemon [_thread_blocked, id=7540, stack(0x00000000210f0000,0x00000000211f0000)]
  0x00000000021ce800 JavaThread "DestroyJavaVM" [_thread_blocked, id=7904, stack(0x0000000002400000,0x0000000002500000)]
  0x000000001a0f6000 JavaThread "AWT-EventQueue-0" [_thread_blocked, id=10428, stack(0x000000001c0b0000,0x000000001c1b0000)]
  0x000000001a0f3000 JavaThread "AWT-Windows" daemon [_thread_in_native, id=11036, stack(0x000000001bf60000,0x000000001c060000)]
  0x000000001a0f0000 JavaThread "AWT-Shutdown" [_thread_blocked, id=8944, stack(0x000000001bd60000,0x000000001be60000)]
  0x000000001a0ef800 JavaThread "Java2D Disposer" daemon [_thread_blocked, id=10296, stack(0x000000001b9b0000,0x000000001bab0000)]
  0x0000000019f49000 JavaThread "Service Thread" daemon [_thread_blocked, id=6332, stack(0x000000001b2b0000,0x000000001b3b0000)]
  0x0000000018fba800 JavaThread "C2 CompilerThread1" daemon [_thread_blocked, id=11196, stack(0x000000001b8b0000,0x000000001b9b0000)]
  0x0000000018fb7000 JavaThread "C2 CompilerThread0" daemon [_thread_blocked, id=9576, stack(0x000000001b660000,0x000000001b760000)]
  0x0000000018fb2800 JavaThread "Attach Listener" daemon [_thread_blocked, id=6084, stack(0x000000001b500000,0x000000001b600000)]
  0x0000000018fb1800 JavaThread "Signal Dispatcher" daemon [_thread_blocked, id=7760, stack(0x000000001b3c0000,0x000000001b4c0000)]
  0x00000000022cc800 JavaThread "Finalizer" daemon [_thread_blocked, id=10612, stack(0x000000001b010000,0x000000001b110000)]
  0x00000000022c4000 JavaThread "Reference Handler" daemon [_thread_blocked, id=5168, stack(0x000000001b180000,0x000000001b280000)]

Other Threads:
  0x0000000018f9c800 VMThread [stack: 0x000000001aed0000,0x000000001afd0000] [id=9580]
  0x0000000019f5a000 WatcherThread [stack: 0x000000001bab0000,0x000000001bbb0000] [id=3268]

VM state:not at safepoint (normal execution)

VM Mutex/Monitor currently owned by a thread: None

Heap
 PSYoungGen      total 153088K, used 29009K [0x0000000755900000, 0x0000000760380000, 0x0000000800000000)
  eden space 131584K, 19% used [0x0000000755900000,0x0000000757230740,0x000000075d980000)
  from space 21504K, 14% used [0x000000075d980000,0x000000075dca3e28,0x000000075ee80000)
  to   space 21504K, 0% used [0x000000075ee80000,0x000000075ee80000,0x0000000760380000)
 ParOldGen       total 348672K, used 8K [0x0000000600c00000, 0x0000000616080000, 0x0000000755900000)
  object space 348672K, 0% used [0x0000000600c00000,0x0000000600c02000,0x0000000616080000)
 PSPermGen       total 21504K, used 14190K [0x00000005fba00000, 0x00000005fcf00000, 0x0000000600c00000)
  object space 21504K, 65% used [0x00000005fba00000,0x00000005fc7dbac8,0x00000005fcf00000)

Card table byte_map: [0x0000000005500000,0x0000000006530000] byte_map_base: 0x0000000002523000

Polling page: 0x0000000000230000

Code Cache  [0x0000000002500000, 0x0000000002770000, 0x0000000005500000)
 total_blobs=578 nmethods=109 adapters=421 free_code_cache=48436Kb largest_free_block=49565568

Compilation events (10 events):
Event: 4.683 Thread 0x0000000018fba800 nmethod 107 0x00000000025b0650 code [0x00000000025b07c0, 0x00000000025b08f0]
Event: 4.683 Thread 0x0000000018fb7000 nmethod 108 0x00000000025acc10 code [0x00000000025acd80, 0x00000000025aced0]
Event: 4.816 Thread 0x0000000018fba800  109             java.awt.AWTEvent::getID (5 bytes)
Event: 4.816 Thread 0x0000000018fba800 nmethod 109 0x00000000025b1c50 code [0x00000000025b1d80, 0x00000000025b1dd8]
Event: 5.109 Thread 0x0000000018fb7000  110             java.util.ArrayList$Itr::checkForComodification (23 bytes)
Event: 5.110 Thread 0x0000000018fba800  111             java.util.ArrayList::access$200 (5 bytes)
Event: 5.110 Thread 0x0000000018fb7000 nmethod 110 0x00000000025ac990 code [0x00000000025acac0, 0x00000000025acb58]
Event: 5.110 Thread 0x0000000018fb7000  112             java.util.ArrayList$Itr::next (66 bytes)
Event: 5.110 Thread 0x0000000018fba800 nmethod 111 0x00000000025ac790 code [0x00000000025ac8c0, 0x00000000025ac918]
Event: 5.110 Thread 0x0000000018fb7000 nmethod 112 0x00000000025ac410 code [0x00000000025ac560, 0x00000000025ac658]

GC Heap History (2 events):
Event: 2.711 GC heap before
{Heap before GC invocations=1 (full 0):
 PSYoungGen      total 153088K, used 131584K [0x0000000755900000, 0x0000000760380000, 0x0000000800000000)
  eden space 131584K, 100% used [0x0000000755900000,0x000000075d980000,0x000000075d980000)
  from space 21504K, 0% used [0x000000075ee80000,0x000000075ee80000,0x0000000760380000)
  to   space 21504K, 0% used [0x000000075d980000,0x000000075d980000,0x000000075ee80000)
 ParOldGen       total 348672K, used 0K [0x0000000600c00000, 0x0000000616080000, 0x0000000755900000)
  object space 348672K, 0% used [0x0000000600c00000,0x0000000600c00000,0x0000000616080000)
 PSPermGen       total 21504K, used 14169K [0x00000005fba00000, 0x00000005fcf00000, 0x0000000600c00000)
  object space 21504K, 65% used [0x00000005fba00000,0x00000005fc7d6420,0x00000005fcf00000)
Event: 2.718 GC heap after
Heap after GC invocations=1 (full 0):
 PSYoungGen      total 153088K, used 3215K [0x0000000755900000, 0x0000000760380000, 0x0000000800000000)
  eden space 131584K, 0% used [0x0000000755900000,0x0000000755900000,0x000000075d980000)
  from space 21504K, 14% used [0x000000075d980000,0x000000075dca3e28,0x000000075ee80000)
  to   space 21504K, 0% used [0x000000075ee80000,0x000000075ee80000,0x0000000760380000)
 ParOldGen       total 348672K, used 8K [0x0000000600c00000, 0x0000000616080000, 0x0000000755900000)
  object space 348672K, 0% used [0x0000000600c00000,0x0000000600c02000,0x0000000616080000)
 PSPermGen       total 21504K, used 14169K [0x00000005fba00000, 0x00000005fcf00000, 0x0000000600c00000)
  object space 21504K, 65% used [0x00000005fba00000,0x00000005fc7d6420,0x00000005fcf00000)
}

Deoptimization events (10 events):
Event: 0.290 Thread 0x000000001a0f6000 Uncommon trap: reason=class_check action=maybe_recompile pc=0x000000000256fd50 method=java.util.Properties$LineReader.readLine()I @ 62
Event: 0.290 Thread 0x000000001a0f6000 Uncommon trap: reason=class_check action=maybe_recompile pc=0x000000000256fd50 method=java.util.Properties$LineReader.readLine()I @ 62
Event: 0.291 Thread 0x000000001a0f6000 Uncommon trap: reason=bimorphic action=maybe_recompile pc=0x000000000257e3ec method=java.util.HashMap.getEntry(Ljava/lang/Object;)Ljava/util/HashMap$Entry; @ 68
Event: 0.292 Thread 0x000000001a0f6000 Uncommon trap: reason=bimorphic action=maybe_recompile pc=0x000000000257e3ec method=java.util.HashMap.getEntry(Ljava/lang/Object;)Ljava/util/HashMap$Entry; @ 68
Event: 0.293 Thread 0x000000001a0f6000 Uncommon trap: reason=bimorphic action=maybe_recompile pc=0x0000000002578114 method=java.util.HashMap.getEntry(Ljava/lang/Object;)Ljava/util/HashMap$Entry; @ 68
Event: 0.493 Thread 0x000000001a0f6000 Uncommon trap: reason=unloaded action=reinterpret pc=0x0000000002579eb0 method=java.lang.CharacterData.of(I)Ljava/lang/CharacterData; @ 96
Event: 0.572 Thread 0x000000001a0f6000 Uncommon trap: reason=class_check action=maybe_recompile pc=0x0000000002572d88 method=java.lang.String.equals(Ljava/lang/Object;)Z @ 8
Event: 0.573 Thread 0x000000001a0f6000 Uncommon trap: reason=class_check action=maybe_recompile pc=0x0000000002572d88 method=java.lang.String.equals(Ljava/lang/Object;)Z @ 8
Event: 1.454 Thread 0x000000001a0f6000 Uncommon trap: reason=class_check action=maybe_recompile pc=0x0000000002572d88 method=java.lang.String.equals(Ljava/lang/Object;)Z @ 8
Event: 1.477 Thread 0x000000001a0f6000 Uncommon trap: reason=class_check action=maybe_recompile pc=0x0000000002572d88 method=java.lang.String.equals(Ljava/lang/Object;)Z @ 8

Internal exceptions (10 events):
Event: 0.596 Thread 0x0000000020e1d000 Threw 0x0000000757f9f828 at C:\re\jdk7u45\229\hotspot\src\share\vm\prims\jvm.cpp:1244
Event: 0.600 Thread 0x0000000020e1d000 Threw 0x0000000758231780 at C:\re\jdk7u45\229\hotspot\src\share\vm\prims\jvm.cpp:1244
Event: 0.602 Thread 0x0000000020e1d000 Threw 0x00000007584c36a0 at C:\re\jdk7u45\229\hotspot\src\share\vm\prims\jvm.cpp:1244
Event: 0.615 Thread 0x0000000020e1d000 Threw 0x0000000758f0b2e8 at C:\re\jdk7u45\229\hotspot\src\share\vm\prims\jvm.cpp:1244
Event: 0.628 Thread 0x0000000020e1d000 Threw 0x00000007591ce0a8 at C:\re\jdk7u45\229\hotspot\src\share\vm\prims\jvm.cpp:1244
Event: 0.641 Thread 0x0000000020e1d000 Threw 0x0000000759955290 at C:\re\jdk7u45\229\hotspot\src\share\vm\prims\jvm.cpp:1244
Event: 0.645 Thread 0x0000000020e1d000 Threw 0x000000075a108cb8 at C:\re\jdk7u45\229\hotspot\src\share\vm\prims\jvm.cpp:1244
Event: 0.675 Thread 0x0000000020e1d000 Threw 0x000000075b306690 at C:\re\jdk7u45\229\hotspot\src\share\vm\prims\jvm.cpp:1244
Event: 0.910 Thread 0x0000000020e1d000 Threw 0x000000075b598618 at C:\re\jdk7u45\229\hotspot\src\share\vm\prims\jvm.cpp:1244
Event: 0.911 Thread 0x0000000020e1d000 Threw 0x000000075b82a508 at C:\re\jdk7u45\229\hotspot\src\share\vm\prims\jvm.cpp:1244

Events (10 events):
Event: 4.808 Thread 0x0000000020d67800 Thread added: 0x0000000020d67800
Event: 4.811 Thread 0x0000000020d67800 Thread exited: 0x0000000020d67800
Event: 4.811 Thread 0x0000000020d67800 Thread added: 0x0000000020d67800
Event: 4.812 Thread 0x0000000020d67800 Thread exited: 0x0000000020d67800
Event: 5.108 Thread 0x0000000020d67800 Thread added: 0x0000000020d67800
Event: 5.109 Thread 0x0000000020d67800 Thread exited: 0x0000000020d67800
Event: 5.109 Thread 0x0000000020d67800 Thread added: 0x0000000020d67800
Event: 5.110 Thread 0x0000000020d67800 Thread exited: 0x0000000020d67800
Event: 5.327 Thread 0x0000000020e1c000 Thread exited: 0x0000000020e1c000
Event: 5.547 Thread 0x00000000208b3000 Thread exited: 0x00000000208b3000


Dynamic libraries:
0x000000013fbd0000 - 0x000000013fc03000 	C:\Program Files\Java\jdk1.7.0_45\bin\javaw.exe
0x0000000077330000 - 0x00000000774d9000 	C:\Windows\SYSTEM32\ntdll.dll
0x0000000077110000 - 0x000000007722f000 	C:\Windows\system32\kernel32.dll
0x000007fefd3d0000 - 0x000007fefd43b000 	C:\Windows\system32\KERNELBASE.dll
0x0000000074be0000 - 0x0000000074c6b000 	C:\Program Files\Bitdefender\Bitdefender\Active Virus Control\Avc3_00226_008\avcuf64.dll
0x000007fefe2f0000 - 0x000007fefe3cb000 	C:\Windows\system32\ADVAPI32.dll
0x000007fefd510000 - 0x000007fefd5af000 	C:\Windows\system32\msvcrt.dll
0x000007fefdde0000 - 0x000007fefddff000 	C:\Windows\SYSTEM32\sechost.dll
0x000007fefe450000 - 0x000007fefe57d000 	C:\Windows\system32\RPCRT4.dll
0x0000000077230000 - 0x000000007732a000 	C:\Windows\system32\USER32.dll
0x000007fefd5b0000 - 0x000007fefd617000 	C:\Windows\system32\GDI32.dll
0x000007fefe290000 - 0x000007fefe29e000 	C:\Windows\system32\LPK.dll
0x000007feff550000 - 0x000007feff619000 	C:\Windows\system32\USP10.dll
0x000007fefacc0000 - 0x000007fefaeb4000 	C:\Windows\WinSxS\amd64_microsoft.windows.common-controls_6595b64144ccf1df_6.0.7601.17514_none_fa396087175ac9ac\COMCTL32.dll
0x000007fefd9e0000 - 0x000007fefda51000 	C:\Windows\system32\SHLWAPI.dll
0x000007fefd620000 - 0x000007fefd64e000 	C:\Windows\system32\IMM32.DLL
0x000007fefdcd0000 - 0x000007fefddd9000 	C:\Windows\system32\MSCTF.dll
0x0000000062e30000 - 0x0000000062f02000 	C:\Program Files\Java\jdk1.7.0_45\jre\bin\msvcr100.dll
0x00000000593c0000 - 0x0000000059b89000 	C:\Program Files\Java\jdk1.7.0_45\jre\bin\server\jvm.dll
0x000007fefa200000 - 0x000007fefa209000 	C:\Windows\system32\WSOCK32.dll
0x000007fefe2a0000 - 0x000007fefe2ed000 	C:\Windows\system32\WS2_32.dll
0x000007fefdc20000 - 0x000007fefdc28000 	C:\Windows\system32\NSI.dll
0x000007fefc330000 - 0x000007fefc36b000 	C:\Windows\system32\WINMM.dll
0x0000000077500000 - 0x0000000077507000 	C:\Windows\system32\PSAPI.DLL
0x0000000064e10000 - 0x0000000064e1f000 	C:\Program Files\Java\jdk1.7.0_45\jre\bin\verify.dll
0x0000000064de0000 - 0x0000000064e08000 	C:\Program Files\Java\jdk1.7.0_45\jre\bin\java.dll
0x0000000064dc0000 - 0x0000000064dd5000 	C:\Program Files\Java\jdk1.7.0_45\jre\bin\zip.dll
0x0000000062c90000 - 0x0000000062e25000 	C:\Program Files\Java\jdk1.7.0_45\jre\bin\awt.dll
0x000007fefd650000 - 0x000007fefd727000 	C:\Windows\system32\OLEAUT32.dll
0x000007fefd7d0000 - 0x000007fefd9d3000 	C:\Windows\system32\ole32.dll
0x000007fefa840000 - 0x000007fefa896000 	C:\Windows\system32\uxtheme.dll
0x0000000180000000 - 0x0000000180052000 	C:\Program Files (x86)\DisplayFusion\Hooks\AppHookWIN6064_334FFADA-7968-4296-BAE9-805937E5F1FB.dll
0x000007fefe580000 - 0x000007feff308000 	C:\Windows\system32\SHELL32.dll
0x000007fefa470000 - 0x000007fefa488000 	C:\Windows\system32\dwmapi.dll
0x000007fefd010000 - 0x000007fefd01f000 	C:\Windows\system32\CRYPTBASE.dll
0x000007fef4400000 - 0x000007fef45ff000 	C:\Windows\system32\d3d9.dll
0x000007fefc2c0000 - 0x000007fefc2cc000 	C:\Windows\system32\VERSION.dll
0x000007fef43f0000 - 0x000007fef43f7000 	C:\Windows\system32\d3d8thk.dll
0x000007fede260000 - 0x000007fedf3b4000 	C:\Windows\system32\nvd3dumx.dll
0x000007fefabb0000 - 0x000007fefabdc000 	C:\Windows\system32\powrprof.dll
0x000007fefde00000 - 0x000007fefdfd7000 	C:\Windows\system32\SETUPAPI.dll
0x000007fefd390000 - 0x000007fefd3c6000 	C:\Windows\system32\CFGMGR32.dll
0x000007fefd1d0000 - 0x000007fefd1ea000 	C:\Windows\system32\DEVOBJ.dll
0x000007fedb790000 - 0x000007fedb8f2000 	C:\Program Files (x86)\NVIDIA Corporation\3D Vision\nvSCPAPI64.dll
0x000000001d6c0000 - 0x000000001d7ce000 	C:\Windows\system32\nvspcap64.dll
0x000007fef8e80000 - 0x000007fef9194000 	C:\Windows\system32\nvapi64.dll
0x000007fefd190000 - 0x000007fefd1ca000 	C:\Windows\system32\WINTRUST.dll
0x000007fefd200000 - 0x000007fefd36c000 	C:\Windows\system32\CRYPT32.dll
0x000007fefd180000 - 0x000007fefd18f000 	C:\Windows\system32\MSASN1.dll
0x000007fefc9b0000 - 0x000007fefc9c7000 	C:\Windows\system32\CRYPTSP.dll
0x000007fefc6b0000 - 0x000007fefc6f7000 	C:\Windows\system32\rsaenh.dll
0x000007fefc420000 - 0x000007fefc43e000 	C:\Windows\system32\USERENV.dll
0x000007fefd0e0000 - 0x000007fefd0ef000 	C:\Windows\system32\profapi.dll
0x0000000064780000 - 0x0000000064799000 	C:\Program Files\Java\jdk1.7.0_45\jre\bin\net.dll
0x000007fefc950000 - 0x000007fefc9a5000 	C:\Windows\system32\mswsock.dll
0x000007fefc940000 - 0x000007fefc947000 	C:\Windows\System32\wship6.dll
0x000007fefb4f0000 - 0x000007fefb505000 	C:\Windows\system32\NLAapi.dll
0x000007feeb100000 - 0x000007feeb115000 	C:\Windows\system32\napinsp.dll
0x000007feeb0b0000 - 0x000007feeb0c9000 	C:\Windows\system32\pnrpnsp.dll
0x000007fefc7d0000 - 0x000007fefc82b000 	C:\Windows\system32\DNSAPI.dll
0x000007feeb0a0000 - 0x000007feeb0ab000 	C:\Windows\System32\winrnr.dll
0x000007fefba90000 - 0x000007fefba97000 	C:\Windows\System32\wshtcpip.dll
0x000007fefc3a0000 - 0x000007fefc3c7000 	C:\Windows\system32\IPHLPAPI.DLL
0x000007fefc390000 - 0x000007fefc39b000 	C:\Windows\system32\WINNSI.DLL
0x000007feeb7b0000 - 0x000007feeb7b8000 	C:\Windows\system32\rasadhlp.dll
0x000007fef9940000 - 0x000007fef9993000 	C:\Windows\System32\fwpuclnt.dll
0x00000000647a0000 - 0x00000000647b1000 	C:\Program Files\Java\jdk1.7.0_45\jre\bin\nio.dll
0x000007fee5230000 - 0x000007fee5267000 	C:\Users\slashershot\AppData\Local\Temp\jna-slashershot\jna5375734468828052856.dll
0x00000000646f0000 - 0x0000000064719000 	C:\Users\slashershot\Desktop\NEE\libvlc.dll
0x0000000062a10000 - 0x0000000062c81000 	C:\Users\slashershot\Desktop\NEE\libvlccore.dll
0x0000000064690000 - 0x00000000646e6000 	C:\Users\slashershot\Desktop\NEE\plugins\access\libdshow_plugin.dll
0x0000000064760000 - 0x0000000064771000 	C:\Users\slashershot\Desktop\NEE\plugins\audio_output\libdirectsound_plugin.dll
0x0000000064740000 - 0x0000000064752000 	C:\Users\slashershot\Desktop\NEE\plugins\audio_output\libwaveout_plugin.dll
0x0000000064670000 - 0x000000006468b000 	C:\Users\slashershot\Desktop\NEE\plugins\video_output\libdirectdraw_plugin.dll
0x000007fef91c0000 - 0x000007fef9260000 	C:\Windows\WinSxS\amd64_microsoft.windows.common-controls_6595b64144ccf1df_5.82.7601.18201_none_a4d3b9377117c3df\comctl32.dll
0x0000000064620000 - 0x0000000064666000 	C:\Program Files\Java\jdk1.7.0_45\jre\bin\fontmanager.dll
0x0000000064520000 - 0x0000000064561000 	C:\Program Files\Java\jdk1.7.0_45\jre\bin\t2k.dll
0x000007fefdc30000 - 0x000007fefdcc9000 	C:\Windows\system32\CLBCatQ.DLL
0x000007fefa8a0000 - 0x000007fefa9cc000 	C:\Windows\system32\propsys.dll
0x000007fefc0d0000 - 0x000007fefc0fd000 	C:\Windows\system32\ntmarta.dll
0x000007fefda60000 - 0x000007fefdab2000 	C:\Windows\system32\WLDAP32.dll
0x000007fefcfb0000 - 0x000007fefd007000 	C:\Windows\system32\apphelp.dll
0x000007fee1a90000 - 0x000007fee1c2c000 	C:\Windows\system32\NetworkExplorer.dll
0x000007fee90d0000 - 0x000007fee9104000 	C:\Windows\System32\shdocvw.dll
0x000007fef9cc0000 - 0x000007fef9ccb000 	C:\Windows\system32\slc.dll
0x000007fefb740000 - 0x000007fefb758000 	C:\Windows\system32\MPR.dll
0x000007feeb3b0000 - 0x000007feeb3ba000 	C:\Windows\System32\drprov.dll
0x000007fefc4f0000 - 0x000007fefc52d000 	C:\Windows\System32\WINSTA.dll
0x000007fee5c80000 - 0x000007fee5ca2000 	C:\Windows\System32\ntlanman.dll
0x000007fee4a70000 - 0x000007fee4a8d000 	C:\Windows\System32\davclnt.dll
0x000007feeb2d0000 - 0x000007feeb2da000 	C:\Windows\System32\DAVHLPR.dll
0x000007fefbda0000 - 0x000007fefbdb5000 	C:\Windows\system32\wkscli.dll
0x000007feeb790000 - 0x000007feeb79f000 	C:\Windows\system32\cscapi.dll
0x000007fefbdc0000 - 0x000007fefbdcc000 	C:\Windows\system32\netutils.dll
0x000007fed8a60000 - 0x000007fed8cd1000 	C:\Windows\system32\wpdshext.dll
0x000007fefa620000 - 0x000007fefa836000 	C:\Windows\WinSxS\amd64_microsoft.windows.gdiplus_6595b64144ccf1df_1.1.7601.18120_none_2b25b14c71ebf230\gdiplus.dll
0x000007feeb2f0000 - 0x000007feeb3ad000 	C:\Windows\system32\PortableDeviceApi.dll
0x000007feede60000 - 0x000007feede95000 	C:\Windows\system32\EhStorShell.dll
0x000007fee4aa0000 - 0x000007fee4ac7000 	C:\Windows\system32\EhStorAPI.dll
0x000007feeb7c0000 - 0x000007feeb7cc000 	C:\Windows\system32\LINKINFO.dll
0x00000000655a0000 - 0x00000000655a7000 	C:\Program Files\Java\jdk1.7.0_45\jre\bin\jawt.dll
0x000000005fa50000 - 0x000000005fc94000 	C:\Users\slashershot\Desktop\NEE\plugins\access\liblibbluray_plugin.dll
0x00000000644f0000 - 0x0000000064514000 	C:\Users\slashershot\Desktop\NEE\plugins\access\libaccess_bd_plugin.dll
0x00000000644a0000 - 0x00000000644eb000 	C:\Users\slashershot\Desktop\NEE\plugins\access\libdvdnav_plugin.dll
0x00000000629f0000 - 0x0000000062a0e000 	C:\Users\slashershot\Desktop\NEE\plugins\access\libaccess_vdr_plugin.dll
0x0000000061fc0000 - 0x0000000061fd7000 	C:\Users\slashershot\Desktop\NEE\plugins\access\libfilesystem_plugin.dll
0x0000000061fa0000 - 0x0000000061fba000 	C:\Users\slashershot\Desktop\NEE\plugins\stream_filter\libsmooth_plugin.dll
0x0000000061c60000 - 0x0000000061cfe000 	C:\Users\slashershot\Desktop\NEE\plugins\stream_filter\libhttplive_plugin.dll
0x00000000600f0000 - 0x00000000601e1000 	C:\Users\slashershot\Desktop\NEE\plugins\stream_filter\libdash_plugin.dll
0x0000000061f40000 - 0x0000000061f68000 	C:\Users\slashershot\Desktop\NEE\plugins\access\libzip_plugin.dll
0x0000000061f80000 - 0x0000000061f95000 	C:\Users\slashershot\Desktop\NEE\plugins\access\libstream_filter_rar_plugin.dll
0x0000000064610000 - 0x000000006461e000 	C:\Users\slashershot\Desktop\NEE\plugins\stream_filter\librecord_plugin.dll
0x0000000061d60000 - 0x0000000061d97000 	C:\Users\slashershot\Desktop\NEE\plugins\demux\libmp4_plugin.dll
0x0000000061d00000 - 0x0000000061d5c000 	C:\Users\slashershot\Desktop\NEE\plugins\codec\libpng_plugin.dll
0x00000000629e0000 - 0x00000000629ef000 	C:\Users\slashershot\Desktop\NEE\plugins\codec\libcdg_plugin.dll
0x000000005fe50000 - 0x000000005ffc7000 	C:\Users\slashershot\Desktop\NEE\plugins\codec\libschroedinger_plugin.dll
0x0000000061f70000 - 0x0000000061f80000 	C:\Users\slashershot\Desktop\NEE\plugins\codec\libdts_plugin.dll
0x0000000061c00000 - 0x0000000061c5a000 	C:\Users\slashershot\Desktop\NEE\plugins\codec\libtheora_plugin.dll
0x0000000061af0000 - 0x0000000061b5d000 	C:\Users\slashershot\Desktop\NEE\plugins\codec\libfaad_plugin.dll
0x00000000602a0000 - 0x00000000602e1000 	C:\Users\slashershot\Desktop\NEE\plugins\codec\libflac_plugin.dll
0x0000000060e80000 - 0x0000000060e92000 	C:\Users\slashershot\Desktop\NEE\plugins\codec\libg711_plugin.dll
0x0000000060e70000 - 0x0000000060e7f000 	C:\Users\slashershot\Desktop\NEE\plugins\codec\libaes3_plugin.dll
0x000000005f700000 - 0x000000005f891000 	C:\Users\slashershot\Desktop\NEE\plugins\codec\liblibass_plugin.dll
0x0000000060260000 - 0x0000000060298000 	C:\Users\slashershot\Desktop\NEE\plugins\codec\libspeex_plugin.dll
0x0000000060250000 - 0x0000000060260000 	C:\Users\slashershot\Desktop\NEE\plugins\codec\liblpcm_plugin.dll
0x0000000060020000 - 0x00000000600ee000 	C:\Users\slashershot\Desktop\NEE\plugins\codec\libvorbis_plugin.dll
0x0000000060240000 - 0x000000006024f000 	C:\Users\slashershot\Desktop\NEE\plugins\codec\libmpeg_audio_plugin.dll
0x0000000060220000 - 0x0000000060232000 	C:\Users\slashershot\Desktop\NEE\plugins\codec\libaraw_plugin.dll

VM Arguments:
jvm_args: -Dfile.encoding=Cp1252 
java_command: ui.PlayVideoFrame
Launcher Type: SUN_STANDARD

Environment Variables:
PATH=C:\Windows\system32;C:\Program Files (x86)\NVIDIA Corporation\PhysX\Common;C:\Windows;C:\Windows\System32\Wbem;C:\Windows\System32\WindowsPowerShell\v1.0\;C:\Program Files\OpenVPN\bin;C:\Program Files (x86)\Common Files\Acronis\SnapAPI\;C:\strawberry\c\bin;C:\strawberry\perl\site\bin;C:\strawberry\perl\bin;C:\Windows\system32\WindowsPowerShell\v1.0\;C:\Program Files (x86)\NVIDIA Corporation\PhysX\Common;C:\Windows\system32;C:\Windows;C:\Windows\System32\Wbem;C:\Windows\System32\WindowsPowerShell\v1.0\;C:\Python27;
USERNAME=slashershot
OS=Windows_NT
PROCESSOR_IDENTIFIER=Intel64 Family 6 Model 58 Stepping 9, GenuineIntel



---------------  S Y S T E M  ---------------

OS: Windows 7 , 64 bit Build 7601 Service Pack 1

CPU:total 8 (4 cores per cpu, 2 threads per core) family 6 model 58 stepping 9, cmov, cx8, fxsr, mmx, sse, sse2, sse3, ssse3, sse4.1, sse4.2, popcnt, avx, aes, erms, ht, tsc, tscinvbit, tscinv

Memory: 4k page, physical 33497616k(23548868k free), swap 66993368k(55013448k free)

vm_info: Java HotSpot(TM) 64-Bit Server VM (24.45-b08) for windows-amd64 JRE (1.7.0_45-b18), built on Oct  8 2013 05:47:22 by "java_re" with unknown MS VC++:1600

time: Mon Feb 10 19:37:13 2014
elapsed time: 5 seconds

