#
# A fatal error has been detected by the Java Runtime Environment:
#
#  EXCEPTION_ACCESS_VIOLATION (0xc0000005) at pc=0x000000007737e4e4, pid=6288, tid=10408
#
# JRE version: Java(TM) SE Runtime Environment (7.0_45-b18) (build 1.7.0_45-b18)
# Java VM: Java HotSpot(TM) 64-Bit Server VM (24.45-b08 mixed mode windows-amd64 compressed oops)
# Problematic frame:
# C  [ntdll.dll+0x4e4e4]
#
# Failed to write core dump. Minidumps are not enabled by default on client versions of Windows
#
# If you would like to submit a bug report, please visit:
#   http://bugreport.sun.com/bugreport/crash.jsp
# The crash happened outside the Java Virtual Machine in native code.
# See problematic frame for where to report the bug.
#

---------------  T H R E A D  ---------------

Current thread (0x0000000020cdd000):  JavaThread "pool-2-thread-1" [_thread_in_native, id=10408, stack(0x0000000022930000,0x0000000022a30000)]

siginfo: ExceptionCode=0xc0000005, writing address 0x0000000000000024

Registers:
RAX=0x0000000000000000, RBX=0x00000000002a4bb8, RCX=0x00000000fffffffc, RDX=0x0000000000000620
RSP=0x0000000022a2e6e0, RBP=0x0000000000000000, RSI=0x0000000000000620, RDI=0x0000000000000000
R8 =0x0000000022a2e698, R9 =0x0000000000000004, R10=0x0000000000000000, R11=0x0000000000000246
R12=0x0000000000000000, R13=0x0000000000000000, R14=0x000007fffff76000, R15=0x0000000000000000
RIP=0x000000007737e4e4, EFLAGS=0x0000000000010213

Top of Stack: (sp=0x0000000022a2e6e0)
0x0000000022a2e6e0:   00000000000003d8 0000000000000620
0x0000000022a2e6f0:   0000000022a2e888 0000000020cdd1e8
0x0000000022a2e700:   000000005992be28 0000000018ed3fd0
0x0000000022a2e710:   0000000020db0880 0000000062b3b5a0
0x0000000022a2e720:   0000000000000000 000000005945eca5
0x0000000022a2e730:   000000001a176798 0000000020cdd000
0x0000000022a2e740:   00000000002f9090 0000000000000000
0x0000000022a2e750:   00000000647077f1 0000000062a85398
0x0000000022a2e760:   0000000020cdd000 0000000022a2efe8
0x0000000022a2e770:   0000000000000004 0000000000000001
0x0000000022a2e780:   00000000ff000000 000000007737e40b
0x0000000022a2e790:   0000000000000000 0000000000000000
0x0000000022a2e7a0:   00000005fbfd1228 00000000002a4bb8
0x0000000022a2e7b0:   00000000002a4b40 00000000646f9935
0x0000000022a2e7c0:   0000000022a2e880 00000000002a4bb0
0x0000000022a2e7d0:   00000000025563f0 0000000020cdd000 

Instructions: (pc=0x000000007737e4e4)
0x000000007737e4c4:   0f b1 4b 08 0f 85 9b 47 fd ff 48 8b 03 4c 89 ac
0x000000007737e4d4:   24 c0 00 00 00 33 ed 45 33 ed 48 83 f8 ff 74 03
0x000000007737e4e4:   ff 40 24 ba 22 17 00 00 48 8d 3d 9d 8f 0e 00 80
0x000000007737e4f4:   3c 25 82 03 fe 7f 00 0f 85 b3 bd 01 00 48 83 fe 


Register to memory mapping:

RAX=0x0000000000000000 is an unknown value
RBX=0x00000000002a4bb8 is an unknown value
RCX=0x00000000fffffffc is an unknown value
RDX=0x0000000000000620 is an unknown value
RSP=0x0000000022a2e6e0 is pointing into the stack for thread: 0x0000000020cdd000
RBP=0x0000000000000000 is an unknown value
RSI=0x0000000000000620 is an unknown value
RDI=0x0000000000000000 is an unknown value
R8 =0x0000000022a2e698 is pointing into the stack for thread: 0x0000000020cdd000
R9 =0x0000000000000004 is an unknown value
R10=0x0000000000000000 is an unknown value
R11=0x0000000000000246 is an unknown value
R12=0x0000000000000000 is an unknown value
R13=0x0000000000000000 is an unknown value
R14=0x000007fffff76000 is an unknown value
R15=0x0000000000000000 is an unknown value


Stack: [0x0000000022930000,0x0000000022a30000],  sp=0x0000000022a2e6e0,  free space=1017k
Native frames: (J=compiled Java code, j=interpreted, Vv=VM code, C=native code)
C  [ntdll.dll+0x4e4e4]

[error occurred during error reporting (printing native stack), id 0xc0000005]

Java frames: (J=compiled Java code, j=interpreted, Vv=VM code)
j  com.sun.jna.Native.invokeLong(JI[Ljava/lang/Object;)J+0
j  com.sun.jna.Function.invoke([Ljava/lang/Object;Ljava/lang/Class;Z)Ljava/lang/Object;+389
j  com.sun.jna.Function.invoke(Ljava/lang/Class;[Ljava/lang/Object;Ljava/util/Map;)Ljava/lang/Object;+214
j  com.sun.jna.Library$Handler.invoke(Ljava/lang/Object;Ljava/lang/reflect/Method;[Ljava/lang/Object;)Ljava/lang/Object;+341
j  com.sun.proxy.$Proxy0.libvlc_media_player_get_time(Luk/co/caprica/vlcj/binding/internal/libvlc_media_player_t;)J+16
j  uk.co.caprica.vlcj.player.DefaultMediaPlayer.getTime()J+17
j  ui.PlayerControlsPanel$UpdateRunnable.run()V+4
j  java.util.concurrent.Executors$RunnableAdapter.call()Ljava/lang/Object;+4
j  java.util.concurrent.FutureTask.runAndReset()Z+47
j  java.util.concurrent.ScheduledThreadPoolExecutor$ScheduledFutureTask.access$301(Ljava/util/concurrent/ScheduledThreadPoolExecutor$ScheduledFutureTask;)Z+1
j  java.util.concurrent.ScheduledThreadPoolExecutor$ScheduledFutureTask.run()V+37
j  java.util.concurrent.ThreadPoolExecutor.runWorker(Ljava/util/concurrent/ThreadPoolExecutor$Worker;)V+95
j  java.util.concurrent.ThreadPoolExecutor$Worker.run()V+5
j  java.lang.Thread.run()V+11
v  ~StubRoutines::call_stub

---------------  P R O C E S S  ---------------

Java Threads: ( => current thread )
  0x0000000020a5f800 JavaThread "Abandoned connection cleanup thread" daemon [_thread_blocked, id=10664, stack(0x000000001fe80000,0x000000001ff80000)]
  0x0000000020c24800 JavaThread "TimerQueue" daemon [_thread_blocked, id=10760, stack(0x000000001e7c0000,0x000000001e8c0000)]
  0x0000000020c1d800 JavaThread "D3D Screen Updater" daemon [_thread_blocked, id=10728, stack(0x0000000023f10000,0x0000000024010000)]
=>0x0000000020cdd000 JavaThread "pool-2-thread-1" [_thread_in_native, id=10408, stack(0x0000000022930000,0x0000000022a30000)]
  0x000000001a3c5000 JavaThread "Swing-Shell" daemon [_thread_blocked, id=7716, stack(0x0000000022430000,0x0000000022530000)]
  0x00000000005ce800 JavaThread "DestroyJavaVM" [_thread_blocked, id=4188, stack(0x0000000002450000,0x0000000002550000)]
  0x000000001a31f000 JavaThread "AWT-EventQueue-0" [_thread_blocked, id=7740, stack(0x000000001c1b0000,0x000000001c2b0000)]
  0x000000001a31e000 JavaThread "AWT-Windows" daemon [_thread_in_native, id=10208, stack(0x000000001c000000,0x000000001c100000)]
  0x000000001a31b800 JavaThread "AWT-Shutdown" [_thread_blocked, id=5824, stack(0x000000001bf00000,0x000000001c000000)]
  0x000000001a315000 JavaThread "Java2D Disposer" daemon [_thread_blocked, id=10708, stack(0x000000001bd00000,0x000000001be00000)]
  0x000000001a178800 JavaThread "Service Thread" daemon [_thread_blocked, id=2384, stack(0x000000001b9f0000,0x000000001baf0000)]
  0x00000000190cc800 JavaThread "C2 CompilerThread1" daemon [_thread_blocked, id=8088, stack(0x000000001b8c0000,0x000000001b9c0000)]
  0x00000000190c2800 JavaThread "C2 CompilerThread0" daemon [_thread_blocked, id=9568, stack(0x000000001b690000,0x000000001b790000)]
  0x00000000190c1000 JavaThread "Attach Listener" daemon [_thread_blocked, id=6184, stack(0x000000001b4e0000,0x000000001b5e0000)]
  0x00000000190c0000 JavaThread "Signal Dispatcher" daemon [_thread_blocked, id=10136, stack(0x0000000007580000,0x0000000007680000)]
  0x000000000238c800 JavaThread "Finalizer" daemon [_thread_blocked, id=5496, stack(0x000000001b3d0000,0x000000001b4d0000)]
  0x0000000002384000 JavaThread "Reference Handler" daemon [_thread_blocked, id=9964, stack(0x000000001b0a0000,0x000000001b1a0000)]

Other Threads:
  0x00000000190ac800 VMThread [stack: 0x000000001b200000,0x000000001b300000] [id=10844]
  0x000000001a191800 WatcherThread [stack: 0x000000001bb00000,0x000000001bc00000] [id=8028]

VM state:not at safepoint (normal execution)

VM Mutex/Monitor currently owned by a thread: None

Heap
 PSYoungGen      total 153088K, used 31817K [0x0000000755900000, 0x0000000760380000, 0x0000000800000000)
  eden space 131584K, 21% used [0x0000000755900000,0x0000000757507990,0x000000075d980000)
  from space 21504K, 14% used [0x000000075d980000,0x000000075dc8ab38,0x000000075ee80000)
  to   space 21504K, 0% used [0x000000075ee80000,0x000000075ee80000,0x0000000760380000)
 ParOldGen       total 348672K, used 8K [0x0000000600c00000, 0x0000000616080000, 0x0000000755900000)
  object space 348672K, 0% used [0x0000000600c00000,0x0000000600c02000,0x0000000616080000)
 PSPermGen       total 21504K, used 16524K [0x00000005fba00000, 0x00000005fcf00000, 0x0000000600c00000)
  object space 21504K, 76% used [0x00000005fba00000,0x00000005fca23250,0x00000005fcf00000)

Card table byte_map: [0x0000000005550000,0x0000000006580000] byte_map_base: 0x0000000002573000

Polling page: 0x0000000000320000

Code Cache  [0x0000000002550000, 0x00000000027c0000, 0x0000000005550000)
 total_blobs=624 nmethods=116 adapters=460 free_code_cache=48381Kb largest_free_block=49525120

Compilation events (10 events):
Event: 4.936 Thread 0x00000000190cc800  113             java.lang.String::startsWith (7 bytes)
Event: 4.938 Thread 0x00000000190cc800 nmethod 113 0x000000000260d550 code [0x000000000260d6a0, 0x000000000260d858]
Event: 4.942 Thread 0x00000000190c2800  114             java.lang.System::getSecurityManager (4 bytes)
Event: 4.942 Thread 0x00000000190c2800 nmethod 114 0x000000000260cd50 code [0x000000000260ce80, 0x000000000260ced8]
Event: 4.949 Thread 0x00000000190cc800  115             java.lang.CharacterData::of (120 bytes)
Event: 4.950 Thread 0x00000000190cc800 nmethod 115 0x000000000260ca50 code [0x000000000260cba0, 0x000000000260cc58]
Event: 4.953 Thread 0x00000000190c2800  116             java.util.HashMap::put (142 bytes)
Event: 4.958 Thread 0x00000000190c2800 nmethod 116 0x0000000002612550 code [0x0000000002612760, 0x0000000002612f80]
Event: 5.096 Thread 0x00000000190cc800  117             java.nio.HeapByteBuffer::_get (7 bytes)
Event: 5.096 Thread 0x00000000190cc800 nmethod 117 0x000000000260c7d0 code [0x000000000260c900, 0x000000000260c998]

GC Heap History (2 events):
Event: 3.021 GC heap before
{Heap before GC invocations=1 (full 0):
 PSYoungGen      total 153088K, used 131584K [0x0000000755900000, 0x0000000760380000, 0x0000000800000000)
  eden space 131584K, 100% used [0x0000000755900000,0x000000075d980000,0x000000075d980000)
  from space 21504K, 0% used [0x000000075ee80000,0x000000075ee80000,0x0000000760380000)
  to   space 21504K, 0% used [0x000000075d980000,0x000000075d980000,0x000000075ee80000)
 ParOldGen       total 348672K, used 0K [0x0000000600c00000, 0x0000000616080000, 0x0000000755900000)
  object space 348672K, 0% used [0x0000000600c00000,0x0000000600c00000,0x0000000616080000)
 PSPermGen       total 21504K, used 14139K [0x00000005fba00000, 0x00000005fcf00000, 0x0000000600c00000)
  object space 21504K, 65% used [0x00000005fba00000,0x00000005fc7cef90,0x00000005fcf00000)
Event: 3.025 GC heap after
Heap after GC invocations=1 (full 0):
 PSYoungGen      total 153088K, used 3114K [0x0000000755900000, 0x0000000760380000, 0x0000000800000000)
  eden space 131584K, 0% used [0x0000000755900000,0x0000000755900000,0x000000075d980000)
  from space 21504K, 14% used [0x000000075d980000,0x000000075dc8ab38,0x000000075ee80000)
  to   space 21504K, 0% used [0x000000075ee80000,0x000000075ee80000,0x0000000760380000)
 ParOldGen       total 348672K, used 8K [0x0000000600c00000, 0x0000000616080000, 0x0000000755900000)
  object space 348672K, 0% used [0x0000000600c00000,0x0000000600c02000,0x0000000616080000)
 PSPermGen       total 21504K, used 14139K [0x00000005fba00000, 0x00000005fcf00000, 0x0000000600c00000)
  object space 21504K, 65% used [0x00000005fba00000,0x00000005fc7cef90,0x00000005fcf00000)
}

Deoptimization events (10 events):
Event: 0.297 Thread 0x000000001a31f000 Uncommon trap: reason=bimorphic action=maybe_recompile pc=0x00000000025cc8ac method=java.util.HashMap.getEntry(Ljava/lang/Object;)Ljava/util/HashMap$Entry; @ 68
Event: 0.297 Thread 0x000000001a31f000 Uncommon trap: reason=bimorphic action=maybe_recompile pc=0x00000000025c86d4 method=java.util.HashMap.getEntry(Ljava/lang/Object;)Ljava/util/HashMap$Entry; @ 68
Event: 0.305 Thread 0x000000001a31f000 Uncommon trap: reason=unreached action=reinterpret pc=0x00000000025ce89c method=java.lang.Class.searchMethods([Ljava/lang/reflect/Method;Ljava/lang/String;[Ljava/lang/Class;)Ljava/lang/reflect/Method; @ 75
Event: 0.503 Thread 0x000000001a31f000 Uncommon trap: reason=unloaded action=reinterpret pc=0x00000000025d36b0 method=java.lang.CharacterData.of(I)Ljava/lang/CharacterData; @ 96
Event: 0.581 Thread 0x000000001a31f000 Uncommon trap: reason=class_check action=maybe_recompile pc=0x00000000025c2e48 method=java.lang.String.equals(Ljava/lang/Object;)Z @ 8
Event: 0.582 Thread 0x000000001a31f000 Uncommon trap: reason=class_check action=maybe_recompile pc=0x00000000025c2e48 method=java.lang.String.equals(Ljava/lang/Object;)Z @ 8
Event: 1.567 Thread 0x000000001a31f000 Uncommon trap: reason=class_check action=maybe_recompile pc=0x00000000025c2e48 method=java.lang.String.equals(Ljava/lang/Object;)Z @ 8
Event: 4.138 Thread 0x000000001a31f000 Uncommon trap: reason=class_check action=maybe_recompile pc=0x00000000025c2e48 method=java.lang.String.equals(Ljava/lang/Object;)Z @ 8
Event: 4.824 Thread 0x000000001a31f000 Uncommon trap: reason=class_check action=maybe_recompile pc=0x00000000025bfd74 method=java.util.Properties$LineReader.readLine()I @ 62
Event: 4.825 Thread 0x000000001a31f000 Uncommon trap: reason=class_check action=maybe_recompile pc=0x00000000025bfd74 method=java.util.Properties$LineReader.readLine()I @ 62

Internal exceptions (10 events):
Event: 4.942 Thread 0x000000001a31f000 Threw 0x000000075733f348 at C:\re\jdk7u45\229\hotspot\src\share\vm\prims\jvm.cpp:1244
Event: 4.942 Thread 0x000000001a31f000 Threw 0x000000075734ad38 at C:\re\jdk7u45\229\hotspot\src\share\vm\prims\jvm.cpp:1244
Event: 4.953 Thread 0x000000001a31f000 Threw 0x0000000757387818 at C:\re\jdk7u45\229\hotspot\src\share\vm\prims\jvm.cpp:1244
Event: 4.954 Thread 0x000000001a31f000 Threw 0x000000075738c830 at C:\re\jdk7u45\229\hotspot\src\share\vm\prims\jvm.cpp:1244
Event: 4.955 Thread 0x000000001a31f000 Threw 0x0000000757390f38 at C:\re\jdk7u45\229\hotspot\src\share\vm\prims\jvm.cpp:1244
Event: 4.955 Thread 0x000000001a31f000 Threw 0x00000007573a5050 at C:\re\jdk7u45\229\hotspot\src\share\vm\prims\jvm.cpp:1244
Event: 4.957 Thread 0x000000001a31f000 Threw 0x00000007573b41d8 at C:\re\jdk7u45\229\hotspot\src\share\vm\prims\jvm.cpp:1244
Event: 4.958 Thread 0x000000001a31f000 Threw 0x00000007573b75e8 at C:\re\jdk7u45\229\hotspot\src\share\vm\prims\jvm.cpp:1244
Event: 4.958 Thread 0x000000001a31f000 Threw 0x00000007573ba040 at C:\re\jdk7u45\229\hotspot\src\share\vm\prims\jvm.cpp:1244
Event: 4.959 Thread 0x000000001a31f000 Threw 0x00000007573bba30 at C:\re\jdk7u45\229\hotspot\src\share\vm\prims\jvm.cpp:1244

Events (10 events):
Event: 5.096 loading class 0x000000001a282900 done
Event: 5.096 loading class 0x000000001a379780
Event: 5.096 loading class 0x000000001a379780 done
Event: 5.096 loading class 0x0000000020ea4330
Event: 5.097 loading class 0x0000000020ea4330 done
Event: 5.113 Executing VM operation: RevokeBias
Event: 5.113 Executing VM operation: RevokeBias done
Event: 5.115 loading class 0x0000000020c78670
Event: 5.115 loading class 0x0000000020c78670 done
Event: 5.558 Thread 0x000000001a363800 Thread exited: 0x000000001a363800


Dynamic libraries:
0x000000013fce0000 - 0x000000013fd13000 	C:\Program Files\Java\jdk1.7.0_45\bin\javaw.exe
0x0000000077330000 - 0x00000000774d9000 	C:\Windows\SYSTEM32\ntdll.dll
0x0000000077110000 - 0x000000007722f000 	C:\Windows\system32\kernel32.dll
0x000007fefd3d0000 - 0x000007fefd43b000 	C:\Windows\system32\KERNELBASE.dll
0x0000000074be0000 - 0x0000000074c6b000 	C:\Program Files\Bitdefender\Bitdefender\Active Virus Control\Avc3_00226_008\avcuf64.dll
0x000007fefe2f0000 - 0x000007fefe3cb000 	C:\Windows\system32\ADVAPI32.dll
0x000007fefd510000 - 0x000007fefd5af000 	C:\Windows\system32\msvcrt.dll
0x000007fefdde0000 - 0x000007fefddff000 	C:\Windows\SYSTEM32\sechost.dll
0x000007fefe450000 - 0x000007fefe57d000 	C:\Windows\system32\RPCRT4.dll
0x0000000077230000 - 0x000000007732a000 	C:\Windows\system32\USER32.dll
0x000007fefd5b0000 - 0x000007fefd617000 	C:\Windows\system32\GDI32.dll
0x000007fefe290000 - 0x000007fefe29e000 	C:\Windows\system32\LPK.dll
0x000007feff550000 - 0x000007feff619000 	C:\Windows\system32\USP10.dll
0x000007fefacc0000 - 0x000007fefaeb4000 	C:\Windows\WinSxS\amd64_microsoft.windows.common-controls_6595b64144ccf1df_6.0.7601.17514_none_fa396087175ac9ac\COMCTL32.dll
0x000007fefd9e0000 - 0x000007fefda51000 	C:\Windows\system32\SHLWAPI.dll
0x000007fefd620000 - 0x000007fefd64e000 	C:\Windows\system32\IMM32.DLL
0x000007fefdcd0000 - 0x000007fefddd9000 	C:\Windows\system32\MSCTF.dll
0x0000000062e30000 - 0x0000000062f02000 	C:\Program Files\Java\jdk1.7.0_45\jre\bin\msvcr100.dll
0x00000000593c0000 - 0x0000000059b89000 	C:\Program Files\Java\jdk1.7.0_45\jre\bin\server\jvm.dll
0x000007fefa200000 - 0x000007fefa209000 	C:\Windows\system32\WSOCK32.dll
0x000007fefe2a0000 - 0x000007fefe2ed000 	C:\Windows\system32\WS2_32.dll
0x000007fefdc20000 - 0x000007fefdc28000 	C:\Windows\system32\NSI.dll
0x000007fefc330000 - 0x000007fefc36b000 	C:\Windows\system32\WINMM.dll
0x0000000077500000 - 0x0000000077507000 	C:\Windows\system32\PSAPI.DLL
0x0000000064e10000 - 0x0000000064e1f000 	C:\Program Files\Java\jdk1.7.0_45\jre\bin\verify.dll
0x0000000064de0000 - 0x0000000064e08000 	C:\Program Files\Java\jdk1.7.0_45\jre\bin\java.dll
0x0000000064dc0000 - 0x0000000064dd5000 	C:\Program Files\Java\jdk1.7.0_45\jre\bin\zip.dll
0x0000000062c90000 - 0x0000000062e25000 	C:\Program Files\Java\jdk1.7.0_45\jre\bin\awt.dll
0x000007fefd650000 - 0x000007fefd727000 	C:\Windows\system32\OLEAUT32.dll
0x000007fefd7d0000 - 0x000007fefd9d3000 	C:\Windows\system32\ole32.dll
0x000007fefa840000 - 0x000007fefa896000 	C:\Windows\system32\uxtheme.dll
0x0000000180000000 - 0x0000000180052000 	C:\Program Files (x86)\DisplayFusion\Hooks\AppHookWIN6064_334FFADA-7968-4296-BAE9-805937E5F1FB.dll
0x000007fefe580000 - 0x000007feff308000 	C:\Windows\system32\SHELL32.dll
0x000007fefa470000 - 0x000007fefa488000 	C:\Windows\system32\dwmapi.dll
0x000007fefd010000 - 0x000007fefd01f000 	C:\Windows\system32\CRYPTBASE.dll
0x000007fef4400000 - 0x000007fef45ff000 	C:\Windows\system32\d3d9.dll
0x000007fefc2c0000 - 0x000007fefc2cc000 	C:\Windows\system32\VERSION.dll
0x000007fef43f0000 - 0x000007fef43f7000 	C:\Windows\system32\d3d8thk.dll
0x000007fede260000 - 0x000007fedf3b4000 	C:\Windows\system32\nvd3dumx.dll
0x000007fefabb0000 - 0x000007fefabdc000 	C:\Windows\system32\powrprof.dll
0x000007fefde00000 - 0x000007fefdfd7000 	C:\Windows\system32\SETUPAPI.dll
0x000007fefd390000 - 0x000007fefd3c6000 	C:\Windows\system32\CFGMGR32.dll
0x000007fefd1d0000 - 0x000007fefd1ea000 	C:\Windows\system32\DEVOBJ.dll
0x000007fedb790000 - 0x000007fedb8f2000 	C:\Program Files (x86)\NVIDIA Corporation\3D Vision\nvSCPAPI64.dll
0x000000001d7b0000 - 0x000000001d8be000 	C:\Windows\system32\nvspcap64.dll
0x000007fef8e80000 - 0x000007fef9194000 	C:\Windows\system32\nvapi64.dll
0x000007fefd190000 - 0x000007fefd1ca000 	C:\Windows\system32\WINTRUST.dll
0x000007fefd200000 - 0x000007fefd36c000 	C:\Windows\system32\CRYPT32.dll
0x000007fefd180000 - 0x000007fefd18f000 	C:\Windows\system32\MSASN1.dll
0x000007fefc9b0000 - 0x000007fefc9c7000 	C:\Windows\system32\CRYPTSP.dll
0x000007fefc6b0000 - 0x000007fefc6f7000 	C:\Windows\system32\rsaenh.dll
0x000007fefc420000 - 0x000007fefc43e000 	C:\Windows\system32\USERENV.dll
0x000007fefd0e0000 - 0x000007fefd0ef000 	C:\Windows\system32\profapi.dll
0x0000000064780000 - 0x0000000064799000 	C:\Program Files\Java\jdk1.7.0_45\jre\bin\net.dll
0x000007fefc950000 - 0x000007fefc9a5000 	C:\Windows\system32\mswsock.dll
0x000007fefc940000 - 0x000007fefc947000 	C:\Windows\System32\wship6.dll
0x000007fefb4f0000 - 0x000007fefb505000 	C:\Windows\system32\NLAapi.dll
0x000007feeb100000 - 0x000007feeb115000 	C:\Windows\system32\napinsp.dll
0x000007feeb0b0000 - 0x000007feeb0c9000 	C:\Windows\system32\pnrpnsp.dll
0x000007fefc7d0000 - 0x000007fefc82b000 	C:\Windows\system32\DNSAPI.dll
0x000007feeb0a0000 - 0x000007feeb0ab000 	C:\Windows\System32\winrnr.dll
0x000007fefba90000 - 0x000007fefba97000 	C:\Windows\System32\wshtcpip.dll
0x000007fefc3a0000 - 0x000007fefc3c7000 	C:\Windows\system32\IPHLPAPI.DLL
0x000007fefc390000 - 0x000007fefc39b000 	C:\Windows\system32\WINNSI.DLL
0x000007feeb7b0000 - 0x000007feeb7b8000 	C:\Windows\system32\rasadhlp.dll
0x000007fef9940000 - 0x000007fef9993000 	C:\Windows\System32\fwpuclnt.dll
0x00000000647a0000 - 0x00000000647b1000 	C:\Program Files\Java\jdk1.7.0_45\jre\bin\nio.dll
0x000007fee5230000 - 0x000007fee5267000 	C:\Users\slashershot\AppData\Local\Temp\jna-slashershot\jna1425004643204957951.dll
0x00000000646f0000 - 0x0000000064719000 	C:\Users\slashershot\Desktop\NEE\libvlc.dll
0x0000000062a10000 - 0x0000000062c81000 	C:\Users\slashershot\Desktop\NEE\libvlccore.dll
0x0000000064690000 - 0x00000000646e6000 	C:\Users\slashershot\Desktop\NEE\plugins\access\libdshow_plugin.dll
0x0000000064760000 - 0x0000000064771000 	C:\Users\slashershot\Desktop\NEE\plugins\audio_output\libdirectsound_plugin.dll
0x0000000064740000 - 0x0000000064752000 	C:\Users\slashershot\Desktop\NEE\plugins\audio_output\libwaveout_plugin.dll
0x0000000064670000 - 0x000000006468b000 	C:\Users\slashershot\Desktop\NEE\plugins\video_output\libdirectdraw_plugin.dll
0x000007fef91c0000 - 0x000007fef9260000 	C:\Windows\WinSxS\amd64_microsoft.windows.common-controls_6595b64144ccf1df_5.82.7601.18201_none_a4d3b9377117c3df\comctl32.dll
0x0000000064620000 - 0x0000000064666000 	C:\Program Files\Java\jdk1.7.0_45\jre\bin\fontmanager.dll
0x0000000064520000 - 0x0000000064561000 	C:\Program Files\Java\jdk1.7.0_45\jre\bin\t2k.dll
0x000007fefdc30000 - 0x000007fefdcc9000 	C:\Windows\system32\CLBCatQ.DLL
0x000007fefa8a0000 - 0x000007fefa9cc000 	C:\Windows\system32\propsys.dll
0x000007fefc0d0000 - 0x000007fefc0fd000 	C:\Windows\system32\ntmarta.dll
0x000007fefda60000 - 0x000007fefdab2000 	C:\Windows\system32\WLDAP32.dll
0x000007fefcfb0000 - 0x000007fefd007000 	C:\Windows\system32\apphelp.dll
0x000007fee1a90000 - 0x000007fee1c2c000 	C:\Windows\system32\NetworkExplorer.dll
0x000007fee90d0000 - 0x000007fee9104000 	C:\Windows\System32\shdocvw.dll
0x000007fef9cc0000 - 0x000007fef9ccb000 	C:\Windows\system32\slc.dll
0x000007fefb740000 - 0x000007fefb758000 	C:\Windows\system32\MPR.dll
0x000007feeb3b0000 - 0x000007feeb3ba000 	C:\Windows\System32\drprov.dll
0x000007fefc4f0000 - 0x000007fefc52d000 	C:\Windows\System32\WINSTA.dll
0x000007fee5c80000 - 0x000007fee5ca2000 	C:\Windows\System32\ntlanman.dll
0x000007fee4a70000 - 0x000007fee4a8d000 	C:\Windows\System32\davclnt.dll
0x000007feeb2d0000 - 0x000007feeb2da000 	C:\Windows\System32\DAVHLPR.dll
0x000007fefbda0000 - 0x000007fefbdb5000 	C:\Windows\system32\wkscli.dll
0x000007feeb790000 - 0x000007feeb79f000 	C:\Windows\system32\cscapi.dll
0x000007fefbdc0000 - 0x000007fefbdcc000 	C:\Windows\system32\netutils.dll
0x000007fed8a60000 - 0x000007fed8cd1000 	C:\Windows\system32\wpdshext.dll
0x000007fefa620000 - 0x000007fefa836000 	C:\Windows\WinSxS\amd64_microsoft.windows.gdiplus_6595b64144ccf1df_1.1.7601.18120_none_2b25b14c71ebf230\gdiplus.dll
0x000007feeb2f0000 - 0x000007feeb3ad000 	C:\Windows\system32\PortableDeviceApi.dll
0x000007feede60000 - 0x000007feede95000 	C:\Windows\system32\EhStorShell.dll
0x000007fee4aa0000 - 0x000007fee4ac7000 	C:\Windows\system32\EhStorAPI.dll
0x000007feeb7c0000 - 0x000007feeb7cc000 	C:\Windows\system32\LINKINFO.dll
0x00000000655a0000 - 0x00000000655a7000 	C:\Program Files\Java\jdk1.7.0_45\jre\bin\jawt.dll
0x000000005fa50000 - 0x000000005fc94000 	C:\Users\slashershot\Desktop\NEE\plugins\access\liblibbluray_plugin.dll
0x00000000644f0000 - 0x0000000064514000 	C:\Users\slashershot\Desktop\NEE\plugins\access\libaccess_bd_plugin.dll
0x00000000644a0000 - 0x00000000644eb000 	C:\Users\slashershot\Desktop\NEE\plugins\access\libdvdnav_plugin.dll
0x00000000629f0000 - 0x0000000062a0e000 	C:\Users\slashershot\Desktop\NEE\plugins\access\libaccess_vdr_plugin.dll
0x0000000061fc0000 - 0x0000000061fd7000 	C:\Users\slashershot\Desktop\NEE\plugins\access\libfilesystem_plugin.dll
0x0000000061fa0000 - 0x0000000061fba000 	C:\Users\slashershot\Desktop\NEE\plugins\stream_filter\libsmooth_plugin.dll
0x0000000061c60000 - 0x0000000061cfe000 	C:\Users\slashershot\Desktop\NEE\plugins\stream_filter\libhttplive_plugin.dll
0x00000000600f0000 - 0x00000000601e1000 	C:\Users\slashershot\Desktop\NEE\plugins\stream_filter\libdash_plugin.dll
0x0000000061f40000 - 0x0000000061f68000 	C:\Users\slashershot\Desktop\NEE\plugins\access\libzip_plugin.dll
0x0000000061f80000 - 0x0000000061f95000 	C:\Users\slashershot\Desktop\NEE\plugins\access\libstream_filter_rar_plugin.dll
0x0000000064610000 - 0x000000006461e000 	C:\Users\slashershot\Desktop\NEE\plugins\stream_filter\librecord_plugin.dll
0x0000000061d60000 - 0x0000000061d97000 	C:\Users\slashershot\Desktop\NEE\plugins\demux\libmp4_plugin.dll
0x0000000061d00000 - 0x0000000061d5c000 	C:\Users\slashershot\Desktop\NEE\plugins\codec\libpng_plugin.dll
0x00000000629e0000 - 0x00000000629ef000 	C:\Users\slashershot\Desktop\NEE\plugins\codec\libcdg_plugin.dll
0x000000005fe50000 - 0x000000005ffc7000 	C:\Users\slashershot\Desktop\NEE\plugins\codec\libschroedinger_plugin.dll
0x0000000061f70000 - 0x0000000061f80000 	C:\Users\slashershot\Desktop\NEE\plugins\codec\libdts_plugin.dll
0x0000000061c00000 - 0x0000000061c5a000 	C:\Users\slashershot\Desktop\NEE\plugins\codec\libtheora_plugin.dll
0x0000000061af0000 - 0x0000000061b5d000 	C:\Users\slashershot\Desktop\NEE\plugins\codec\libfaad_plugin.dll
0x00000000602a0000 - 0x00000000602e1000 	C:\Users\slashershot\Desktop\NEE\plugins\codec\libflac_plugin.dll
0x0000000060e80000 - 0x0000000060e92000 	C:\Users\slashershot\Desktop\NEE\plugins\codec\libg711_plugin.dll
0x0000000060e70000 - 0x0000000060e7f000 	C:\Users\slashershot\Desktop\NEE\plugins\codec\libaes3_plugin.dll
0x000000005f700000 - 0x000000005f891000 	C:\Users\slashershot\Desktop\NEE\plugins\codec\liblibass_plugin.dll
0x0000000060260000 - 0x0000000060298000 	C:\Users\slashershot\Desktop\NEE\plugins\codec\libspeex_plugin.dll
0x0000000060250000 - 0x0000000060260000 	C:\Users\slashershot\Desktop\NEE\plugins\codec\liblpcm_plugin.dll
0x0000000060020000 - 0x00000000600ee000 	C:\Users\slashershot\Desktop\NEE\plugins\codec\libvorbis_plugin.dll
0x0000000060240000 - 0x000000006024f000 	C:\Users\slashershot\Desktop\NEE\plugins\codec\libmpeg_audio_plugin.dll
0x0000000060220000 - 0x0000000060232000 	C:\Users\slashershot\Desktop\NEE\plugins\codec\libaraw_plugin.dll

VM Arguments:
jvm_args: -Dfile.encoding=Cp1252 
java_command: ui.PlayVideoFrame
Launcher Type: SUN_STANDARD

Environment Variables:
PATH=C:\Windows\system32;C:\Program Files (x86)\NVIDIA Corporation\PhysX\Common;C:\Windows;C:\Windows\System32\Wbem;C:\Windows\System32\WindowsPowerShell\v1.0\;C:\Program Files\OpenVPN\bin;C:\Program Files (x86)\Common Files\Acronis\SnapAPI\;C:\strawberry\c\bin;C:\strawberry\perl\site\bin;C:\strawberry\perl\bin;C:\Windows\system32\WindowsPowerShell\v1.0\;C:\Program Files (x86)\NVIDIA Corporation\PhysX\Common;C:\Windows\system32;C:\Windows;C:\Windows\System32\Wbem;C:\Windows\System32\WindowsPowerShell\v1.0\;C:\Python27;
USERNAME=slashershot
OS=Windows_NT
PROCESSOR_IDENTIFIER=Intel64 Family 6 Model 58 Stepping 9, GenuineIntel



---------------  S Y S T E M  ---------------

OS: Windows 7 , 64 bit Build 7601 Service Pack 1

CPU:total 8 (4 cores per cpu, 2 threads per core) family 6 model 58 stepping 9, cmov, cx8, fxsr, mmx, sse, sse2, sse3, ssse3, sse4.1, sse4.2, popcnt, avx, aes, erms, ht, tsc, tscinvbit, tscinv

Memory: 4k page, physical 33497616k(23429348k free), swap 66993368k(55019564k free)

vm_info: Java HotSpot(TM) 64-Bit Server VM (24.45-b08) for windows-amd64 JRE (1.7.0_45-b18), built on Oct  8 2013 05:47:22 by "java_re" with unknown MS VC++:1600

time: Mon Feb 10 20:07:09 2014
elapsed time: 5 seconds

