#
# A fatal error has been detected by the Java Runtime Environment:
#
#  EXCEPTION_ACCESS_VIOLATION (0xc0000005) at pc=0x000000007737e4e4, pid=8704, tid=1840
#
# JRE version: Java(TM) SE Runtime Environment (7.0_45-b18) (build 1.7.0_45-b18)
# Java VM: Java HotSpot(TM) 64-Bit Server VM (24.45-b08 mixed mode windows-amd64 compressed oops)
# Problematic frame:
# C  [ntdll.dll+0x4e4e4]
#
# Failed to write core dump. Minidumps are not enabled by default on client versions of Windows
#
# If you would like to submit a bug report, please visit:
#   http://bugreport.sun.com/bugreport/crash.jsp
# The crash happened outside the Java Virtual Machine in native code.
# See problematic frame for where to report the bug.
#

---------------  T H R E A D  ---------------

Current thread (0x0000000020df2000):  JavaThread "pool-2-thread-1" [_thread_in_native, id=1840, stack(0x0000000022b00000,0x0000000022c00000)]

siginfo: ExceptionCode=0xc0000005, writing address 0x0000000000000024

Registers:
RAX=0x0000000000000000, RBX=0x0000000000184bb8, RCX=0x00000000fffffffc, RDX=0x0000000000000820
RSP=0x0000000022bfe2f0, RBP=0x0000000000000000, RSI=0x0000000000000820, RDI=0x0000000000000000
R8 =0x0000000022bfe2a8, R9 =0x0000000000000004, R10=0x0000000000000000, R11=0x0000000000000246
R12=0x0000000000000000, R13=0x0000000000000000, R14=0x000007fffff76000, R15=0x0000000000000000
RIP=0x000000007737e4e4, EFLAGS=0x0000000000010213

Top of Stack: (sp=0x0000000022bfe2f0)
0x0000000022bfe2f0:   00000000000003d8 0000000000000820
0x0000000022bfe300:   0000000022bfe498 0000000020df21e8
0x0000000022bfe310:   000000005bcebe28 0000000018d73fd0
0x0000000022bfe320:   0000000020d97cc0 0000000062b3b5a0
0x0000000022bfe330:   0000000000000000 000000005b81eca5
0x0000000022bfe340:   0000000018f6ef88 0000000020df2000
0x0000000022bfe350:   00000000001d9090 0000000000000000
0x0000000022bfe360:   0000000064e577f1 0000000062a85398
0x0000000022bfe370:   0000000020df2000 0000000022bfebf8
0x0000000022bfe380:   0000000000000004 0000000000000001
0x0000000022bfe390:   00000000ff000000 000000007737e40b
0x0000000022bfe3a0:   0000000000000000 0000000000000000
0x0000000022bfe3b0:   00000005fbfd09a8 0000000000184bb8
0x0000000022bfe3c0:   0000000000184b40 0000000064e49935
0x0000000022bfe3d0:   0000000022bfe490 0000000000184bb0
0x0000000022bfe3e0:   00000000024163f0 0000000020df2000 

Instructions: (pc=0x000000007737e4e4)
0x000000007737e4c4:   0f b1 4b 08 0f 85 9b 47 fd ff 48 8b 03 4c 89 ac
0x000000007737e4d4:   24 c0 00 00 00 33 ed 45 33 ed 48 83 f8 ff 74 03
0x000000007737e4e4:   ff 40 24 ba 22 17 00 00 48 8d 3d 9d 8f 0e 00 80
0x000000007737e4f4:   3c 25 82 03 fe 7f 00 0f 85 b3 bd 01 00 48 83 fe 


Register to memory mapping:

RAX=0x0000000000000000 is an unknown value
RBX=0x0000000000184bb8 is an unknown value
RCX=0x00000000fffffffc is an unknown value
RDX=0x0000000000000820 is an unknown value
RSP=0x0000000022bfe2f0 is pointing into the stack for thread: 0x0000000020df2000
RBP=0x0000000000000000 is an unknown value
RSI=0x0000000000000820 is an unknown value
RDI=0x0000000000000000 is an unknown value
R8 =0x0000000022bfe2a8 is pointing into the stack for thread: 0x0000000020df2000
R9 =0x0000000000000004 is an unknown value
R10=0x0000000000000000 is an unknown value
R11=0x0000000000000246 is an unknown value
R12=0x0000000000000000 is an unknown value
R13=0x0000000000000000 is an unknown value
R14=0x000007fffff76000 is an unknown value
R15=0x0000000000000000 is an unknown value


Stack: [0x0000000022b00000,0x0000000022c00000],  sp=0x0000000022bfe2f0,  free space=1016k
Native frames: (J=compiled Java code, j=interpreted, Vv=VM code, C=native code)
C  [ntdll.dll+0x4e4e4]

[error occurred during error reporting (printing native stack), id 0xc0000005]

Java frames: (J=compiled Java code, j=interpreted, Vv=VM code)
j  com.sun.jna.Native.invokeLong(JI[Ljava/lang/Object;)J+0
j  com.sun.jna.Function.invoke([Ljava/lang/Object;Ljava/lang/Class;Z)Ljava/lang/Object;+389
j  com.sun.jna.Function.invoke(Ljava/lang/Class;[Ljava/lang/Object;Ljava/util/Map;)Ljava/lang/Object;+214
j  com.sun.jna.Library$Handler.invoke(Ljava/lang/Object;Ljava/lang/reflect/Method;[Ljava/lang/Object;)Ljava/lang/Object;+341
j  com.sun.proxy.$Proxy0.libvlc_media_player_get_time(Luk/co/caprica/vlcj/binding/internal/libvlc_media_player_t;)J+16
j  uk.co.caprica.vlcj.player.DefaultMediaPlayer.getTime()J+17
j  ui.PlayerControlsPanel$UpdateRunnable.run()V+4
j  java.util.concurrent.Executors$RunnableAdapter.call()Ljava/lang/Object;+4
j  java.util.concurrent.FutureTask.runAndReset()Z+47
j  java.util.concurrent.ScheduledThreadPoolExecutor$ScheduledFutureTask.access$301(Ljava/util/concurrent/ScheduledThreadPoolExecutor$ScheduledFutureTask;)Z+1
j  java.util.concurrent.ScheduledThreadPoolExecutor$ScheduledFutureTask.run()V+37
j  java.util.concurrent.ThreadPoolExecutor.runWorker(Ljava/util/concurrent/ThreadPoolExecutor$Worker;)V+95
j  java.util.concurrent.ThreadPoolExecutor$Worker.run()V+5
j  java.lang.Thread.run()V+11
v  ~StubRoutines::call_stub

---------------  P R O C E S S  ---------------

Java Threads: ( => current thread )
  0x0000000020df3800 JavaThread "TimerQueue" daemon [_thread_blocked, id=7928, stack(0x0000000029cf0000,0x0000000029df0000)]
  0x0000000020df4800 JavaThread "D3D Screen Updater" daemon [_thread_blocked, id=7280, stack(0x0000000024070000,0x0000000024170000)]
=>0x0000000020df2000 JavaThread "pool-2-thread-1" [_thread_in_native, id=1840, stack(0x0000000022b00000,0x0000000022c00000)]
  0x000000001a303800 JavaThread "Swing-Shell" daemon [_thread_blocked, id=7116, stack(0x0000000022470000,0x0000000022570000)]
  0x00000000208f9800 JavaThread "Image Fetcher 0" daemon [_thread_blocked, id=3428, stack(0x00000000212d0000,0x00000000213d0000)]
  0x000000000219e800 JavaThread "DestroyJavaVM" [_thread_blocked, id=10056, stack(0x0000000002310000,0x0000000002410000)]
  0x000000001a2ac800 JavaThread "AWT-EventQueue-0" [_thread_blocked, id=10116, stack(0x000000001c1a0000,0x000000001c2a0000)]
  0x000000001a2ab800 JavaThread "AWT-Windows" daemon [_thread_in_native, id=4396, stack(0x000000001bec0000,0x000000001bfc0000)]
  0x000000001a2a9000 JavaThread "AWT-Shutdown" [_thread_blocked, id=8300, stack(0x000000001bd50000,0x000000001be50000)]
  0x000000001a2a8000 JavaThread "Java2D Disposer" daemon [_thread_blocked, id=1816, stack(0x000000001bb70000,0x000000001bc70000)]
  0x000000001a115800 JavaThread "Service Thread" daemon [_thread_blocked, id=10708, stack(0x000000001ba20000,0x000000001bb20000)]
  0x0000000018f6b000 JavaThread "C2 CompilerThread1" daemon [_thread_blocked, id=7148, stack(0x000000001b750000,0x000000001b850000)]
  0x0000000018f64000 JavaThread "C2 CompilerThread0" daemon [_thread_blocked, id=6188, stack(0x000000001b880000,0x000000001b980000)]
  0x0000000018f63000 JavaThread "Attach Listener" daemon [_thread_blocked, id=10468, stack(0x000000001b610000,0x000000001b710000)]
  0x0000000018f62800 JavaThread "Signal Dispatcher" daemon [_thread_blocked, id=10532, stack(0x000000001b150000,0x000000001b250000)]
  0x000000000218a000 JavaThread "Finalizer" daemon [_thread_blocked, id=9852, stack(0x000000001b3c0000,0x000000001b4c0000)]
  0x0000000018f4f000 JavaThread "Reference Handler" daemon [_thread_blocked, id=4652, stack(0x000000001b280000,0x000000001b380000)]

Other Threads:
  0x0000000018f4b800 VMThread [stack: 0x000000001b050000,0x000000001b150000] [id=6704]
  0x000000001a130800 WatcherThread [stack: 0x000000001b500000,0x000000001b600000] [id=10140]

VM state:not at safepoint (normal execution)

VM Mutex/Monitor currently owned by a thread: None

Heap
 PSYoungGen      total 153088K, used 121063K [0x0000000755900000, 0x0000000760380000, 0x0000000800000000)
  eden space 131584K, 92% used [0x0000000755900000,0x000000075cf39c38,0x000000075d980000)
  from space 21504K, 0% used [0x000000075ee80000,0x000000075ee80000,0x0000000760380000)
  to   space 21504K, 0% used [0x000000075d980000,0x000000075d980000,0x000000075ee80000)
 ParOldGen       total 348672K, used 0K [0x0000000600c00000, 0x0000000616080000, 0x0000000755900000)
  object space 348672K, 0% used [0x0000000600c00000,0x0000000600c00000,0x0000000616080000)
 PSPermGen       total 21504K, used 14173K [0x00000005fba00000, 0x00000005fcf00000, 0x0000000600c00000)
  object space 21504K, 65% used [0x00000005fba00000,0x00000005fc7d7788,0x00000005fcf00000)

Card table byte_map: [0x0000000005410000,0x0000000006440000] byte_map_base: 0x0000000002433000

Polling page: 0x00000000004c0000

Code Cache  [0x0000000002410000, 0x0000000002680000, 0x0000000005410000)
 total_blobs=549 nmethods=78 adapters=423 free_code_cache=48450Kb largest_free_block=49588864

Compilation events (10 events):
Event: 1.883 Thread 0x0000000018f64000   74             java.util.ArrayList::size (5 bytes)
Event: 1.884 Thread 0x0000000018f64000 nmethod 74 0x00000000024bcf10 code [0x00000000024bd040, 0x00000000024bd098]
Event: 1.914 Thread 0x0000000018f6b000   75             java.util.concurrent.locks.AbstractQueuedSynchronizer::getState (5 bytes)
Event: 1.914 Thread 0x0000000018f6b000 nmethod 75 0x00000000024bcc50 code [0x00000000024bcd80, 0x00000000024bcdd8]
Event: 2.072 Thread 0x0000000018f64000   76             java.util.ArrayList::rangeCheck (22 bytes)
Event: 2.072 Thread 0x0000000018f6b000   77             java.util.ArrayList::elementData (7 bytes)
Event: 2.072 Thread 0x0000000018f64000 nmethod 76 0x00000000024bf190 code [0x00000000024bf2c0, 0x00000000024bf338]
Event: 2.073 Thread 0x0000000018f6b000 nmethod 77 0x00000000024bef10 code [0x00000000024bf040, 0x00000000024bf0d8]
Event: 2.092 Thread 0x0000000018f64000   78             java.util.ArrayList::get (11 bytes)
Event: 2.093 Thread 0x0000000018f64000 nmethod 78 0x00000000024bec10 code [0x00000000024bed40, 0x00000000024bedf8]

GC Heap History (0 events):
No events

Deoptimization events (10 events):
Event: 0.288 Thread 0x000000001a2ac800 Uncommon trap: reason=class_check action=maybe_recompile pc=0x000000000247fb7c method=java.util.Properties$LineReader.readLine()I @ 62
Event: 0.288 Thread 0x000000001a2ac800 Uncommon trap: reason=bimorphic action=maybe_recompile pc=0x000000000248b16c method=java.util.HashMap.getEntry(Ljava/lang/Object;)Ljava/util/HashMap$Entry; @ 68
Event: 0.290 Thread 0x000000001a2ac800 Uncommon trap: reason=bimorphic action=maybe_recompile pc=0x000000000248b16c method=java.util.HashMap.getEntry(Ljava/lang/Object;)Ljava/util/HashMap$Entry; @ 68
Event: 0.291 Thread 0x000000001a2ac800 Uncommon trap: reason=bimorphic action=maybe_recompile pc=0x00000000024888d4 method=java.util.HashMap.getEntry(Ljava/lang/Object;)Ljava/util/HashMap$Entry; @ 68
Event: 0.298 Thread 0x000000001a2ac800 Uncommon trap: reason=unreached action=reinterpret pc=0x000000000248d15c method=java.lang.Class.searchMethods([Ljava/lang/reflect/Method;Ljava/lang/String;[Ljava/lang/Class;)Ljava/lang/reflect/Method; @ 75
Event: 0.486 Thread 0x000000001a2ac800 Uncommon trap: reason=unloaded action=reinterpret pc=0x00000000024942b0 method=java.lang.CharacterData.of(I)Ljava/lang/CharacterData; @ 96
Event: 0.573 Thread 0x000000001a2ac800 Uncommon trap: reason=class_check action=maybe_recompile pc=0x00000000024832c8 method=java.lang.String.equals(Ljava/lang/Object;)Z @ 8
Event: 0.574 Thread 0x000000001a2ac800 Uncommon trap: reason=class_check action=maybe_recompile pc=0x00000000024832c8 method=java.lang.String.equals(Ljava/lang/Object;)Z @ 8
Event: 0.601 Thread 0x000000001a2ac800 Uncommon trap: reason=class_check action=maybe_recompile pc=0x00000000024832c8 method=java.lang.String.equals(Ljava/lang/Object;)Z @ 8
Event: 0.601 Thread 0x000000001a2ac800 Uncommon trap: reason=class_check action=maybe_recompile pc=0x00000000024832c8 method=java.lang.String.equals(Ljava/lang/Object;)Z @ 8

Internal exceptions (10 events):
Event: 0.596 Thread 0x0000000020df3800 Threw 0x0000000757f9d968 at C:\re\jdk7u45\229\hotspot\src\share\vm\prims\jvm.cpp:1244
Event: 0.602 Thread 0x0000000020df3800 Threw 0x000000075822f8c0 at C:\re\jdk7u45\229\hotspot\src\share\vm\prims\jvm.cpp:1244
Event: 0.604 Thread 0x0000000020df3800 Threw 0x00000007584c17e0 at C:\re\jdk7u45\229\hotspot\src\share\vm\prims\jvm.cpp:1244
Event: 0.624 Thread 0x0000000020df3800 Threw 0x000000075919b350 at C:\re\jdk7u45\229\hotspot\src\share\vm\prims\jvm.cpp:1244
Event: 0.637 Thread 0x0000000020df3800 Threw 0x000000075945e110 at C:\re\jdk7u45\229\hotspot\src\share\vm\prims\jvm.cpp:1244
Event: 0.648 Thread 0x0000000020df3800 Threw 0x00000007599533d0 at C:\re\jdk7u45\229\hotspot\src\share\vm\prims\jvm.cpp:1244
Event: 0.655 Thread 0x0000000020df3800 Threw 0x000000075a106df8 at C:\re\jdk7u45\229\hotspot\src\share\vm\prims\jvm.cpp:1244
Event: 0.686 Thread 0x0000000020df3800 Threw 0x000000075b3047d0 at C:\re\jdk7u45\229\hotspot\src\share\vm\prims\jvm.cpp:1244
Event: 0.928 Thread 0x0000000020df3800 Threw 0x000000075b596758 at C:\re\jdk7u45\229\hotspot\src\share\vm\prims\jvm.cpp:1244
Event: 0.930 Thread 0x0000000020df3800 Threw 0x000000075b828648 at C:\re\jdk7u45\229\hotspot\src\share\vm\prims\jvm.cpp:1244

Events (10 events):
Event: 1.913 loading class 0x000000001a1a3e90 done
Event: 2.127 Thread 0x0000000020df5000 Thread added: 0x0000000020df5000
Event: 2.130 Thread 0x0000000020df5000 Thread exited: 0x0000000020df5000
Event: 2.130 Thread 0x0000000020df5000 Thread added: 0x0000000020df5000
Event: 2.133 Thread 0x0000000020df5000 Thread exited: 0x0000000020df5000
Event: 2.258 loading class 0x000000001a12b510
Event: 2.258 loading class 0x000000001a12b510 done
Event: 2.264 loading class 0x000000001a22c2e0
Event: 2.264 loading class 0x000000001a22c2e0 done
Event: 2.344 Thread 0x0000000020df3000 Thread exited: 0x0000000020df3000


Dynamic libraries:
0x000000013fd80000 - 0x000000013fdb3000 	C:\Program Files\Java\jdk1.7.0_45\bin\javaw.exe
0x0000000077330000 - 0x00000000774d9000 	C:\Windows\SYSTEM32\ntdll.dll
0x0000000077110000 - 0x000000007722f000 	C:\Windows\system32\kernel32.dll
0x000007fefd3d0000 - 0x000007fefd43b000 	C:\Windows\system32\KERNELBASE.dll
0x0000000074be0000 - 0x0000000074c6b000 	C:\Program Files\Bitdefender\Bitdefender\Active Virus Control\Avc3_00226_008\avcuf64.dll
0x000007fefe2f0000 - 0x000007fefe3cb000 	C:\Windows\system32\ADVAPI32.dll
0x000007fefd510000 - 0x000007fefd5af000 	C:\Windows\system32\msvcrt.dll
0x000007fefdde0000 - 0x000007fefddff000 	C:\Windows\SYSTEM32\sechost.dll
0x000007fefe450000 - 0x000007fefe57d000 	C:\Windows\system32\RPCRT4.dll
0x0000000077230000 - 0x000000007732a000 	C:\Windows\system32\USER32.dll
0x000007fefd5b0000 - 0x000007fefd617000 	C:\Windows\system32\GDI32.dll
0x000007fefe290000 - 0x000007fefe29e000 	C:\Windows\system32\LPK.dll
0x000007feff550000 - 0x000007feff619000 	C:\Windows\system32\USP10.dll
0x000007fefacc0000 - 0x000007fefaeb4000 	C:\Windows\WinSxS\amd64_microsoft.windows.common-controls_6595b64144ccf1df_6.0.7601.17514_none_fa396087175ac9ac\COMCTL32.dll
0x000007fefd9e0000 - 0x000007fefda51000 	C:\Windows\system32\SHLWAPI.dll
0x000007fefd620000 - 0x000007fefd64e000 	C:\Windows\system32\IMM32.DLL
0x000007fefdcd0000 - 0x000007fefddd9000 	C:\Windows\system32\MSCTF.dll
0x0000000062e30000 - 0x0000000062f02000 	C:\Program Files\Java\jdk1.7.0_45\jre\bin\msvcr100.dll
0x000000005b780000 - 0x000000005bf49000 	C:\Program Files\Java\jdk1.7.0_45\jre\bin\server\jvm.dll
0x000007fefa200000 - 0x000007fefa209000 	C:\Windows\system32\WSOCK32.dll
0x000007fefe2a0000 - 0x000007fefe2ed000 	C:\Windows\system32\WS2_32.dll
0x000007fefdc20000 - 0x000007fefdc28000 	C:\Windows\system32\NSI.dll
0x000007fefc330000 - 0x000007fefc36b000 	C:\Windows\system32\WINMM.dll
0x0000000077500000 - 0x0000000077507000 	C:\Windows\system32\PSAPI.DLL
0x000000006d510000 - 0x000000006d51f000 	C:\Program Files\Java\jdk1.7.0_45\jre\bin\verify.dll
0x0000000064ef0000 - 0x0000000064f18000 	C:\Program Files\Java\jdk1.7.0_45\jre\bin\java.dll
0x0000000064ed0000 - 0x0000000064ee5000 	C:\Program Files\Java\jdk1.7.0_45\jre\bin\zip.dll
0x0000000062c90000 - 0x0000000062e25000 	C:\Program Files\Java\jdk1.7.0_45\jre\bin\awt.dll
0x000007fefd650000 - 0x000007fefd727000 	C:\Windows\system32\OLEAUT32.dll
0x000007fefd7d0000 - 0x000007fefd9d3000 	C:\Windows\system32\ole32.dll
0x000007fefa840000 - 0x000007fefa896000 	C:\Windows\system32\uxtheme.dll
0x0000000180000000 - 0x0000000180052000 	C:\Program Files (x86)\DisplayFusion\Hooks\AppHookWIN6064_334FFADA-7968-4296-BAE9-805937E5F1FB.dll
0x000007fefe580000 - 0x000007feff308000 	C:\Windows\system32\SHELL32.dll
0x000007fefa470000 - 0x000007fefa488000 	C:\Windows\system32\dwmapi.dll
0x000007fefd010000 - 0x000007fefd01f000 	C:\Windows\system32\CRYPTBASE.dll
0x000007fef4400000 - 0x000007fef45ff000 	C:\Windows\system32\d3d9.dll
0x000007fefc2c0000 - 0x000007fefc2cc000 	C:\Windows\system32\VERSION.dll
0x000007fef43f0000 - 0x000007fef43f7000 	C:\Windows\system32\d3d8thk.dll
0x000007fede260000 - 0x000007fedf3b4000 	C:\Windows\system32\nvd3dumx.dll
0x000007fefabb0000 - 0x000007fefabdc000 	C:\Windows\system32\powrprof.dll
0x000007fefde00000 - 0x000007fefdfd7000 	C:\Windows\system32\SETUPAPI.dll
0x000007fefd390000 - 0x000007fefd3c6000 	C:\Windows\system32\CFGMGR32.dll
0x000007fefd1d0000 - 0x000007fefd1ea000 	C:\Windows\system32\DEVOBJ.dll
0x000007fee1c50000 - 0x000007fee1db2000 	C:\Program Files (x86)\NVIDIA Corporation\3D Vision\nvSCPAPI64.dll
0x000000001d770000 - 0x000000001d87e000 	C:\Windows\system32\nvspcap64.dll
0x000007fef8e80000 - 0x000007fef9194000 	C:\Windows\system32\nvapi64.dll
0x000007fefd190000 - 0x000007fefd1ca000 	C:\Windows\system32\WINTRUST.dll
0x000007fefd200000 - 0x000007fefd36c000 	C:\Windows\system32\CRYPT32.dll
0x000007fefd180000 - 0x000007fefd18f000 	C:\Windows\system32\MSASN1.dll
0x000007fefc9b0000 - 0x000007fefc9c7000 	C:\Windows\system32\CRYPTSP.dll
0x000007fefc6b0000 - 0x000007fefc6f7000 	C:\Windows\system32\rsaenh.dll
0x000007fefc420000 - 0x000007fefc43e000 	C:\Windows\system32\USERENV.dll
0x000007fefd0e0000 - 0x000007fefd0ef000 	C:\Windows\system32\profapi.dll
0x0000000064eb0000 - 0x0000000064ec9000 	C:\Program Files\Java\jdk1.7.0_45\jre\bin\net.dll
0x000007fefc950000 - 0x000007fefc9a5000 	C:\Windows\system32\mswsock.dll
0x000007fefc940000 - 0x000007fefc947000 	C:\Windows\System32\wship6.dll
0x000007fefb4f0000 - 0x000007fefb505000 	C:\Windows\system32\NLAapi.dll
0x000007feeb100000 - 0x000007feeb115000 	C:\Windows\system32\napinsp.dll
0x000007feeb0b0000 - 0x000007feeb0c9000 	C:\Windows\system32\pnrpnsp.dll
0x000007fefc7d0000 - 0x000007fefc82b000 	C:\Windows\system32\DNSAPI.dll
0x000007feeb0a0000 - 0x000007feeb0ab000 	C:\Windows\System32\winrnr.dll
0x000007fefba90000 - 0x000007fefba97000 	C:\Windows\System32\wshtcpip.dll
0x000007fefc3a0000 - 0x000007fefc3c7000 	C:\Windows\system32\IPHLPAPI.DLL
0x000007fefc390000 - 0x000007fefc39b000 	C:\Windows\system32\WINNSI.DLL
0x000007feeb7b0000 - 0x000007feeb7b8000 	C:\Windows\system32\rasadhlp.dll
0x000007fef9940000 - 0x000007fef9993000 	C:\Windows\System32\fwpuclnt.dll
0x0000000064e70000 - 0x0000000064e81000 	C:\Program Files\Java\jdk1.7.0_45\jre\bin\nio.dll
0x000007fee49f0000 - 0x000007fee4a27000 	C:\Users\slashershot\AppData\Local\Temp\jna-slashershot\jna3847544522479035659.dll
0x0000000064e40000 - 0x0000000064e69000 	C:\Users\slashershot\Desktop\NEE\libvlc.dll
0x0000000062a10000 - 0x0000000062c81000 	C:\Users\slashershot\Desktop\NEE\libvlccore.dll
0x0000000064de0000 - 0x0000000064e36000 	C:\Users\slashershot\Desktop\NEE\plugins\access\libdshow_plugin.dll
0x0000000064dc0000 - 0x0000000064dd1000 	C:\Users\slashershot\Desktop\NEE\plugins\audio_output\libdirectsound_plugin.dll
0x00000000647a0000 - 0x00000000647b2000 	C:\Users\slashershot\Desktop\NEE\plugins\audio_output\libwaveout_plugin.dll
0x0000000064780000 - 0x000000006479b000 	C:\Users\slashershot\Desktop\NEE\plugins\video_output\libdirectdraw_plugin.dll
0x000007fef91c0000 - 0x000007fef9260000 	C:\Windows\WinSxS\amd64_microsoft.windows.common-controls_6595b64144ccf1df_5.82.7601.18201_none_a4d3b9377117c3df\comctl32.dll
0x0000000064520000 - 0x0000000064566000 	C:\Program Files\Java\jdk1.7.0_45\jre\bin\fontmanager.dll
0x00000000644d0000 - 0x0000000064511000 	C:\Program Files\Java\jdk1.7.0_45\jre\bin\t2k.dll
0x000007fefdc30000 - 0x000007fefdcc9000 	C:\Windows\system32\CLBCatQ.DLL
0x000007fefa8a0000 - 0x000007fefa9cc000 	C:\Windows\system32\propsys.dll
0x000007fefc0d0000 - 0x000007fefc0fd000 	C:\Windows\system32\ntmarta.dll
0x000007fefda60000 - 0x000007fefdab2000 	C:\Windows\system32\WLDAP32.dll
0x000007fefcfb0000 - 0x000007fefd007000 	C:\Windows\system32\apphelp.dll
0x000007fee1a90000 - 0x000007fee1c2c000 	C:\Windows\system32\NetworkExplorer.dll
0x000007fee90d0000 - 0x000007fee9104000 	C:\Windows\System32\shdocvw.dll
0x000007fef9cc0000 - 0x000007fef9ccb000 	C:\Windows\system32\slc.dll
0x000007fefb740000 - 0x000007fefb758000 	C:\Windows\system32\MPR.dll
0x000007fef8a50000 - 0x000007fef8a5a000 	C:\Windows\System32\drprov.dll
0x000007fefc4f0000 - 0x000007fefc52d000 	C:\Windows\System32\WINSTA.dll
0x000007fee4aa0000 - 0x000007fee4ac2000 	C:\Windows\System32\ntlanman.dll
0x000007fee4c50000 - 0x000007fee4c6d000 	C:\Windows\System32\davclnt.dll
0x000007fefa240000 - 0x000007fefa24a000 	C:\Windows\System32\DAVHLPR.dll
0x000007fefbda0000 - 0x000007fefbdb5000 	C:\Windows\system32\wkscli.dll
0x000007feeb790000 - 0x000007feeb79f000 	C:\Windows\system32\cscapi.dll
0x000007fefbdc0000 - 0x000007fefbdcc000 	C:\Windows\system32\netutils.dll
0x000007fed88c0000 - 0x000007fed8b31000 	C:\Windows\system32\wpdshext.dll
0x000007fefa620000 - 0x000007fefa836000 	C:\Windows\WinSxS\amd64_microsoft.windows.gdiplus_6595b64144ccf1df_1.1.7601.18120_none_2b25b14c71ebf230\gdiplus.dll
0x000007feeb2f0000 - 0x000007feeb3ad000 	C:\Windows\system32\PortableDeviceApi.dll
0x000007feede60000 - 0x000007feede95000 	C:\Windows\system32\EhStorShell.dll
0x000007fee4a70000 - 0x000007fee4a97000 	C:\Windows\system32\EhStorAPI.dll
0x000007feeb7c0000 - 0x000007feeb7cc000 	C:\Windows\system32\LINKINFO.dll
0x0000000064770000 - 0x0000000064777000 	C:\Program Files\Java\jdk1.7.0_45\jre\bin\jawt.dll
0x000000005fd80000 - 0x000000005ffc4000 	C:\Users\slashershot\Desktop\NEE\plugins\access\liblibbluray_plugin.dll
0x0000000064610000 - 0x0000000064634000 	C:\Users\slashershot\Desktop\NEE\plugins\access\libaccess_bd_plugin.dll
0x0000000061f90000 - 0x0000000061fdb000 	C:\Users\slashershot\Desktop\NEE\plugins\access\libdvdnav_plugin.dll
0x0000000064750000 - 0x000000006476e000 	C:\Users\slashershot\Desktop\NEE\plugins\access\libaccess_vdr_plugin.dll
0x00000000644b0000 - 0x00000000644c7000 	C:\Users\slashershot\Desktop\NEE\plugins\access\libfilesystem_plugin.dll
0x00000000629f0000 - 0x0000000062a0a000 	C:\Users\slashershot\Desktop\NEE\plugins\stream_filter\libsmooth_plugin.dll
0x0000000061d00000 - 0x0000000061d9e000 	C:\Users\slashershot\Desktop\NEE\plugins\stream_filter\libhttplive_plugin.dll
0x0000000061c00000 - 0x0000000061cf1000 	C:\Users\slashershot\Desktop\NEE\plugins\stream_filter\libdash_plugin.dll
0x0000000061f60000 - 0x0000000061f88000 	C:\Users\slashershot\Desktop\NEE\plugins\access\libzip_plugin.dll
0x0000000061f40000 - 0x0000000061f55000 	C:\Users\slashershot\Desktop\NEE\plugins\access\libstream_filter_rar_plugin.dll
0x0000000064740000 - 0x000000006474e000 	C:\Users\slashershot\Desktop\NEE\plugins\stream_filter\librecord_plugin.dll
0x0000000061b20000 - 0x0000000061b57000 	C:\Users\slashershot\Desktop\NEE\plugins\demux\libmp4_plugin.dll
0x0000000060290000 - 0x00000000602ec000 	C:\Users\slashershot\Desktop\NEE\plugins\codec\libpng_plugin.dll
0x00000000629e0000 - 0x00000000629ef000 	C:\Users\slashershot\Desktop\NEE\plugins\codec\libcdg_plugin.dll
0x000000005fb20000 - 0x000000005fc97000 	C:\Users\slashershot\Desktop\NEE\plugins\codec\libschroedinger_plugin.dll
0x00000000644a0000 - 0x00000000644b0000 	C:\Users\slashershot\Desktop\NEE\plugins\codec\libdts_plugin.dll
0x0000000060230000 - 0x000000006028a000 	C:\Users\slashershot\Desktop\NEE\plugins\codec\libtheora_plugin.dll
0x0000000060180000 - 0x00000000601ed000 	C:\Users\slashershot\Desktop\NEE\plugins\codec\libfaad_plugin.dll
0x0000000060130000 - 0x0000000060171000 	C:\Users\slashershot\Desktop\NEE\plugins\codec\libflac_plugin.dll
0x0000000061b00000 - 0x0000000061b12000 	C:\Users\slashershot\Desktop\NEE\plugins\codec\libg711_plugin.dll
0x0000000061af0000 - 0x0000000061aff000 	C:\Users\slashershot\Desktop\NEE\plugins\codec\libaes3_plugin.dll
0x000000005ecd0000 - 0x000000005ee61000 	C:\Users\slashershot\Desktop\NEE\plugins\codec\liblibass_plugin.dll
0x00000000600f0000 - 0x0000000060128000 	C:\Users\slashershot\Desktop\NEE\plugins\codec\libspeex_plugin.dll
0x0000000060e90000 - 0x0000000060ea0000 	C:\Users\slashershot\Desktop\NEE\plugins\codec\liblpcm_plugin.dll
0x0000000060020000 - 0x00000000600ee000 	C:\Users\slashershot\Desktop\NEE\plugins\codec\libvorbis_plugin.dll
0x0000000060e80000 - 0x0000000060e8f000 	C:\Users\slashershot\Desktop\NEE\plugins\codec\libmpeg_audio_plugin.dll
0x0000000060000000 - 0x0000000060012000 	C:\Users\slashershot\Desktop\NEE\plugins\codec\libaraw_plugin.dll

VM Arguments:
jvm_args: -Dfile.encoding=Cp1252 
java_command: ui.PlayVideoFrame
Launcher Type: SUN_STANDARD

Environment Variables:
PATH=C:\Windows\system32;C:\Program Files (x86)\NVIDIA Corporation\PhysX\Common;C:\Windows;C:\Windows\System32\Wbem;C:\Windows\System32\WindowsPowerShell\v1.0\;C:\Program Files\OpenVPN\bin;C:\Program Files (x86)\Common Files\Acronis\SnapAPI\;C:\strawberry\c\bin;C:\strawberry\perl\site\bin;C:\strawberry\perl\bin;C:\Windows\system32\WindowsPowerShell\v1.0\;C:\Program Files (x86)\NVIDIA Corporation\PhysX\Common;C:\Windows\system32;C:\Windows;C:\Windows\System32\Wbem;C:\Windows\System32\WindowsPowerShell\v1.0\;C:\Python27;
USERNAME=slashershot
OS=Windows_NT
PROCESSOR_IDENTIFIER=Intel64 Family 6 Model 58 Stepping 9, GenuineIntel



---------------  S Y S T E M  ---------------

OS: Windows 7 , 64 bit Build 7601 Service Pack 1

CPU:total 8 (4 cores per cpu, 2 threads per core) family 6 model 58 stepping 9, cmov, cx8, fxsr, mmx, sse, sse2, sse3, ssse3, sse4.1, sse4.2, popcnt, avx, aes, erms, ht, tsc, tscinvbit, tscinv

Memory: 4k page, physical 33497616k(23504708k free), swap 66993368k(55012904k free)

vm_info: Java HotSpot(TM) 64-Bit Server VM (24.45-b08) for windows-amd64 JRE (1.7.0_45-b18), built on Oct  8 2013 05:47:22 by "java_re" with unknown MS VC++:1600

time: Mon Feb 10 21:23:21 2014
elapsed time: 2 seconds

