#
# A fatal error has been detected by the Java Runtime Environment:
#
#  EXCEPTION_ACCESS_VIOLATION (0xc0000005) at pc=0x000000007737e4e4, pid=5092, tid=9100
#
# JRE version: Java(TM) SE Runtime Environment (7.0_45-b18) (build 1.7.0_45-b18)
# Java VM: Java HotSpot(TM) 64-Bit Server VM (24.45-b08 mixed mode windows-amd64 compressed oops)
# Problematic frame:
# C  [ntdll.dll+0x4e4e4]
#
# Failed to write core dump. Minidumps are not enabled by default on client versions of Windows
#
# If you would like to submit a bug report, please visit:
#   http://bugreport.sun.com/bugreport/crash.jsp
# The crash happened outside the Java Virtual Machine in native code.
# See problematic frame for where to report the bug.
#

---------------  T H R E A D  ---------------

Current thread (0x000000001a114000):  JavaThread "AWT-EventQueue-0" [_thread_in_native, id=9100, stack(0x000000001c160000,0x000000001c260000)]

siginfo: ExceptionCode=0xc0000005, writing address 0x0000000000000024

Registers:
RAX=0x0000000000000000, RBX=0x0000000000507588, RCX=0x00000000fffffffc, RDX=0x0000000000000928
RSP=0x000000001c25daa0, RBP=0x0000000000000000, RSI=0x0000000000000928, RDI=0x0000000000000000
R8 =0x000000001c25da58, R9 =0x0000000000000004, R10=0x0000000000000000, R11=0x0000000000000246
R12=0x0000000000000000, R13=0x0000000000000000, R14=0x000007fffff88000, R15=0x0000000000000000
RIP=0x000000007737e4e4, EFLAGS=0x0000000000010213

Top of Stack: (sp=0x000000001c25daa0)
0x000000001c25daa0:   0000000000000000 0000000000000928
0x000000001c25dab0:   000000001ecb7f70 000007ffffe40000
0x000000001c25dac0:   000000001ecb7f80 0000000000000000
0x000000001c25dad0:   0000000064dc0000 00000000773884c1
0x000000001c25dae0:   000000003f00013e 000000005945eca5
0x000000001c25daf0:   0000000000000012 000000001a114000
0x000000001c25db00:   000000001ec20230 000000001ec20230
0x000000001c25db10:   000000001ec202a8 000007fee4a911bb
0x000000001c25db20:   000000001a114000 000000001c25e360
0x000000001c25db30:   0000000000000004 0000000000000001
0x000000001c25db40:   00000000ff000000 000000007737e40b
0x000000001c25db50:   0000000000000000 0000000000000000
0x000000001c25db60:   00000005fc7ff110 0000000000507588
0x000000001c25db70:   0000000000507580 0000000064dca595
0x000000001c25db80:   000000001c25dbf0 0000000000507550
0x000000001c25db90:   00000000024c63f0 000007fee4aa76c1 

Instructions: (pc=0x000000007737e4e4)
0x000000007737e4c4:   0f b1 4b 08 0f 85 9b 47 fd ff 48 8b 03 4c 89 ac
0x000000007737e4d4:   24 c0 00 00 00 33 ed 45 33 ed 48 83 f8 ff 74 03
0x000000007737e4e4:   ff 40 24 ba 22 17 00 00 48 8d 3d 9d 8f 0e 00 80
0x000000007737e4f4:   3c 25 82 03 fe 7f 00 0f 85 b3 bd 01 00 48 83 fe 


Register to memory mapping:

RAX=0x0000000000000000 is an unknown value
RBX=0x0000000000507588 is an unknown value
RCX=0x00000000fffffffc is an unknown value
RDX=0x0000000000000928 is an unknown value
RSP=0x000000001c25daa0 is pointing into the stack for thread: 0x000000001a114000
RBP=0x0000000000000000 is an unknown value
RSI=0x0000000000000928 is an unknown value
RDI=0x0000000000000000 is an unknown value
R8 =0x000000001c25da58 is pointing into the stack for thread: 0x000000001a114000
R9 =0x0000000000000004 is an unknown value
R10=0x0000000000000000 is an unknown value
R11=0x0000000000000246 is an unknown value
R12=0x0000000000000000 is an unknown value
R13=0x0000000000000000 is an unknown value
R14=0x000007fffff88000 is an unknown value
R15=0x0000000000000000 is an unknown value


Stack: [0x000000001c160000,0x000000001c260000],  sp=0x000000001c25daa0,  free space=1014k
Native frames: (J=compiled Java code, j=interpreted, Vv=VM code, C=native code)
C  [ntdll.dll+0x4e4e4]

[error occurred during error reporting (printing native stack), id 0xc0000005]

Java frames: (J=compiled Java code, j=interpreted, Vv=VM code)
j  com.sun.jna.Native.invokeInt(JI[Ljava/lang/Object;)I+0
j  com.sun.jna.Function.invoke([Ljava/lang/Object;Ljava/lang/Class;Z)Ljava/lang/Object;+333
j  com.sun.jna.Function.invoke(Ljava/lang/Class;[Ljava/lang/Object;Ljava/util/Map;)Ljava/lang/Object;+214
j  com.sun.jna.Library$Handler.invoke(Ljava/lang/Object;Ljava/lang/reflect/Method;[Ljava/lang/Object;)Ljava/lang/Object;+341
j  com.sun.proxy.$Proxy0.libvlc_media_player_is_playing(Luk/co/caprica/vlcj/binding/internal/libvlc_media_player_t;)I+16
j  uk.co.caprica.vlcj.player.DefaultMediaPlayer.isPlaying()Z+17
j  ui.PlayerControlsPanel$UpdateRunnable$1.run()V+7
j  java.awt.event.InvocationEvent.dispatch()V+47
j  java.awt.EventQueue.dispatchEventImpl(Ljava/awt/AWTEvent;Ljava/lang/Object;)V+21
j  java.awt.EventQueue.access$200(Ljava/awt/EventQueue;Ljava/awt/AWTEvent;Ljava/lang/Object;)V+3
j  java.awt.EventQueue$3.run()Ljava/lang/Void;+12
j  java.awt.EventQueue$3.run()Ljava/lang/Object;+1
v  ~StubRoutines::call_stub
j  java.security.AccessController.doPrivileged(Ljava/security/PrivilegedAction;Ljava/security/AccessControlContext;)Ljava/lang/Object;+0
j  java.security.ProtectionDomain$1.doIntersectionPrivilege(Ljava/security/PrivilegedAction;Ljava/security/AccessControlContext;Ljava/security/AccessControlContext;)Ljava/lang/Object;+28
j  java.awt.EventQueue.dispatchEvent(Ljava/awt/AWTEvent;)V+46
j  java.awt.EventDispatchThread.pumpOneEventForFilters(I)V+245
j  java.awt.EventDispatchThread.pumpEventsForFilter(ILjava/awt/Conditional;Ljava/awt/EventFilter;)V+35
j  java.awt.EventDispatchThread.pumpEventsForHierarchy(ILjava/awt/Conditional;Ljava/awt/Component;)V+11
j  java.awt.EventDispatchThread.pumpEvents(ILjava/awt/Conditional;)V+4
j  java.awt.EventDispatchThread.pumpEvents(Ljava/awt/Conditional;)V+3
j  java.awt.EventDispatchThread.run()V+9
v  ~StubRoutines::call_stub

---------------  P R O C E S S  ---------------

Java Threads: ( => current thread )
  0x0000000021f30800 JavaThread "pool-2-thread-1" [_thread_blocked, id=9508, stack(0x00000000201c0000,0x00000000202c0000)]
  0x000000001e67f800 JavaThread "Swing-Shell" daemon [_thread_blocked, id=10076, stack(0x000000001fe00000,0x000000001ff00000)]
  0x000000001e537000 JavaThread "Image Fetcher 0" daemon [_thread_blocked, id=6188, stack(0x000000001fa20000,0x000000001fb20000)]
  0x000000001a281800 JavaThread "Abandoned connection cleanup thread" daemon [_thread_blocked, id=8140, stack(0x000000001f6a0000,0x000000001f7a0000)]
  0x000000001a399800 JavaThread "TimerQueue" daemon [_thread_blocked, id=6464, stack(0x0000000021e30000,0x0000000021f30000)]
  0x000000001a2f6800 JavaThread "D3D Screen Updater" daemon [_thread_blocked, id=7952, stack(0x00000000213c0000,0x00000000214c0000)]
  0x000000000026e800 JavaThread "DestroyJavaVM" [_thread_blocked, id=9500, stack(0x00000000023c0000,0x00000000024c0000)]
=>0x000000001a114000 JavaThread "AWT-EventQueue-0" [_thread_in_native, id=9100, stack(0x000000001c160000,0x000000001c260000)]
  0x000000001a113800 JavaThread "AWT-Windows" daemon [_thread_in_native, id=8792, stack(0x000000001c030000,0x000000001c130000)]
  0x000000001a112800 JavaThread "AWT-Shutdown" [_thread_blocked, id=10004, stack(0x000000001bef0000,0x000000001bff0000)]
  0x000000001a112000 JavaThread "Java2D Disposer" daemon [_thread_blocked, id=8648, stack(0x000000001bde0000,0x000000001bee0000)]
  0x000000001900f000 JavaThread "Service Thread" daemon [_thread_blocked, id=8324, stack(0x000000001b500000,0x000000001b600000)]
  0x000000001900c800 JavaThread "C2 CompilerThread1" daemon [_thread_blocked, id=5780, stack(0x000000001b9b0000,0x000000001bab0000)]
  0x0000000019003800 JavaThread "C2 CompilerThread0" daemon [_thread_blocked, id=8900, stack(0x000000001b760000,0x000000001b860000)]
  0x0000000019002000 JavaThread "Attach Listener" daemon [_thread_blocked, id=5344, stack(0x000000001b630000,0x000000001b730000)]
  0x0000000019001000 JavaThread "Signal Dispatcher" daemon [_thread_blocked, id=6344, stack(0x000000001b3c0000,0x000000001b4c0000)]
  0x000000000220c800 JavaThread "Finalizer" daemon [_thread_blocked, id=10572, stack(0x000000001b2b0000,0x000000001b3b0000)]
  0x0000000002204000 JavaThread "Reference Handler" daemon [_thread_blocked, id=8964, stack(0x000000001b1b0000,0x000000001b2b0000)]

Other Threads:
  0x0000000018fec800 VMThread [stack: 0x000000001b030000,0x000000001b130000] [id=4452]
  0x000000001a0d0000 WatcherThread [stack: 0x000000001bc40000,0x000000001bd40000] [id=10820]

VM state:not at safepoint (normal execution)

VM Mutex/Monitor currently owned by a thread: None

Heap
 PSYoungGen      total 153088K, used 57920K [0x0000000755900000, 0x0000000760380000, 0x0000000800000000)
  eden space 131584K, 44% used [0x0000000755900000,0x0000000759190060,0x000000075d980000)
  from space 21504K, 0% used [0x000000075ee80000,0x000000075ee80000,0x0000000760380000)
  to   space 21504K, 0% used [0x000000075d980000,0x000000075d980000,0x000000075ee80000)
 ParOldGen       total 348672K, used 0K [0x0000000600c00000, 0x0000000616080000, 0x0000000755900000)
  object space 348672K, 0% used [0x0000000600c00000,0x0000000600c00000,0x0000000616080000)
 PSPermGen       total 21504K, used 17338K [0x00000005fba00000, 0x00000005fcf00000, 0x0000000600c00000)
  object space 21504K, 80% used [0x00000005fba00000,0x00000005fcaeeb70,0x00000005fcf00000)

Card table byte_map: [0x0000000005580000,0x00000000065b0000] byte_map_base: 0x00000000025a3000

Polling page: 0x0000000000220000

Code Cache  [0x00000000024c0000, 0x0000000002730000, 0x00000000054c0000)
 total_blobs=626 nmethods=103 adapters=475 free_code_cache=48371Kb largest_free_block=49490816

Compilation events (10 events):
Event: 8.821 Thread 0x0000000019003800 nmethod 98 0x0000000002582d10 code [0x0000000002582f20, 0x0000000002583f40]
Event: 8.821 Thread 0x0000000019003800  102             java.lang.String::startsWith (7 bytes)
Event: 8.822 Thread 0x0000000019003800 nmethod 102 0x0000000002580a50 code [0x0000000002580ba0, 0x0000000002580cb8]
Event: 8.833 Thread 0x0000000019003800  103             sun.misc.MetaIndex::mayContain (51 bytes)
Event: 8.836 Thread 0x0000000019003800 nmethod 103 0x000000000257a990 code [0x000000000257aae0, 0x000000000257ad38]
Event: 8.836 Thread 0x0000000019003800  104             sun.reflect.ClassFileAssembler::emitByte (11 bytes)
Event: 8.837 Thread 0x0000000019003800 nmethod 104 0x000000000257a590 code [0x000000000257a6e0, 0x000000000257a808]
Event: 8.837 Thread 0x0000000019003800  105             sun.reflect.ByteVectorImpl::add (38 bytes)
Event: 8.838 Thread 0x0000000019003800 nmethod 105 0x000000000257a210 code [0x000000000257a360, 0x000000000257a468]
Event: 8.842 Thread 0x000000001900c800 nmethod 101% 0x0000000002588c50 code [0x0000000002588ec0, 0x000000000258b568]

GC Heap History (0 events):
No events

Deoptimization events (10 events):
Event: 1.786 Thread 0x000000001a114000 Uncommon trap: reason=class_check action=maybe_recompile pc=0x000000000253d750 method=java.lang.String.equals(Ljava/lang/Object;)Z @ 8
Event: 5.410 Thread 0x000000001a114000 Uncommon trap: reason=class_check action=maybe_recompile pc=0x00000000025339bc method=java.util.Properties$LineReader.readLine()I @ 62
Event: 5.411 Thread 0x000000001a114000 Uncommon trap: reason=class_check action=maybe_recompile pc=0x00000000025339bc method=java.util.Properties$LineReader.readLine()I @ 62
Event: 5.412 Thread 0x000000001a114000 Uncommon trap: reason=class_check action=maybe_recompile pc=0x00000000025339bc method=java.util.Properties$LineReader.readLine()I @ 62
Event: 5.413 Thread 0x000000001a114000 Uncommon trap: reason=class_check action=maybe_recompile pc=0x00000000025339bc method=java.util.Properties$LineReader.readLine()I @ 62
Event: 8.728 Thread 0x000000001e67f800 Uncommon trap: reason=class_check action=maybe_recompile pc=0x0000000002559b48 method=java.util.concurrent.locks.AbstractQueuedSynchronizer.release(I)Z @ 2
Event: 8.728 Thread 0x000000001e67f800 Uncommon trap: reason=class_check action=maybe_recompile pc=0x0000000002559b48 method=java.util.concurrent.locks.AbstractQueuedSynchronizer.release(I)Z @ 2
Event: 8.729 Thread 0x000000001e67f800 Uncommon trap: reason=class_check action=maybe_recompile pc=0x0000000002559b48 method=java.util.concurrent.locks.AbstractQueuedSynchronizer.release(I)Z @ 2
Event: 8.729 Thread 0x000000001e67f800 Uncommon trap: reason=class_check action=maybe_recompile pc=0x0000000002559b48 method=java.util.concurrent.locks.AbstractQueuedSynchronizer.release(I)Z @ 2
Event: 8.765 Thread 0x000000001a114000 Uncommon trap: reason=unloaded action=reinterpret pc=0x000000000255c918 method=java.lang.CharacterData.of(I)Ljava/lang/CharacterData; @ 96

Internal exceptions (10 events):
Event: 8.833 Thread 0x000000001a114000 Threw 0x0000000757b7f8a8 at C:\re\jdk7u45\229\hotspot\src\share\vm\prims\jvm.cpp:1244
Event: 8.833 Thread 0x000000001a114000 Threw 0x0000000757b846c8 at C:\re\jdk7u45\229\hotspot\src\share\vm\prims\jvm.cpp:1244
Event: 8.833 Thread 0x000000001a114000 Threw 0x0000000757b89a18 at C:\re\jdk7u45\229\hotspot\src\share\vm\prims\jvm.cpp:1244
Event: 8.833 Thread 0x000000001a114000 Threw 0x0000000757b8de00 at C:\re\jdk7u45\229\hotspot\src\share\vm\prims\jvm.cpp:1244
Event: 8.834 Thread 0x000000001e8eb000 Threw 0x0000000758748a60 at C:\re\jdk7u45\229\hotspot\src\share\vm\prims\jvm.cpp:1244
Event: 8.835 Thread 0x000000001a114000 Threw 0x0000000757b96880 at C:\re\jdk7u45\229\hotspot\src\share\vm\prims\jvm.cpp:1244
Event: 8.838 Thread 0x000000001a114000 Threw 0x0000000757baf200 at C:\re\jdk7u45\229\hotspot\src\share\vm\prims\jvm.cpp:1244
Event: 8.842 Thread 0x000000001e83a000 Threw 0x00000007589ea970 at C:\re\jdk7u45\229\hotspot\src\share\vm\prims\jvm.cpp:1244
Event: 8.843 Thread 0x000000001e83a000 Threw 0x0000000758c7c850 at C:\re\jdk7u45\229\hotspot\src\share\vm\prims\jvm.cpp:1244
Event: 8.845 Thread 0x000000001e83a000 Threw 0x0000000758f0e798 at C:\re\jdk7u45\229\hotspot\src\share\vm\prims\jvm.cpp:1244

Events (10 events):
Event: 8.845 Executing VM operation: RevokeBias
Event: 8.845 Executing VM operation: RevokeBias done
Event: 8.845 Thread 0x000000001e83a000 Thread exited: 0x000000001e83a000
Event: 8.861 Executing VM operation: RevokeBias
Event: 8.861 Executing VM operation: RevokeBias done
Event: 8.861 Thread 0x000000001e8eb000 Thread exited: 0x000000001e8eb000
Event: 8.861 Executing VM operation: RevokeBias
Event: 8.861 Executing VM operation: RevokeBias done
Event: 8.862 Executing VM operation: RevokeBias
Event: 8.862 Executing VM operation: RevokeBias done


Dynamic libraries:
0x000000013f600000 - 0x000000013f633000 	C:\Program Files\Java\jdk1.7.0_45\bin\javaw.exe
0x0000000077330000 - 0x00000000774d9000 	C:\Windows\SYSTEM32\ntdll.dll
0x0000000077110000 - 0x000000007722f000 	C:\Windows\system32\kernel32.dll
0x000007fefd3d0000 - 0x000007fefd43b000 	C:\Windows\system32\KERNELBASE.dll
0x0000000074be0000 - 0x0000000074c6b000 	C:\Program Files\Bitdefender\Bitdefender\Active Virus Control\Avc3_00226_008\avcuf64.dll
0x000007fefe2f0000 - 0x000007fefe3cb000 	C:\Windows\system32\ADVAPI32.dll
0x000007fefd510000 - 0x000007fefd5af000 	C:\Windows\system32\msvcrt.dll
0x000007fefdde0000 - 0x000007fefddff000 	C:\Windows\SYSTEM32\sechost.dll
0x000007fefe450000 - 0x000007fefe57d000 	C:\Windows\system32\RPCRT4.dll
0x0000000077230000 - 0x000000007732a000 	C:\Windows\system32\USER32.dll
0x000007fefd5b0000 - 0x000007fefd617000 	C:\Windows\system32\GDI32.dll
0x000007fefe290000 - 0x000007fefe29e000 	C:\Windows\system32\LPK.dll
0x000007feff550000 - 0x000007feff619000 	C:\Windows\system32\USP10.dll
0x000007fefacc0000 - 0x000007fefaeb4000 	C:\Windows\WinSxS\amd64_microsoft.windows.common-controls_6595b64144ccf1df_6.0.7601.17514_none_fa396087175ac9ac\COMCTL32.dll
0x000007fefd9e0000 - 0x000007fefda51000 	C:\Windows\system32\SHLWAPI.dll
0x000007fefd620000 - 0x000007fefd64e000 	C:\Windows\system32\IMM32.DLL
0x000007fefdcd0000 - 0x000007fefddd9000 	C:\Windows\system32\MSCTF.dll
0x0000000062e30000 - 0x0000000062f02000 	C:\Program Files\Java\jdk1.7.0_45\jre\bin\msvcr100.dll
0x00000000593c0000 - 0x0000000059b89000 	C:\Program Files\Java\jdk1.7.0_45\jre\bin\server\jvm.dll
0x000007fefa200000 - 0x000007fefa209000 	C:\Windows\system32\WSOCK32.dll
0x000007fefe2a0000 - 0x000007fefe2ed000 	C:\Windows\system32\WS2_32.dll
0x000007fefdc20000 - 0x000007fefdc28000 	C:\Windows\system32\NSI.dll
0x000007fefc330000 - 0x000007fefc36b000 	C:\Windows\system32\WINMM.dll
0x0000000077500000 - 0x0000000077507000 	C:\Windows\system32\PSAPI.DLL
0x0000000064f00000 - 0x0000000064f0f000 	C:\Program Files\Java\jdk1.7.0_45\jre\bin\verify.dll
0x0000000064ed0000 - 0x0000000064ef8000 	C:\Program Files\Java\jdk1.7.0_45\jre\bin\java.dll
0x0000000064eb0000 - 0x0000000064ec5000 	C:\Program Files\Java\jdk1.7.0_45\jre\bin\zip.dll
0x0000000062c90000 - 0x0000000062e25000 	C:\Program Files\Java\jdk1.7.0_45\jre\bin\awt.dll
0x000007fefd650000 - 0x000007fefd727000 	C:\Windows\system32\OLEAUT32.dll
0x000007fefd7d0000 - 0x000007fefd9d3000 	C:\Windows\system32\ole32.dll
0x000007fefa840000 - 0x000007fefa896000 	C:\Windows\system32\uxtheme.dll
0x0000000180000000 - 0x0000000180052000 	C:\Program Files (x86)\DisplayFusion\Hooks\AppHookWIN6064_334FFADA-7968-4296-BAE9-805937E5F1FB.dll
0x000007fefe580000 - 0x000007feff308000 	C:\Windows\system32\SHELL32.dll
0x000007fefa470000 - 0x000007fefa488000 	C:\Windows\system32\dwmapi.dll
0x000007fefd010000 - 0x000007fefd01f000 	C:\Windows\system32\CRYPTBASE.dll
0x000007fef4400000 - 0x000007fef45ff000 	C:\Windows\system32\d3d9.dll
0x000007fefc2c0000 - 0x000007fefc2cc000 	C:\Windows\system32\VERSION.dll
0x000007fef43f0000 - 0x000007fef43f7000 	C:\Windows\system32\d3d8thk.dll
0x000007fede260000 - 0x000007fedf3b4000 	C:\Windows\system32\nvd3dumx.dll
0x000007fefabb0000 - 0x000007fefabdc000 	C:\Windows\system32\powrprof.dll
0x000007fefde00000 - 0x000007fefdfd7000 	C:\Windows\system32\SETUPAPI.dll
0x000007fefd390000 - 0x000007fefd3c6000 	C:\Windows\system32\CFGMGR32.dll
0x000007fefd1d0000 - 0x000007fefd1ea000 	C:\Windows\system32\DEVOBJ.dll
0x000007fedb790000 - 0x000007fedb8f2000 	C:\Program Files (x86)\NVIDIA Corporation\3D Vision\nvSCPAPI64.dll
0x000000001d7c0000 - 0x000000001d8ce000 	C:\Windows\system32\nvspcap64.dll
0x000007fef8e80000 - 0x000007fef9194000 	C:\Windows\system32\nvapi64.dll
0x000007fefd190000 - 0x000007fefd1ca000 	C:\Windows\system32\WINTRUST.dll
0x000007fefd200000 - 0x000007fefd36c000 	C:\Windows\system32\CRYPT32.dll
0x000007fefd180000 - 0x000007fefd18f000 	C:\Windows\system32\MSASN1.dll
0x0000000064e70000 - 0x0000000064e89000 	C:\Program Files\Java\jdk1.7.0_45\jre\bin\net.dll
0x000007fefc950000 - 0x000007fefc9a5000 	C:\Windows\system32\mswsock.dll
0x000007fefc940000 - 0x000007fefc947000 	C:\Windows\System32\wship6.dll
0x000007fefba90000 - 0x000007fefba97000 	C:\Windows\System32\wshtcpip.dll
0x000007fefc7d0000 - 0x000007fefc82b000 	C:\Windows\system32\DNSAPI.dll
0x000007fefc3a0000 - 0x000007fefc3c7000 	C:\Windows\system32\IPHLPAPI.DLL
0x000007fefc390000 - 0x000007fefc39b000 	C:\Windows\system32\WINNSI.DLL
0x000007feeb7b0000 - 0x000007feeb7b8000 	C:\Windows\system32\rasadhlp.dll
0x000007fef9940000 - 0x000007fef9993000 	C:\Windows\System32\fwpuclnt.dll
0x0000000064df0000 - 0x0000000064e36000 	C:\Program Files\Java\jdk1.7.0_45\jre\bin\fontmanager.dll
0x000007fefdc30000 - 0x000007fefdcc9000 	C:\Windows\system32\CLBCatQ.DLL
0x000007fefa2c0000 - 0x000007fefa421000 	C:\Windows\system32\WindowsCodecs.dll
0x000007fefcfb0000 - 0x000007fefd007000 	C:\Windows\system32\apphelp.dll
0x000007feede60000 - 0x000007feede95000 	C:\Windows\system32\EhStorShell.dll
0x000007fefa8a0000 - 0x000007fefa9cc000 	C:\Windows\system32\PROPSYS.dll
0x000007fee9510000 - 0x000007fee954e000 	C:\Users\Public\Fundata\FunSeed64V037.dll
0x000007feeb9c0000 - 0x000007feeb9c9000 	C:\Program Files (x86)\Internet Download Manager\IDMShellExt64.dll
0x000007fee9410000 - 0x000007fee948e000 	C:\Windows\System32\cscui.dll
0x000007feeb9b0000 - 0x000007feeb9bc000 	C:\Windows\System32\CSCDLL.dll
0x000007feeb790000 - 0x000007feeb79f000 	C:\Windows\system32\CSCAPI.dll
0x000007fee9390000 - 0x000007fee9410000 	C:\Windows\system32\ntshrui.dll
0x000007fefcc30000 - 0x000007fefcc53000 	C:\Windows\system32\srvcli.dll
0x000007fef9cc0000 - 0x000007fef9ccb000 	C:\Windows\system32\slc.dll
0x000007fee9350000 - 0x000007fee9385000 	C:\Program Files\Bitdefender\Bitdefender SafeBox\SafeBoxShell.dll
0x000007fefcf80000 - 0x000007fefcfa5000 	C:\Windows\system32\SspiCli.dll
0x0000000064e50000 - 0x0000000064e61000 	C:\Program Files\Java\jdk1.7.0_45\jre\bin\nio.dll
0x0000000064520000 - 0x0000000064561000 	C:\Program Files\Java\jdk1.7.0_45\jre\bin\t2k.dll
0x000007fefc9b0000 - 0x000007fefc9c7000 	C:\Windows\system32\CRYPTSP.dll
0x000007fefc6b0000 - 0x000007fefc6f7000 	C:\Windows\system32\rsaenh.dll
0x000007fefc420000 - 0x000007fefc43e000 	C:\Windows\system32\USERENV.dll
0x000007fefd0e0000 - 0x000007fefd0ef000 	C:\Windows\system32\profapi.dll
0x000007fefb4f0000 - 0x000007fefb505000 	C:\Windows\system32\NLAapi.dll
0x000007feeb100000 - 0x000007feeb115000 	C:\Windows\system32\napinsp.dll
0x000007feeb0b0000 - 0x000007feeb0c9000 	C:\Windows\system32\pnrpnsp.dll
0x000007feeb0a0000 - 0x000007feeb0ab000 	C:\Windows\System32\winrnr.dll
0x000007fee4a90000 - 0x000007fee4ac7000 	C:\Users\slashershot\AppData\Local\Temp\jna-slashershot\jna6897525229567901401.dll
0x0000000064dc0000 - 0x0000000064de9000 	C:\Users\slashershot\Desktop\NEE\libvlc.dll
0x0000000062a10000 - 0x0000000062c81000 	C:\Users\slashershot\Desktop\NEE\libvlccore.dll
0x0000000064760000 - 0x00000000647b6000 	C:\Users\slashershot\Desktop\NEE\plugins\access\libdshow_plugin.dll
0x0000000064740000 - 0x0000000064751000 	C:\Users\slashershot\Desktop\NEE\plugins\audio_output\libdirectsound_plugin.dll
0x0000000064500000 - 0x0000000064512000 	C:\Users\slashershot\Desktop\NEE\plugins\audio_output\libwaveout_plugin.dll
0x0000000064620000 - 0x000000006463b000 	C:\Users\slashershot\Desktop\NEE\plugins\video_output\libdirectdraw_plugin.dll
0x000007fef91c0000 - 0x000007fef9260000 	C:\Windows\WinSxS\amd64_microsoft.windows.common-controls_6595b64144ccf1df_5.82.7601.18201_none_a4d3b9377117c3df\comctl32.dll
0x000007fefc0d0000 - 0x000007fefc0fd000 	C:\Windows\system32\ntmarta.dll
0x000007fefda60000 - 0x000007fefdab2000 	C:\Windows\system32\WLDAP32.dll
0x000007fee1a90000 - 0x000007fee1c2c000 	C:\Windows\system32\NetworkExplorer.dll
0x000007fee90d0000 - 0x000007fee9104000 	C:\Windows\System32\shdocvw.dll
0x000007fefb740000 - 0x000007fefb758000 	C:\Windows\system32\MPR.dll
0x000007feeb3b0000 - 0x000007feeb3ba000 	C:\Windows\System32\drprov.dll
0x000007fefc4f0000 - 0x000007fefc52d000 	C:\Windows\System32\WINSTA.dll
0x000007fee5c80000 - 0x000007fee5ca2000 	C:\Windows\System32\ntlanman.dll
0x000007fee4a70000 - 0x000007fee4a8d000 	C:\Windows\System32\davclnt.dll
0x000007feeb2d0000 - 0x000007feeb2da000 	C:\Windows\System32\DAVHLPR.dll
0x000007fefbda0000 - 0x000007fefbdb5000 	C:\Windows\system32\wkscli.dll
0x000007fefbdc0000 - 0x000007fefbdcc000 	C:\Windows\system32\netutils.dll
0x000007fed8a60000 - 0x000007fed8cd1000 	C:\Windows\system32\wpdshext.dll
0x000007fefa620000 - 0x000007fefa836000 	C:\Windows\WinSxS\amd64_microsoft.windows.gdiplus_6595b64144ccf1df_1.1.7601.18120_none_2b25b14c71ebf230\gdiplus.dll
0x000007feeb2f0000 - 0x000007feeb3ad000 	C:\Windows\system32\PortableDeviceApi.dll
0x000007fee4c40000 - 0x000007fee4c67000 	C:\Windows\system32\EhStorAPI.dll
0x000007feeb7c0000 - 0x000007feeb7cc000 	C:\Windows\system32\LINKINFO.dll
0x000000006d510000 - 0x000000006d517000 	C:\Program Files\Java\jdk1.7.0_45\jre\bin\jawt.dll
0x000000005fd80000 - 0x000000005ffc4000 	C:\Users\slashershot\Desktop\NEE\plugins\access\liblibbluray_plugin.dll
0x00000000644d0000 - 0x00000000644f4000 	C:\Users\slashershot\Desktop\NEE\plugins\access\libaccess_bd_plugin.dll
0x0000000061f90000 - 0x0000000061fdb000 	C:\Users\slashershot\Desktop\NEE\plugins\access\libdvdnav_plugin.dll
0x00000000644b0000 - 0x00000000644ce000 	C:\Users\slashershot\Desktop\NEE\plugins\access\libaccess_vdr_plugin.dll
0x00000000629f0000 - 0x0000000062a07000 	C:\Users\slashershot\Desktop\NEE\plugins\access\libfilesystem_plugin.dll
0x0000000061f70000 - 0x0000000061f8a000 	C:\Users\slashershot\Desktop\NEE\plugins\stream_filter\libsmooth_plugin.dll
0x0000000061d00000 - 0x0000000061d9e000 	C:\Users\slashershot\Desktop\NEE\plugins\stream_filter\libhttplive_plugin.dll
0x0000000061c00000 - 0x0000000061cf1000 	C:\Users\slashershot\Desktop\NEE\plugins\stream_filter\libdash_plugin.dll
0x0000000061f40000 - 0x0000000061f68000 	C:\Users\slashershot\Desktop\NEE\plugins\access\libzip_plugin.dll
0x0000000061b40000 - 0x0000000061b55000 	C:\Users\slashershot\Desktop\NEE\plugins\access\libstream_filter_rar_plugin.dll
0x0000000064f10000 - 0x0000000064f1e000 	C:\Users\slashershot\Desktop\NEE\plugins\stream_filter\librecord_plugin.dll
0x0000000061b00000 - 0x0000000061b37000 	C:\Users\slashershot\Desktop\NEE\plugins\demux\libmp4_plugin.dll
0x0000000060290000 - 0x00000000602ec000 	C:\Users\slashershot\Desktop\NEE\plugins\codec\libpng_plugin.dll
0x0000000064e40000 - 0x0000000064e4f000 	C:\Users\slashershot\Desktop\NEE\plugins\codec\libcdg_plugin.dll
0x0000000060070000 - 0x00000000601e7000 	C:\Users\slashershot\Desktop\NEE\plugins\codec\libschroedinger_plugin.dll
0x00000000644a0000 - 0x00000000644b0000 	C:\Users\slashershot\Desktop\NEE\plugins\codec\libdts_plugin.dll
0x0000000060230000 - 0x000000006028a000 	C:\Users\slashershot\Desktop\NEE\plugins\codec\libtheora_plugin.dll
0x0000000060000000 - 0x000000006006d000 	C:\Users\slashershot\Desktop\NEE\plugins\codec\libfaad_plugin.dll

VM Arguments:
jvm_args: -Dfile.encoding=Cp1252 
java_command: ui.LoginFrame
Launcher Type: SUN_STANDARD

Environment Variables:
PATH=C:\Windows\system32;C:\Program Files (x86)\NVIDIA Corporation\PhysX\Common;C:\Windows;C:\Windows\System32\Wbem;C:\Windows\System32\WindowsPowerShell\v1.0\;C:\Program Files\OpenVPN\bin;C:\Program Files (x86)\Common Files\Acronis\SnapAPI\;C:\strawberry\c\bin;C:\strawberry\perl\site\bin;C:\strawberry\perl\bin;C:\Windows\system32\WindowsPowerShell\v1.0\;C:\Program Files (x86)\NVIDIA Corporation\PhysX\Common;C:\Windows\system32;C:\Windows;C:\Windows\System32\Wbem;C:\Windows\System32\WindowsPowerShell\v1.0\;C:\Python27;
USERNAME=slashershot
OS=Windows_NT
PROCESSOR_IDENTIFIER=Intel64 Family 6 Model 58 Stepping 9, GenuineIntel



---------------  S Y S T E M  ---------------

OS: Windows 7 , 64 bit Build 7601 Service Pack 1

CPU:total 8 (4 cores per cpu, 2 threads per core) family 6 model 58 stepping 9, cmov, cx8, fxsr, mmx, sse, sse2, sse3, ssse3, sse4.1, sse4.2, popcnt, avx, aes, erms, ht, tsc, tscinvbit, tscinv

Memory: 4k page, physical 33497616k(23771744k free), swap 66993368k(54375508k free)

vm_info: Java HotSpot(TM) 64-Bit Server VM (24.45-b08) for windows-amd64 JRE (1.7.0_45-b18), built on Oct  8 2013 05:47:22 by "java_re" with unknown MS VC++:1600

time: Mon Feb 10 19:04:09 2014
elapsed time: 8 seconds

