#
# A fatal error has been detected by the Java Runtime Environment:
#
#  EXCEPTION_ACCESS_VIOLATION (0xc0000005) at pc=0x000000007737e4e4, pid=7628, tid=7176
#
# JRE version: Java(TM) SE Runtime Environment (7.0_45-b18) (build 1.7.0_45-b18)
# Java VM: Java HotSpot(TM) 64-Bit Server VM (24.45-b08 mixed mode windows-amd64 compressed oops)
# Problematic frame:
# C  [ntdll.dll+0x4e4e4]
#
# Failed to write core dump. Minidumps are not enabled by default on client versions of Windows
#
# If you would like to submit a bug report, please visit:
#   http://bugreport.sun.com/bugreport/crash.jsp
# The crash happened outside the Java Virtual Machine in native code.
# See problematic frame for where to report the bug.
#

---------------  T H R E A D  ---------------

Current thread (0x000000001a315800):  JavaThread "AWT-EventQueue-0" [_thread_in_native, id=7176, stack(0x000000001c260000,0x000000001c360000)]

siginfo: ExceptionCode=0xc0000005, writing address 0x0000000000000024

Registers:
RAX=0x0000000000000000, RBX=0x0000000000484b78, RCX=0x00000000fffffffc, RDX=0x0000000000000824
RSP=0x000000001c35d850, RBP=0x0000000000000000, RSI=0x0000000000000824, RDI=0x0000000000000000
R8 =0x000000001c35d808, R9 =0x0000000000000004, R10=0x0000000000000000, R11=0x0000000000000246
R12=0x0000000000000000, R13=0x0000000000000000, R14=0x000007fffff8a000, R15=0x0000000000000000
RIP=0x000000007737e4e4, EFLAGS=0x0000000000010213

Top of Stack: (sp=0x000000001c35d850)
0x000000001c35d850:   0000000000000000 0000000000000824
0x000000001c35d860:   00000000208b7f70 000007ffffe40000
0x000000001c35d870:   00000000208b7f80 0000000000000000
0x000000001c35d880:   0000000064e40000 00000000773884c1
0x000000001c35d890:   000000003f00013e 000000005b81eca5
0x000000001c35d8a0:   0000000000000012 000000001a315800
0x000000001c35d8b0:   00000000071e0230 00000000071e0230
0x000000001c35d8c0:   00000000071e02a8 000007fee4a911bb
0x000000001c35d8d0:   000000001a315800 000000001c35e110
0x000000001c35d8e0:   0000000000000004 0000000000000001
0x000000001c35d8f0:   00000000ff000000 000000007737e40b
0x000000001c35d900:   0000000000000000 0000000000000000
0x000000001c35d910:   00000005fbfcea80 0000000000484b78
0x000000001c35d920:   0000000000484b70 0000000064e4a595
0x000000001c35d930:   000000001c35d9a0 0000000000484b40
0x000000001c35d940:   00000000025a63f0 000007fee4aa76c1 

Instructions: (pc=0x000000007737e4e4)
0x000000007737e4c4:   0f b1 4b 08 0f 85 9b 47 fd ff 48 8b 03 4c 89 ac
0x000000007737e4d4:   24 c0 00 00 00 33 ed 45 33 ed 48 83 f8 ff 74 03
0x000000007737e4e4:   ff 40 24 ba 22 17 00 00 48 8d 3d 9d 8f 0e 00 80
0x000000007737e4f4:   3c 25 82 03 fe 7f 00 0f 85 b3 bd 01 00 48 83 fe 


Register to memory mapping:

RAX=0x0000000000000000 is an unknown value
RBX=0x0000000000484b78 is an unknown value
RCX=0x00000000fffffffc is an unknown value
RDX=0x0000000000000824 is an unknown value
RSP=0x000000001c35d850 is pointing into the stack for thread: 0x000000001a315800
RBP=0x0000000000000000 is an unknown value
RSI=0x0000000000000824 is an unknown value
RDI=0x0000000000000000 is an unknown value
R8 =0x000000001c35d808 is pointing into the stack for thread: 0x000000001a315800
R9 =0x0000000000000004 is an unknown value
R10=0x0000000000000000 is an unknown value
R11=0x0000000000000246 is an unknown value
R12=0x0000000000000000 is an unknown value
R13=0x0000000000000000 is an unknown value
R14=0x000007fffff8a000 is an unknown value
R15=0x0000000000000000 is an unknown value


Stack: [0x000000001c260000,0x000000001c360000],  sp=0x000000001c35d850,  free space=1014k
Native frames: (J=compiled Java code, j=interpreted, Vv=VM code, C=native code)
C  [ntdll.dll+0x4e4e4]

[error occurred during error reporting (printing native stack), id 0xc0000005]

Java frames: (J=compiled Java code, j=interpreted, Vv=VM code)
j  com.sun.jna.Native.invokeInt(JI[Ljava/lang/Object;)I+0
j  com.sun.jna.Function.invoke([Ljava/lang/Object;Ljava/lang/Class;Z)Ljava/lang/Object;+333
j  com.sun.jna.Function.invoke(Ljava/lang/Class;[Ljava/lang/Object;Ljava/util/Map;)Ljava/lang/Object;+214
j  com.sun.jna.Library$Handler.invoke(Ljava/lang/Object;Ljava/lang/reflect/Method;[Ljava/lang/Object;)Ljava/lang/Object;+341
j  com.sun.proxy.$Proxy0.libvlc_media_player_is_playing(Luk/co/caprica/vlcj/binding/internal/libvlc_media_player_t;)I+16
j  uk.co.caprica.vlcj.player.DefaultMediaPlayer.isPlaying()Z+17
j  ui.PlayerControlsPanel$UpdateRunnable$1.run()V+7
j  java.awt.event.InvocationEvent.dispatch()V+47
j  java.awt.EventQueue.dispatchEventImpl(Ljava/awt/AWTEvent;Ljava/lang/Object;)V+21
j  java.awt.EventQueue.access$200(Ljava/awt/EventQueue;Ljava/awt/AWTEvent;Ljava/lang/Object;)V+3
j  java.awt.EventQueue$3.run()Ljava/lang/Void;+12
j  java.awt.EventQueue$3.run()Ljava/lang/Object;+1
v  ~StubRoutines::call_stub
j  java.security.AccessController.doPrivileged(Ljava/security/PrivilegedAction;Ljava/security/AccessControlContext;)Ljava/lang/Object;+0
j  java.security.ProtectionDomain$1.doIntersectionPrivilege(Ljava/security/PrivilegedAction;Ljava/security/AccessControlContext;Ljava/security/AccessControlContext;)Ljava/lang/Object;+28
j  java.awt.EventQueue.dispatchEvent(Ljava/awt/AWTEvent;)V+46
j  java.awt.EventDispatchThread.pumpOneEventForFilters(I)V+245
j  java.awt.EventDispatchThread.pumpEventsForFilter(ILjava/awt/Conditional;Ljava/awt/EventFilter;)V+35
j  java.awt.EventDispatchThread.pumpEventsForHierarchy(ILjava/awt/Conditional;Ljava/awt/Component;)V+11
j  java.awt.EventDispatchThread.pumpEvents(ILjava/awt/Conditional;)V+4
j  java.awt.EventDispatchThread.pumpEvents(Ljava/awt/Conditional;)V+3
j  java.awt.EventDispatchThread.run()V+9
v  ~StubRoutines::call_stub

---------------  P R O C E S S  ---------------

Java Threads: ( => current thread )
  0x0000000020cf7000 JavaThread "pool-2-thread-1" [_thread_blocked, id=3520, stack(0x0000000022e20000,0x0000000022f20000)]
  0x0000000020ee1000 JavaThread "Swing-Shell" daemon [_thread_blocked, id=6032, stack(0x00000000227b0000,0x00000000228b0000)]
  0x0000000020aad800 JavaThread "Image Fetcher 0" daemon [_thread_blocked, id=11260, stack(0x0000000021630000,0x0000000021730000)]
  0x00000000002ae800 JavaThread "DestroyJavaVM" [_thread_blocked, id=10384, stack(0x00000000024a0000,0x00000000025a0000)]
=>0x000000001a315800 JavaThread "AWT-EventQueue-0" [_thread_in_native, id=7176, stack(0x000000001c260000,0x000000001c360000)]
  0x000000001a314800 JavaThread "AWT-Windows" daemon [_thread_in_native, id=9656, stack(0x000000001c140000,0x000000001c240000)]
  0x000000001a312000 JavaThread "AWT-Shutdown" [_thread_blocked, id=6192, stack(0x000000001b4d0000,0x000000001b5d0000)]
  0x000000001a311000 JavaThread "Java2D Disposer" daemon [_thread_blocked, id=4696, stack(0x000000001bfc0000,0x000000001c0c0000)]
  0x000000001a181800 JavaThread "Service Thread" daemon [_thread_blocked, id=8456, stack(0x000000001bc50000,0x000000001bd50000)]
  0x00000000190cd000 JavaThread "C2 CompilerThread1" daemon [_thread_blocked, id=7944, stack(0x000000001bb10000,0x000000001bc10000)]
  0x00000000190c8000 JavaThread "C2 CompilerThread0" daemon [_thread_blocked, id=7276, stack(0x000000001b8f0000,0x000000001b9f0000)]
  0x00000000190c3000 JavaThread "Attach Listener" daemon [_thread_blocked, id=6248, stack(0x000000001b2a0000,0x000000001b3a0000)]
  0x00000000190c2000 JavaThread "Signal Dispatcher" daemon [_thread_blocked, id=6120, stack(0x000000001b780000,0x000000001b880000)]
  0x000000000228e000 JavaThread "Finalizer" daemon [_thread_blocked, id=6636, stack(0x000000001b5f0000,0x000000001b6f0000)]
  0x0000000002285800 JavaThread "Reference Handler" daemon [_thread_blocked, id=8500, stack(0x000000001b3c0000,0x000000001b4c0000)]

Other Threads:
  0x00000000190ae800 VMThread [stack: 0x000000001b140000,0x000000001b240000] [id=1840]
  0x000000001a18a800 WatcherThread [stack: 0x000000001be60000,0x000000001bf60000] [id=7640]

VM state:not at safepoint (normal execution)

VM Mutex/Monitor currently owned by a thread: None

Heap
 PSYoungGen      total 153088K, used 42116K [0x0000000755900000, 0x0000000760380000, 0x0000000800000000)
  eden space 131584K, 32% used [0x0000000755900000,0x0000000758221168,0x000000075d980000)
  from space 21504K, 0% used [0x000000075ee80000,0x000000075ee80000,0x0000000760380000)
  to   space 21504K, 0% used [0x000000075d980000,0x000000075d980000,0x000000075ee80000)
 ParOldGen       total 348672K, used 0K [0x0000000600c00000, 0x0000000616080000, 0x0000000755900000)
  object space 348672K, 0% used [0x0000000600c00000,0x0000000600c00000,0x0000000616080000)
 PSPermGen       total 21504K, used 13577K [0x00000005fba00000, 0x00000005fcf00000, 0x0000000600c00000)
  object space 21504K, 63% used [0x00000005fba00000,0x00000005fc742420,0x00000005fcf00000)

Card table byte_map: [0x00000000055a0000,0x00000000065d0000] byte_map_base: 0x00000000025c3000

Polling page: 0x0000000000220000

Code Cache  [0x00000000025a0000, 0x0000000002810000, 0x00000000055a0000)
 total_blobs=511 nmethods=58 adapters=405 free_code_cache=48514Kb largest_free_block=49658304

Compilation events (10 events):
Event: 0.553 Thread 0x00000000190cd000 nmethod 54 0x0000000002635350 code [0x0000000002635480, 0x0000000002635538]
Event: 0.554 Thread 0x00000000190c8000 nmethod 53 0x0000000002634ed0 code [0x0000000002635020, 0x00000000026351b8]
Event: 0.562 Thread 0x00000000190cd000   55             java.util.concurrent.locks.AbstractOwnableSynchronizer::setExclusiveOwnerThread (6 bytes)
Event: 0.562 Thread 0x00000000190cd000 nmethod 55 0x000000000263a310 code [0x000000000263a440, 0x000000000263a4b8]
Event: 0.563 Thread 0x00000000190c8000   56             java.lang.String::toLowerCase (472 bytes)
Event: 0.575 Thread 0x00000000190c8000 nmethod 56 0x000000000263e150 code [0x000000000263e360, 0x000000000263f270]
Event: 0.592 Thread 0x00000000190cd000   58             sun.java2d.loops.GraphicsPrimitive::getUniqueID (5 bytes)
Event: 0.592 Thread 0x00000000190cd000 nmethod 58 0x0000000002642d10 code [0x0000000002642e40, 0x0000000002642e98]
Event: 0.603 Thread 0x00000000190c8000   59             java.util.ArrayList::access$100 (5 bytes)
Event: 0.603 Thread 0x00000000190c8000 nmethod 59 0x0000000002641010 code [0x0000000002641140, 0x0000000002641198]

GC Heap History (0 events):
No events

Deoptimization events (8 events):
Event: 0.319 Thread 0x000000001a315800 Uncommon trap: reason=bimorphic action=maybe_recompile pc=0x000000000261a7ec method=java.util.HashMap.getEntry(Ljava/lang/Object;)Ljava/util/HashMap$Entry; @ 68
Event: 0.319 Thread 0x000000001a315800 Uncommon trap: reason=bimorphic action=maybe_recompile pc=0x000000000261a7ec method=java.util.HashMap.getEntry(Ljava/lang/Object;)Ljava/util/HashMap$Entry; @ 68
Event: 0.319 Thread 0x000000001a315800 Uncommon trap: reason=class_check action=maybe_recompile pc=0x000000000260fd10 method=java.util.Properties$LineReader.readLine()I @ 62
Event: 0.319 Thread 0x000000001a315800 Uncommon trap: reason=class_check action=maybe_recompile pc=0x000000000260fd10 method=java.util.Properties$LineReader.readLine()I @ 62
Event: 0.320 Thread 0x000000001a315800 Uncommon trap: reason=bimorphic action=maybe_recompile pc=0x000000000261a7ec method=java.util.HashMap.getEntry(Ljava/lang/Object;)Ljava/util/HashMap$Entry; @ 68
Event: 0.322 Thread 0x000000001a315800 Uncommon trap: reason=bimorphic action=maybe_recompile pc=0x000000000261a7ec method=java.util.HashMap.getEntry(Ljava/lang/Object;)Ljava/util/HashMap$Entry; @ 68
Event: 0.322 Thread 0x000000001a315800 Uncommon trap: reason=bimorphic action=maybe_recompile pc=0x000000000261b4d4 method=java.util.HashMap.getEntry(Ljava/lang/Object;)Ljava/util/HashMap$Entry; @ 68
Event: 0.515 Thread 0x000000001a315800 Uncommon trap: reason=unloaded action=reinterpret pc=0x0000000002627830 method=java.lang.CharacterData.of(I)Ljava/lang/CharacterData; @ 96

Internal exceptions (10 events):
Event: 0.605 Thread 0x000000001a315800 Threw 0x0000000756c6e8a8 at C:\re\jdk7u45\229\hotspot\src\share\vm\prims\jvm.cpp:1244
Event: 0.605 Thread 0x000000001a315800 Threw 0x0000000756c735c8 at C:\re\jdk7u45\229\hotspot\src\share\vm\prims\jvm.cpp:1244
Event: 0.605 Thread 0x000000001a315800 Threw 0x0000000756c77e08 at C:\re\jdk7u45\229\hotspot\src\share\vm\prims\jvm.cpp:1244
Event: 0.606 Thread 0x000000001a315800 Threw 0x0000000756c7c268 at C:\re\jdk7u45\229\hotspot\src\share\vm\prims\jvm.cpp:1244
Event: 0.606 Thread 0x0000000021070000 Threw 0x00000007577d9b68 at C:\re\jdk7u45\229\hotspot\src\share\vm\prims\jvm.cpp:1244
Event: 0.607 Thread 0x000000001a315800 Threw 0x0000000756c84be8 at C:\re\jdk7u45\229\hotspot\src\share\vm\prims\jvm.cpp:1244
Event: 0.609 Thread 0x000000001a315800 Threw 0x0000000756c9bcf8 at C:\re\jdk7u45\229\hotspot\src\share\vm\prims\jvm.cpp:1244
Event: 0.612 Thread 0x0000000021071000 Threw 0x0000000757a7ba28 at C:\re\jdk7u45\229\hotspot\src\share\vm\prims\jvm.cpp:1244
Event: 0.614 Thread 0x0000000021071000 Threw 0x0000000757d0d958 at C:\re\jdk7u45\229\hotspot\src\share\vm\prims\jvm.cpp:1244
Event: 0.615 Thread 0x0000000021071000 Threw 0x0000000757f9f8a0 at C:\re\jdk7u45\229\hotspot\src\share\vm\prims\jvm.cpp:1244

Events (10 events):
Event: 0.615 loading class 0x0000000020b8c2a0
Event: 0.615 loading class 0x0000000020b8c2a0 done
Event: 0.616 Thread 0x0000000021071000 Thread exited: 0x0000000021071000
Event: 0.631 loading class 0x000000001a18a070
Event: 0.631 Thread 0x0000000021070000 Thread exited: 0x0000000021070000
Event: 0.631 loading class 0x000000001a18a070 done
Event: 0.631 loading class 0x000000001a19f840
Event: 0.631 loading class 0x000000001a19f840 done
Event: 0.631 loading class 0x000000001a199760
Event: 0.631 loading class 0x000000001a199760 done


Dynamic libraries:
0x000000013fb60000 - 0x000000013fb93000 	C:\Program Files\Java\jdk1.7.0_45\bin\javaw.exe
0x0000000077330000 - 0x00000000774d9000 	C:\Windows\SYSTEM32\ntdll.dll
0x0000000077110000 - 0x000000007722f000 	C:\Windows\system32\kernel32.dll
0x000007fefd3d0000 - 0x000007fefd43b000 	C:\Windows\system32\KERNELBASE.dll
0x0000000074be0000 - 0x0000000074c6b000 	C:\Program Files\Bitdefender\Bitdefender\Active Virus Control\Avc3_00226_008\avcuf64.dll
0x000007fefe2f0000 - 0x000007fefe3cb000 	C:\Windows\system32\ADVAPI32.dll
0x000007fefd510000 - 0x000007fefd5af000 	C:\Windows\system32\msvcrt.dll
0x000007fefdde0000 - 0x000007fefddff000 	C:\Windows\SYSTEM32\sechost.dll
0x000007fefe450000 - 0x000007fefe57d000 	C:\Windows\system32\RPCRT4.dll
0x0000000077230000 - 0x000000007732a000 	C:\Windows\system32\USER32.dll
0x000007fefd5b0000 - 0x000007fefd617000 	C:\Windows\system32\GDI32.dll
0x000007fefe290000 - 0x000007fefe29e000 	C:\Windows\system32\LPK.dll
0x000007feff550000 - 0x000007feff619000 	C:\Windows\system32\USP10.dll
0x000007fefacc0000 - 0x000007fefaeb4000 	C:\Windows\WinSxS\amd64_microsoft.windows.common-controls_6595b64144ccf1df_6.0.7601.17514_none_fa396087175ac9ac\COMCTL32.dll
0x000007fefd9e0000 - 0x000007fefda51000 	C:\Windows\system32\SHLWAPI.dll
0x000007fefd620000 - 0x000007fefd64e000 	C:\Windows\system32\IMM32.DLL
0x000007fefdcd0000 - 0x000007fefddd9000 	C:\Windows\system32\MSCTF.dll
0x0000000062d50000 - 0x0000000062e22000 	C:\Program Files\Java\jdk1.7.0_45\jre\bin\msvcr100.dll
0x000000005b780000 - 0x000000005bf49000 	C:\Program Files\Java\jdk1.7.0_45\jre\bin\server\jvm.dll
0x000007fefa200000 - 0x000007fefa209000 	C:\Windows\system32\WSOCK32.dll
0x000007fefe2a0000 - 0x000007fefe2ed000 	C:\Windows\system32\WS2_32.dll
0x000007fefdc20000 - 0x000007fefdc28000 	C:\Windows\system32\NSI.dll
0x000007fefc330000 - 0x000007fefc36b000 	C:\Windows\system32\WINMM.dll
0x0000000077500000 - 0x0000000077507000 	C:\Windows\system32\PSAPI.DLL
0x000000006d510000 - 0x000000006d51f000 	C:\Program Files\Java\jdk1.7.0_45\jre\bin\verify.dll
0x0000000064ef0000 - 0x0000000064f18000 	C:\Program Files\Java\jdk1.7.0_45\jre\bin\java.dll
0x0000000064ed0000 - 0x0000000064ee5000 	C:\Program Files\Java\jdk1.7.0_45\jre\bin\zip.dll
0x0000000062bb0000 - 0x0000000062d45000 	C:\Program Files\Java\jdk1.7.0_45\jre\bin\awt.dll
0x000007fefd650000 - 0x000007fefd727000 	C:\Windows\system32\OLEAUT32.dll
0x000007fefd7d0000 - 0x000007fefd9d3000 	C:\Windows\system32\ole32.dll
0x000007fefa840000 - 0x000007fefa896000 	C:\Windows\system32\uxtheme.dll
0x0000000180000000 - 0x0000000180052000 	C:\Program Files (x86)\DisplayFusion\Hooks\AppHookWIN6064_334FFADA-7968-4296-BAE9-805937E5F1FB.dll
0x000007fefe580000 - 0x000007feff308000 	C:\Windows\system32\SHELL32.dll
0x000007fefa470000 - 0x000007fefa488000 	C:\Windows\system32\dwmapi.dll
0x000007fefd010000 - 0x000007fefd01f000 	C:\Windows\system32\CRYPTBASE.dll
0x000007fef4400000 - 0x000007fef45ff000 	C:\Windows\system32\d3d9.dll
0x000007fefc2c0000 - 0x000007fefc2cc000 	C:\Windows\system32\VERSION.dll
0x000007fef43f0000 - 0x000007fef43f7000 	C:\Windows\system32\d3d8thk.dll
0x000007fede260000 - 0x000007fedf3b4000 	C:\Windows\system32\nvd3dumx.dll
0x000007fefabb0000 - 0x000007fefabdc000 	C:\Windows\system32\powrprof.dll
0x000007fefde00000 - 0x000007fefdfd7000 	C:\Windows\system32\SETUPAPI.dll
0x000007fefd390000 - 0x000007fefd3c6000 	C:\Windows\system32\CFGMGR32.dll
0x000007fefd1d0000 - 0x000007fefd1ea000 	C:\Windows\system32\DEVOBJ.dll
0x000007fed8b70000 - 0x000007fed8cd2000 	C:\Program Files (x86)\NVIDIA Corporation\3D Vision\nvSCPAPI64.dll
0x000000001d900000 - 0x000000001da0e000 	C:\Windows\system32\nvspcap64.dll
0x000007fef8e80000 - 0x000007fef9194000 	C:\Windows\system32\nvapi64.dll
0x000007fefd190000 - 0x000007fefd1ca000 	C:\Windows\system32\WINTRUST.dll
0x000007fefd200000 - 0x000007fefd36c000 	C:\Windows\system32\CRYPT32.dll
0x000007fefd180000 - 0x000007fefd18f000 	C:\Windows\system32\MSASN1.dll
0x000007fefc9b0000 - 0x000007fefc9c7000 	C:\Windows\system32\CRYPTSP.dll
0x000007fefc6b0000 - 0x000007fefc6f7000 	C:\Windows\system32\rsaenh.dll
0x000007fefc420000 - 0x000007fefc43e000 	C:\Windows\system32\USERENV.dll
0x000007fefd0e0000 - 0x000007fefd0ef000 	C:\Windows\system32\profapi.dll
0x0000000064eb0000 - 0x0000000064ec9000 	C:\Program Files\Java\jdk1.7.0_45\jre\bin\net.dll
0x000007fefc950000 - 0x000007fefc9a5000 	C:\Windows\system32\mswsock.dll
0x000007fefc940000 - 0x000007fefc947000 	C:\Windows\System32\wship6.dll
0x000007fefb4f0000 - 0x000007fefb505000 	C:\Windows\system32\NLAapi.dll
0x000007feeb100000 - 0x000007feeb115000 	C:\Windows\system32\napinsp.dll
0x000007feeb0b0000 - 0x000007feeb0c9000 	C:\Windows\system32\pnrpnsp.dll
0x000007fefc7d0000 - 0x000007fefc82b000 	C:\Windows\system32\DNSAPI.dll
0x000007feeb0a0000 - 0x000007feeb0ab000 	C:\Windows\System32\winrnr.dll
0x000007fefba90000 - 0x000007fefba97000 	C:\Windows\System32\wshtcpip.dll
0x000007fefc3a0000 - 0x000007fefc3c7000 	C:\Windows\system32\IPHLPAPI.DLL
0x000007fefc390000 - 0x000007fefc39b000 	C:\Windows\system32\WINNSI.DLL
0x000007feeb7b0000 - 0x000007feeb7b8000 	C:\Windows\system32\rasadhlp.dll
0x000007fef9940000 - 0x000007fef9993000 	C:\Windows\System32\fwpuclnt.dll
0x0000000064e70000 - 0x0000000064e81000 	C:\Program Files\Java\jdk1.7.0_45\jre\bin\nio.dll
0x000007fee4a90000 - 0x000007fee4ac7000 	C:\Users\slashershot\AppData\Local\Temp\jna-slashershot\jna7411626441311603766.dll
0x0000000064e40000 - 0x0000000064e69000 	C:\Users\slashershot\Desktop\NEE\libvlc.dll
0x000000005ebf0000 - 0x000000005ee61000 	C:\Users\slashershot\Desktop\NEE\libvlccore.dll
0x0000000064de0000 - 0x0000000064e36000 	C:\Users\slashershot\Desktop\NEE\plugins\access\libdshow_plugin.dll
0x0000000064dc0000 - 0x0000000064dd1000 	C:\Users\slashershot\Desktop\NEE\plugins\audio_output\libdirectsound_plugin.dll
0x00000000647a0000 - 0x00000000647b2000 	C:\Users\slashershot\Desktop\NEE\plugins\audio_output\libwaveout_plugin.dll
0x0000000064780000 - 0x000000006479b000 	C:\Users\slashershot\Desktop\NEE\plugins\video_output\libdirectdraw_plugin.dll
0x000007fef91c0000 - 0x000007fef9260000 	C:\Windows\WinSxS\amd64_microsoft.windows.common-controls_6595b64144ccf1df_5.82.7601.18201_none_a4d3b9377117c3df\comctl32.dll
0x0000000064520000 - 0x0000000064566000 	C:\Program Files\Java\jdk1.7.0_45\jre\bin\fontmanager.dll
0x00000000644d0000 - 0x0000000064511000 	C:\Program Files\Java\jdk1.7.0_45\jre\bin\t2k.dll
0x000007fefdc30000 - 0x000007fefdcc9000 	C:\Windows\system32\CLBCatQ.DLL
0x000007fefa8a0000 - 0x000007fefa9cc000 	C:\Windows\system32\propsys.dll
0x000007fefc0d0000 - 0x000007fefc0fd000 	C:\Windows\system32\ntmarta.dll
0x000007fefda60000 - 0x000007fefdab2000 	C:\Windows\system32\WLDAP32.dll
0x000007fefcfb0000 - 0x000007fefd007000 	C:\Windows\system32\apphelp.dll
0x000007fee1a90000 - 0x000007fee1c2c000 	C:\Windows\system32\NetworkExplorer.dll
0x000007fee90d0000 - 0x000007fee9104000 	C:\Windows\System32\shdocvw.dll
0x000007fef9cc0000 - 0x000007fef9ccb000 	C:\Windows\system32\slc.dll
0x000007fefb740000 - 0x000007fefb758000 	C:\Windows\system32\MPR.dll
0x000007feeb3b0000 - 0x000007feeb3ba000 	C:\Windows\System32\drprov.dll
0x000007fefc4f0000 - 0x000007fefc52d000 	C:\Windows\System32\WINSTA.dll
0x000007fee5c80000 - 0x000007fee5ca2000 	C:\Windows\System32\ntlanman.dll
0x000007fee4a70000 - 0x000007fee4a8d000 	C:\Windows\System32\davclnt.dll
0x000007feeb2d0000 - 0x000007feeb2da000 	C:\Windows\System32\DAVHLPR.dll
0x000007fefbda0000 - 0x000007fefbdb5000 	C:\Windows\system32\wkscli.dll
0x000007feeb790000 - 0x000007feeb79f000 	C:\Windows\system32\cscapi.dll
0x000007fefbdc0000 - 0x000007fefbdcc000 	C:\Windows\system32\netutils.dll
0x000007fed88f0000 - 0x000007fed8b61000 	C:\Windows\system32\wpdshext.dll
0x000007fefa620000 - 0x000007fefa836000 	C:\Windows\WinSxS\amd64_microsoft.windows.gdiplus_6595b64144ccf1df_1.1.7601.18120_none_2b25b14c71ebf230\gdiplus.dll
0x000007feeb2f0000 - 0x000007feeb3ad000 	C:\Windows\system32\PortableDeviceApi.dll
0x000007feede60000 - 0x000007feede95000 	C:\Windows\system32\EhStorShell.dll
0x000007fee4a00000 - 0x000007fee4a27000 	C:\Windows\system32\EhStorAPI.dll
0x000007feeb7c0000 - 0x000007feeb7cc000 	C:\Windows\system32\LINKINFO.dll
0x0000000064770000 - 0x0000000064777000 	C:\Program Files\Java\jdk1.7.0_45\jre\bin\jawt.dll
0x000000005fa50000 - 0x000000005fc94000 	C:\Users\slashershot\Desktop\NEE\plugins\access\liblibbluray_plugin.dll
0x0000000064740000 - 0x0000000064764000 	C:\Users\slashershot\Desktop\NEE\plugins\access\libaccess_bd_plugin.dll
0x0000000062ec0000 - 0x0000000062f0b000 	C:\Users\slashershot\Desktop\NEE\plugins\access\libdvdnav_plugin.dll
0x0000000064620000 - 0x000000006463e000 	C:\Users\slashershot\Desktop\NEE\plugins\access\libaccess_vdr_plugin.dll
0x00000000644b0000 - 0x00000000644c7000 	C:\Users\slashershot\Desktop\NEE\plugins\access\libfilesystem_plugin.dll
0x0000000062ea0000 - 0x0000000062eba000 	C:\Users\slashershot\Desktop\NEE\plugins\stream_filter\libsmooth_plugin.dll
0x0000000062b10000 - 0x0000000062bae000 	C:\Users\slashershot\Desktop\NEE\plugins\stream_filter\libhttplive_plugin.dll
0x0000000062a10000 - 0x0000000062b01000 	C:\Users\slashershot\Desktop\NEE\plugins\stream_filter\libdash_plugin.dll
0x0000000062e70000 - 0x0000000062e98000 	C:\Users\slashershot\Desktop\NEE\plugins\access\libzip_plugin.dll
0x0000000062e50000 - 0x0000000062e65000 	C:\Users\slashershot\Desktop\NEE\plugins\access\libstream_filter_rar_plugin.dll
0x0000000064610000 - 0x000000006461e000 	C:\Users\slashershot\Desktop\NEE\plugins\stream_filter\librecord_plugin.dll
0x0000000061fa0000 - 0x0000000061fd7000 	C:\Users\slashershot\Desktop\NEE\plugins\demux\libmp4_plugin.dll
0x0000000061f40000 - 0x0000000061f9c000 	C:\Users\slashershot\Desktop\NEE\plugins\codec\libpng_plugin.dll
0x00000000644a0000 - 0x00000000644af000 	C:\Users\slashershot\Desktop\NEE\plugins\codec\libcdg_plugin.dll
0x0000000061c20000 - 0x0000000061d97000 	C:\Users\slashershot\Desktop\NEE\plugins\codec\libschroedinger_plugin.dll
0x0000000062e40000 - 0x0000000062e50000 	C:\Users\slashershot\Desktop\NEE\plugins\codec\libdts_plugin.dll
0x0000000061b00000 - 0x0000000061b5a000 	C:\Users\slashershot\Desktop\NEE\plugins\codec\libtheora_plugin.dll
0x0000000060280000 - 0x00000000602ed000 	C:\Users\slashershot\Desktop\NEE\plugins\codec\libfaad_plugin.dll
0x0000000060230000 - 0x0000000060271000 	C:\Users\slashershot\Desktop\NEE\plugins\codec\libflac_plugin.dll
0x00000000629f0000 - 0x0000000062a02000 	C:\Users\slashershot\Desktop\NEE\plugins\codec\libg711_plugin.dll
0x0000000062e30000 - 0x0000000062e3f000 	C:\Users\slashershot\Desktop\NEE\plugins\codec\libaes3_plugin.dll
0x0000000060050000 - 0x00000000601e1000 	C:\Users\slashershot\Desktop\NEE\plugins\codec\liblibass_plugin.dll
0x0000000060010000 - 0x0000000060048000 	C:\Users\slashershot\Desktop\NEE\plugins\codec\libspeex_plugin.dll
0x0000000061c10000 - 0x0000000061c20000 	C:\Users\slashershot\Desktop\NEE\plugins\codec\liblpcm_plugin.dll
0x000000005ff00000 - 0x000000005ffce000 	C:\Users\slashershot\Desktop\NEE\plugins\codec\libvorbis_plugin.dll
0x00000000629e0000 - 0x00000000629ef000 	C:\Users\slashershot\Desktop\NEE\plugins\codec\libmpeg_audio_plugin.dll
0x0000000060e80000 - 0x0000000060e92000 	C:\Users\slashershot\Desktop\NEE\plugins\codec\libaraw_plugin.dll

VM Arguments:
jvm_args: -Dfile.encoding=Cp1252 
java_command: ui.PlayVideoFrame
Launcher Type: SUN_STANDARD

Environment Variables:
PATH=C:\Windows\system32;C:\Program Files (x86)\NVIDIA Corporation\PhysX\Common;C:\Windows;C:\Windows\System32\Wbem;C:\Windows\System32\WindowsPowerShell\v1.0\;C:\Program Files\OpenVPN\bin;C:\Program Files (x86)\Common Files\Acronis\SnapAPI\;C:\strawberry\c\bin;C:\strawberry\perl\site\bin;C:\strawberry\perl\bin;C:\Windows\system32\WindowsPowerShell\v1.0\;C:\Program Files (x86)\NVIDIA Corporation\PhysX\Common;C:\Windows\system32;C:\Windows;C:\Windows\System32\Wbem;C:\Windows\System32\WindowsPowerShell\v1.0\;C:\Python27;
USERNAME=slashershot
OS=Windows_NT
PROCESSOR_IDENTIFIER=Intel64 Family 6 Model 58 Stepping 9, GenuineIntel



---------------  S Y S T E M  ---------------

OS: Windows 7 , 64 bit Build 7601 Service Pack 1

CPU:total 8 (4 cores per cpu, 2 threads per core) family 6 model 58 stepping 9, cmov, cx8, fxsr, mmx, sse, sse2, sse3, ssse3, sse4.1, sse4.2, popcnt, avx, aes, erms, ht, tsc, tscinvbit, tscinv

Memory: 4k page, physical 33497616k(23813852k free), swap 66993368k(55300752k free)

vm_info: Java HotSpot(TM) 64-Bit Server VM (24.45-b08) for windows-amd64 JRE (1.7.0_45-b18), built on Oct  8 2013 05:47:22 by "java_re" with unknown MS VC++:1600

time: Mon Feb 10 19:04:51 2014
elapsed time: 0 seconds

