#
# A fatal error has been detected by the Java Runtime Environment:
#
#  EXCEPTION_ACCESS_VIOLATION (0xc0000005) at pc=0x000000007737e4e4, pid=7964, tid=6668
#
# JRE version: Java(TM) SE Runtime Environment (7.0_45-b18) (build 1.7.0_45-b18)
# Java VM: Java HotSpot(TM) 64-Bit Server VM (24.45-b08 mixed mode windows-amd64 compressed oops)
# Problematic frame:
# C  [ntdll.dll+0x4e4e4]
#
# Failed to write core dump. Minidumps are not enabled by default on client versions of Windows
#
# If you would like to submit a bug report, please visit:
#   http://bugreport.sun.com/bugreport/crash.jsp
# The crash happened outside the Java Virtual Machine in native code.
# See problematic frame for where to report the bug.
#

---------------  T H R E A D  ---------------

Current thread (0x00000000210ba800):  JavaThread "pool-2-thread-1" [_thread_in_native, id=6668, stack(0x0000000022f70000,0x0000000023070000)]

siginfo: ExceptionCode=0xc0000005, writing address 0x0000000000000024

Registers:
RAX=0x0000000000000000, RBX=0x000000000038ac48, RCX=0x00000000fffffffc, RDX=0x0000000000000820
RSP=0x000000002306e120, RBP=0x0000000000000000, RSI=0x0000000000000820, RDI=0x0000000000000000
R8 =0x000000002306e0d8, R9 =0x0000000000000004, R10=0x0000000000000000, R11=0x0000000000000246
R12=0x0000000000000000, R13=0x0000000000000000, R14=0x000007fffff76000, R15=0x0000000000000000
RIP=0x000000007737e4e4, EFLAGS=0x0000000000010213

Top of Stack: (sp=0x000000002306e120)
0x000000002306e120:   00000000000003d8 0000000000000820
0x000000002306e130:   000000002306e2c8 00000000210ba9e8
0x000000002306e140:   000000005f63be28 0000000018e03fd0
0x000000002306e150:   0000000020fc9f10 000000005ed1b5a0
0x000000002306e160:   0000000000000000 000000005f16eca5
0x000000002306e170:   000000001a385018 00000000210ba800
0x000000002306e180:   000000000039a770 0000000000000000
0x000000002306e190:   0000000064f077f1 000000005f1a5a06
0x000000002306e1a0:   00000000210ba800 000000002306ea28
0x000000002306e1b0:   0000000000000004 0000000000000001
0x000000002306e1c0:   00000000ff000000 000000007737e40b
0x000000002306e1d0:   0000000000000000 0000000000000000
0x000000002306e1e0:   00000005fbfaedf8 000000000038ac48
0x000000002306e1f0:   000000000038abd0 0000000064ef9935
0x000000002306e200:   000000002306e2c0 000000000038ac40
0x000000002306e210:   00000000025363f0 00000000210ba800 

Instructions: (pc=0x000000007737e4e4)
0x000000007737e4c4:   0f b1 4b 08 0f 85 9b 47 fd ff 48 8b 03 4c 89 ac
0x000000007737e4d4:   24 c0 00 00 00 33 ed 45 33 ed 48 83 f8 ff 74 03
0x000000007737e4e4:   ff 40 24 ba 22 17 00 00 48 8d 3d 9d 8f 0e 00 80
0x000000007737e4f4:   3c 25 82 03 fe 7f 00 0f 85 b3 bd 01 00 48 83 fe 


Register to memory mapping:

RAX=0x0000000000000000 is an unknown value
RBX=0x000000000038ac48 is an unknown value
RCX=0x00000000fffffffc is an unknown value
RDX=0x0000000000000820 is an unknown value
RSP=0x000000002306e120 is pointing into the stack for thread: 0x00000000210ba800
RBP=0x0000000000000000 is an unknown value
RSI=0x0000000000000820 is an unknown value
RDI=0x0000000000000000 is an unknown value
R8 =0x000000002306e0d8 is pointing into the stack for thread: 0x00000000210ba800
R9 =0x0000000000000004 is an unknown value
R10=0x0000000000000000 is an unknown value
R11=0x0000000000000246 is an unknown value
R12=0x0000000000000000 is an unknown value
R13=0x0000000000000000 is an unknown value
R14=0x000007fffff76000 is an unknown value
R15=0x0000000000000000 is an unknown value


Stack: [0x0000000022f70000,0x0000000023070000],  sp=0x000000002306e120,  free space=1016k
Native frames: (J=compiled Java code, j=interpreted, Vv=VM code, C=native code)
C  [ntdll.dll+0x4e4e4]

[error occurred during error reporting (printing native stack), id 0xc0000005]

Java frames: (J=compiled Java code, j=interpreted, Vv=VM code)
j  com.sun.jna.Native.invokeLong(JI[Ljava/lang/Object;)J+0
j  com.sun.jna.Function.invoke([Ljava/lang/Object;Ljava/lang/Class;Z)Ljava/lang/Object;+389
j  com.sun.jna.Function.invoke(Ljava/lang/Class;[Ljava/lang/Object;Ljava/util/Map;)Ljava/lang/Object;+214
j  com.sun.jna.Library$Handler.invoke(Ljava/lang/Object;Ljava/lang/reflect/Method;[Ljava/lang/Object;)Ljava/lang/Object;+341
j  com.sun.proxy.$Proxy0.libvlc_media_player_get_time(Luk/co/caprica/vlcj/binding/internal/libvlc_media_player_t;)J+16
j  uk.co.caprica.vlcj.player.DefaultMediaPlayer.getTime()J+17
j  ui.PlayerControlsPanel$UpdateRunnable.run()V+4
j  java.util.concurrent.Executors$RunnableAdapter.call()Ljava/lang/Object;+4
j  java.util.concurrent.FutureTask.runAndReset()Z+47
j  java.util.concurrent.ScheduledThreadPoolExecutor$ScheduledFutureTask.access$301(Ljava/util/concurrent/ScheduledThreadPoolExecutor$ScheduledFutureTask;)Z+1
j  java.util.concurrent.ScheduledThreadPoolExecutor$ScheduledFutureTask.run()V+37
j  java.util.concurrent.ThreadPoolExecutor.runWorker(Ljava/util/concurrent/ThreadPoolExecutor$Worker;)V+95
j  java.util.concurrent.ThreadPoolExecutor$Worker.run()V+5
j  java.lang.Thread.run()V+11
v  ~StubRoutines::call_stub

---------------  P R O C E S S  ---------------

Java Threads: ( => current thread )
  0x000000002118d000 JavaThread "TimerQueue" daemon [_thread_blocked, id=9932, stack(0x0000000027d40000,0x0000000027e40000)]
  0x0000000021217000 JavaThread "D3D Screen Updater" daemon [_thread_blocked, id=10992, stack(0x0000000024440000,0x0000000024540000)]
=>0x00000000210ba800 JavaThread "pool-2-thread-1" [_thread_in_native, id=6668, stack(0x0000000022f70000,0x0000000023070000)]
  0x000000002139a000 JavaThread "Swing-Shell" daemon [_thread_blocked, id=5044, stack(0x0000000022a00000,0x0000000022b00000)]
  0x0000000020f0a800 JavaThread "Image Fetcher 0" daemon [_thread_blocked, id=11160, stack(0x0000000020c20000,0x0000000020d20000)]
  0x00000000000ee000 JavaThread "DestroyJavaVM" [_thread_blocked, id=5664, stack(0x0000000002430000,0x0000000002530000)]
  0x000000001a332800 JavaThread "AWT-EventQueue-0" [_thread_blocked, id=6048, stack(0x000000001c2d0000,0x000000001c3d0000)]
  0x000000001a332000 JavaThread "AWT-Windows" daemon [_thread_in_native, id=3968, stack(0x000000001b870000,0x000000001b970000)]
  0x000000001a32f000 JavaThread "AWT-Shutdown" [_thread_blocked, id=9540, stack(0x000000001bfc0000,0x000000001c0c0000)]
  0x000000001a32e800 JavaThread "Java2D Disposer" daemon [_thread_blocked, id=10512, stack(0x000000001bdf0000,0x000000001bef0000)]
  0x0000000018ffd800 JavaThread "Service Thread" daemon [_thread_blocked, id=3860, stack(0x000000001bc40000,0x000000001bd40000)]
  0x0000000018ffb800 JavaThread "C2 CompilerThread1" daemon [_thread_blocked, id=9424, stack(0x000000001b4b0000,0x000000001b5b0000)]
  0x0000000018ff4000 JavaThread "C2 CompilerThread0" daemon [_thread_blocked, id=4140, stack(0x000000001b9c0000,0x000000001bac0000)]
  0x0000000018ff2800 JavaThread "Attach Listener" daemon [_thread_blocked, id=8996, stack(0x000000001b770000,0x000000001b870000)]
  0x0000000018ff1800 JavaThread "Signal Dispatcher" daemon [_thread_blocked, id=3996, stack(0x000000001b1f0000,0x000000001b2f0000)]
  0x0000000018fe0800 JavaThread "Finalizer" daemon [_thread_blocked, id=8744, stack(0x000000001b5c0000,0x000000001b6c0000)]
  0x0000000018fdf800 JavaThread "Reference Handler" daemon [_thread_blocked, id=10192, stack(0x000000001b380000,0x000000001b480000)]

Other Threads:
  0x0000000018fdc000 VMThread [stack: 0x000000001b0f0000,0x000000001b1f0000] [id=9432]
  0x0000000018ffe000 WatcherThread [stack: 0x000000001bb10000,0x000000001bc10000] [id=3272]

VM state:not at safepoint (normal execution)

VM Mutex/Monitor currently owned by a thread: None

Heap
 PSYoungGen      total 153088K, used 121062K [0x0000000755900000, 0x0000000760380000, 0x0000000800000000)
  eden space 131584K, 92% used [0x0000000755900000,0x000000075cf39918,0x000000075d980000)
  from space 21504K, 0% used [0x000000075ee80000,0x000000075ee80000,0x0000000760380000)
  to   space 21504K, 0% used [0x000000075d980000,0x000000075d980000,0x000000075ee80000)
 ParOldGen       total 348672K, used 0K [0x0000000600c00000, 0x0000000616080000, 0x0000000755900000)
  object space 348672K, 0% used [0x0000000600c00000,0x0000000600c00000,0x0000000616080000)
 PSPermGen       total 21504K, used 13879K [0x00000005fba00000, 0x00000005fcf00000, 0x0000000600c00000)
  object space 21504K, 64% used [0x00000005fba00000,0x00000005fc78de30,0x00000005fcf00000)

Card table byte_map: [0x0000000005530000,0x0000000006560000] byte_map_base: 0x0000000002553000

Polling page: 0x0000000000130000

Code Cache  [0x0000000002530000, 0x00000000027a0000, 0x0000000005530000)
 total_blobs=546 nmethods=75 adapters=423 free_code_cache=48477Kb largest_free_block=49615360

Compilation events (10 events):
Event: 1.264 Thread 0x0000000018ffb800   72             java.util.ArrayList$Itr::hasNext (20 bytes)
Event: 1.265 Thread 0x0000000018ffb800 nmethod 72 0x00000000025d8690 code [0x00000000025d87c0, 0x00000000025d8858]
Event: 1.867 Thread 0x0000000018ff4000   73             java.util.ArrayList::ensureCapacityInternal (23 bytes)
Event: 1.867 Thread 0x0000000018ffb800   74             java.util.ArrayList::ensureExplicitCapacity (26 bytes)
Event: 1.871 Thread 0x0000000018ffb800 nmethod 74 0x00000000025de890 code [0x00000000025de9e0, 0x00000000025dec48]
Event: 1.871 Thread 0x0000000018ff4000 nmethod 73 0x00000000025dc910 code [0x00000000025dca60, 0x00000000025dcce8]
Event: 1.901 Thread 0x0000000018ffb800   75             java.util.ArrayList::size (5 bytes)
Event: 1.902 Thread 0x0000000018ffb800 nmethod 75 0x00000000025dd190 code [0x00000000025dd2c0, 0x00000000025dd318]
Event: 1.983 Thread 0x0000000018ff4000   76             java.util.concurrent.locks.AbstractQueuedSynchronizer::getState (5 bytes)
Event: 1.983 Thread 0x0000000018ff4000 nmethod 76 0x00000000025dcf10 code [0x00000000025dd040, 0x00000000025dd098]

GC Heap History (0 events):
No events

Deoptimization events (10 events):
Event: 0.290 Thread 0x000000001a332800 Uncommon trap: reason=class_check action=maybe_recompile pc=0x000000000259fb74 method=java.util.Properties$LineReader.readLine()I @ 62
Event: 0.290 Thread 0x000000001a332800 Uncommon trap: reason=bimorphic action=maybe_recompile pc=0x00000000025aa72c method=java.util.HashMap.getEntry(Ljava/lang/Object;)Ljava/util/HashMap$Entry; @ 68
Event: 0.292 Thread 0x000000001a332800 Uncommon trap: reason=bimorphic action=maybe_recompile pc=0x00000000025aa72c method=java.util.HashMap.getEntry(Ljava/lang/Object;)Ljava/util/HashMap$Entry; @ 68
Event: 0.292 Thread 0x000000001a332800 Uncommon trap: reason=bimorphic action=maybe_recompile pc=0x00000000025aaf14 method=java.util.HashMap.getEntry(Ljava/lang/Object;)Ljava/util/HashMap$Entry; @ 68
Event: 0.300 Thread 0x000000001a332800 Uncommon trap: reason=unreached action=reinterpret pc=0x00000000025b25c4 method=java.lang.Class.searchMethods([Ljava/lang/reflect/Method;Ljava/lang/String;[Ljava/lang/Class;)Ljava/lang/reflect/Method; @ 75
Event: 0.517 Thread 0x000000001a332800 Uncommon trap: reason=unloaded action=reinterpret pc=0x00000000025b8ff0 method=java.lang.CharacterData.of(I)Ljava/lang/CharacterData; @ 96
Event: 0.608 Thread 0x000000001a332800 Uncommon trap: reason=class_check action=maybe_recompile pc=0x00000000025a60c8 method=java.lang.String.equals(Ljava/lang/Object;)Z @ 8
Event: 0.609 Thread 0x000000001a332800 Uncommon trap: reason=class_check action=maybe_recompile pc=0x00000000025a60c8 method=java.lang.String.equals(Ljava/lang/Object;)Z @ 8
Event: 0.648 Thread 0x000000001a332800 Uncommon trap: reason=class_check action=maybe_recompile pc=0x00000000025a60c8 method=java.lang.String.equals(Ljava/lang/Object;)Z @ 8
Event: 0.648 Thread 0x000000001a332800 Uncommon trap: reason=class_check action=maybe_recompile pc=0x00000000025a60c8 method=java.lang.String.equals(Ljava/lang/Object;)Z @ 8

Internal exceptions (10 events):
Event: 0.643 Thread 0x00000000212da000 Threw 0x0000000757f9d9a8 at C:\re\jdk7u45\229\hotspot\src\share\vm\prims\jvm.cpp:1244
Event: 0.650 Thread 0x00000000212da000 Threw 0x000000075822f900 at C:\re\jdk7u45\229\hotspot\src\share\vm\prims\jvm.cpp:1244
Event: 0.653 Thread 0x00000000212da000 Threw 0x00000007584c1820 at C:\re\jdk7u45\229\hotspot\src\share\vm\prims\jvm.cpp:1244
Event: 0.672 Thread 0x00000000212da000 Threw 0x0000000758f09468 at C:\re\jdk7u45\229\hotspot\src\share\vm\prims\jvm.cpp:1244
Event: 0.684 Thread 0x000000002118d000 Threw 0x000000075945e150 at C:\re\jdk7u45\229\hotspot\src\share\vm\prims\jvm.cpp:1244
Event: 0.701 Thread 0x000000002118d000 Threw 0x0000000759953410 at C:\re\jdk7u45\229\hotspot\src\share\vm\prims\jvm.cpp:1244
Event: 0.709 Thread 0x000000002118d000 Threw 0x000000075a106e38 at C:\re\jdk7u45\229\hotspot\src\share\vm\prims\jvm.cpp:1244
Event: 0.744 Thread 0x000000002118d000 Threw 0x000000075b304810 at C:\re\jdk7u45\229\hotspot\src\share\vm\prims\jvm.cpp:1244
Event: 0.969 Thread 0x000000002118d000 Threw 0x000000075b596798 at C:\re\jdk7u45\229\hotspot\src\share\vm\prims\jvm.cpp:1244
Event: 0.970 Thread 0x000000002118d000 Threw 0x000000075b828688 at C:\re\jdk7u45\229\hotspot\src\share\vm\prims\jvm.cpp:1244

Events (10 events):
Event: 2.003 loading class 0x0000000020e87db0 done
Event: 2.162 Thread 0x00000000212da000 Thread added: 0x00000000212da000
Event: 2.165 Thread 0x00000000212da000 Thread exited: 0x00000000212da000
Event: 2.165 Thread 0x000000001a36b000 Thread added: 0x000000001a36b000
Event: 2.167 Thread 0x000000001a36b000 Thread exited: 0x000000001a36b000
Event: 2.181 loading class 0x000000001a1ca150
Event: 2.181 loading class 0x000000001a1ca150 done
Event: 2.188 loading class 0x000000001a25a0c0
Event: 2.188 loading class 0x000000001a25a0c0 done
Event: 2.299 Thread 0x00000000212d9000 Thread exited: 0x00000000212d9000


Dynamic libraries:
0x000000013f720000 - 0x000000013f753000 	C:\Program Files\Java\jre7\bin\javaw.exe
0x0000000077330000 - 0x00000000774d9000 	C:\Windows\SYSTEM32\ntdll.dll
0x0000000077110000 - 0x000000007722f000 	C:\Windows\system32\kernel32.dll
0x000007fefd3d0000 - 0x000007fefd43b000 	C:\Windows\system32\KERNELBASE.dll
0x0000000074be0000 - 0x0000000074c6b000 	C:\Program Files\Bitdefender\Bitdefender\Active Virus Control\Avc3_00226_008\avcuf64.dll
0x000007fefe2f0000 - 0x000007fefe3cb000 	C:\Windows\system32\ADVAPI32.dll
0x000007fefd510000 - 0x000007fefd5af000 	C:\Windows\system32\msvcrt.dll
0x000007fefdde0000 - 0x000007fefddff000 	C:\Windows\SYSTEM32\sechost.dll
0x000007fefe450000 - 0x000007fefe57d000 	C:\Windows\system32\RPCRT4.dll
0x0000000077230000 - 0x000000007732a000 	C:\Windows\system32\USER32.dll
0x000007fefd5b0000 - 0x000007fefd617000 	C:\Windows\system32\GDI32.dll
0x000007fefe290000 - 0x000007fefe29e000 	C:\Windows\system32\LPK.dll
0x000007feff550000 - 0x000007feff619000 	C:\Windows\system32\USP10.dll
0x000007fefacc0000 - 0x000007fefaeb4000 	C:\Windows\WinSxS\amd64_microsoft.windows.common-controls_6595b64144ccf1df_6.0.7601.17514_none_fa396087175ac9ac\COMCTL32.dll
0x000007fefd9e0000 - 0x000007fefda51000 	C:\Windows\system32\SHLWAPI.dll
0x000007fefd620000 - 0x000007fefd64e000 	C:\Windows\system32\IMM32.DLL
0x000007fefdcd0000 - 0x000007fefddd9000 	C:\Windows\system32\MSCTF.dll
0x0000000064640000 - 0x0000000064712000 	C:\Program Files\Java\jre7\bin\msvcr100.dll
0x000000005f0d0000 - 0x000000005f899000 	C:\Program Files\Java\jre7\bin\server\jvm.dll
0x000007fefa200000 - 0x000007fefa209000 	C:\Windows\system32\WSOCK32.dll
0x000007fefe2a0000 - 0x000007fefe2ed000 	C:\Windows\system32\WS2_32.dll
0x000007fefdc20000 - 0x000007fefdc28000 	C:\Windows\system32\NSI.dll
0x000007fefc330000 - 0x000007fefc36b000 	C:\Windows\system32\WINMM.dll
0x0000000077500000 - 0x0000000077507000 	C:\Windows\system32\PSAPI.DLL
0x00000000655a0000 - 0x00000000655af000 	C:\Program Files\Java\jre7\bin\verify.dll
0x0000000064f80000 - 0x0000000064fa8000 	C:\Program Files\Java\jre7\bin\java.dll
0x0000000064f60000 - 0x0000000064f75000 	C:\Program Files\Java\jre7\bin\zip.dll
0x0000000062d70000 - 0x0000000062f05000 	C:\Program Files\Java\jre7\bin\awt.dll
0x000007fefd650000 - 0x000007fefd727000 	C:\Windows\system32\OLEAUT32.dll
0x000007fefd7d0000 - 0x000007fefd9d3000 	C:\Windows\system32\ole32.dll
0x000007fefa840000 - 0x000007fefa896000 	C:\Windows\system32\uxtheme.dll
0x0000000180000000 - 0x0000000180052000 	C:\Program Files (x86)\DisplayFusion\Hooks\AppHookWIN6064_334FFADA-7968-4296-BAE9-805937E5F1FB.dll
0x000007fefe580000 - 0x000007feff308000 	C:\Windows\system32\SHELL32.dll
0x000007fefa470000 - 0x000007fefa488000 	C:\Windows\system32\dwmapi.dll
0x000007fefd010000 - 0x000007fefd01f000 	C:\Windows\system32\CRYPTBASE.dll
0x000007fef4400000 - 0x000007fef45ff000 	C:\Windows\system32\d3d9.dll
0x000007fefc2c0000 - 0x000007fefc2cc000 	C:\Windows\system32\VERSION.dll
0x000007fef43f0000 - 0x000007fef43f7000 	C:\Windows\system32\d3d8thk.dll
0x000007fede260000 - 0x000007fedf3b4000 	C:\Windows\system32\nvd3dumx.dll
0x000007fefabb0000 - 0x000007fefabdc000 	C:\Windows\system32\powrprof.dll
0x000007fefde00000 - 0x000007fefdfd7000 	C:\Windows\system32\SETUPAPI.dll
0x000007fefd390000 - 0x000007fefd3c6000 	C:\Windows\system32\CFGMGR32.dll
0x000007fefd1d0000 - 0x000007fefd1ea000 	C:\Windows\system32\DEVOBJ.dll
0x000007fedb790000 - 0x000007fedb8f2000 	C:\Program Files (x86)\NVIDIA Corporation\3D Vision\nvSCPAPI64.dll
0x000000001d9e0000 - 0x000000001daee000 	C:\Windows\system32\nvspcap64.dll
0x000007fef8e80000 - 0x000007fef9194000 	C:\Windows\system32\nvapi64.dll
0x000007fefd190000 - 0x000007fefd1ca000 	C:\Windows\system32\WINTRUST.dll
0x000007fefd200000 - 0x000007fefd36c000 	C:\Windows\system32\CRYPT32.dll
0x000007fefd180000 - 0x000007fefd18f000 	C:\Windows\system32\MSASN1.dll
0x000007fefc9b0000 - 0x000007fefc9c7000 	C:\Windows\system32\CRYPTSP.dll
0x000007fefc6b0000 - 0x000007fefc6f7000 	C:\Windows\system32\rsaenh.dll
0x000007fefc420000 - 0x000007fefc43e000 	C:\Windows\system32\USERENV.dll
0x000007fefd0e0000 - 0x000007fefd0ef000 	C:\Windows\system32\profapi.dll
0x0000000064f40000 - 0x0000000064f59000 	C:\Program Files\Java\jre7\bin\net.dll
0x000007fefc950000 - 0x000007fefc9a5000 	C:\Windows\system32\mswsock.dll
0x000007fefc940000 - 0x000007fefc947000 	C:\Windows\System32\wship6.dll
0x000007fefb4f0000 - 0x000007fefb505000 	C:\Windows\system32\NLAapi.dll
0x000007feeb100000 - 0x000007feeb115000 	C:\Windows\system32\napinsp.dll
0x000007feeb0b0000 - 0x000007feeb0c9000 	C:\Windows\system32\pnrpnsp.dll
0x000007fefc7d0000 - 0x000007fefc82b000 	C:\Windows\system32\DNSAPI.dll
0x000007feeb0a0000 - 0x000007feeb0ab000 	C:\Windows\System32\winrnr.dll
0x000007fefba90000 - 0x000007fefba97000 	C:\Windows\System32\wshtcpip.dll
0x000007fefc3a0000 - 0x000007fefc3c7000 	C:\Windows\system32\IPHLPAPI.DLL
0x000007fefc390000 - 0x000007fefc39b000 	C:\Windows\system32\WINNSI.DLL
0x000007feeb7b0000 - 0x000007feeb7b8000 	C:\Windows\system32\rasadhlp.dll
0x000007fef9940000 - 0x000007fef9993000 	C:\Windows\System32\fwpuclnt.dll
0x0000000064f20000 - 0x0000000064f31000 	C:\Program Files\Java\jre7\bin\nio.dll
0x000007fee4a90000 - 0x000007fee4ac7000 	C:\Users\slashershot\AppData\Local\Temp\jna-slashershot\jna7179234985070199473.dll
0x0000000064ef0000 - 0x0000000064f19000 	C:\Users\slashershot\Desktop\NEE\libvlc.dll
0x000000005ebf0000 - 0x000000005ee61000 	C:\Users\slashershot\Desktop\NEE\libvlccore.dll
0x0000000064e30000 - 0x0000000064e86000 	C:\Users\slashershot\Desktop\NEE\plugins\access\libdshow_plugin.dll
0x0000000064ed0000 - 0x0000000064ee1000 	C:\Users\slashershot\Desktop\NEE\plugins\audio_output\libdirectsound_plugin.dll
0x0000000064eb0000 - 0x0000000064ec2000 	C:\Users\slashershot\Desktop\NEE\plugins\audio_output\libwaveout_plugin.dll
0x0000000064e10000 - 0x0000000064e2b000 	C:\Users\slashershot\Desktop\NEE\plugins\video_output\libdirectdraw_plugin.dll
0x000007fef91c0000 - 0x000007fef9260000 	C:\Windows\WinSxS\amd64_microsoft.windows.common-controls_6595b64144ccf1df_5.82.7601.18201_none_a4d3b9377117c3df\comctl32.dll
0x0000000064dc0000 - 0x0000000064e06000 	C:\Program Files\Java\jre7\bin\fontmanager.dll
0x0000000064770000 - 0x00000000647b1000 	C:\Program Files\Java\jre7\bin\t2k.dll
0x000007fefdc30000 - 0x000007fefdcc9000 	C:\Windows\system32\CLBCatQ.DLL
0x000007fefa8a0000 - 0x000007fefa9cc000 	C:\Windows\system32\propsys.dll
0x000007fefc0d0000 - 0x000007fefc0fd000 	C:\Windows\system32\ntmarta.dll
0x000007fefda60000 - 0x000007fefdab2000 	C:\Windows\system32\WLDAP32.dll
0x000007fefcfb0000 - 0x000007fefd007000 	C:\Windows\system32\apphelp.dll
0x000007fee1a90000 - 0x000007fee1c2c000 	C:\Windows\system32\NetworkExplorer.dll
0x000007fee90d0000 - 0x000007fee9104000 	C:\Windows\System32\shdocvw.dll
0x000007fef9cc0000 - 0x000007fef9ccb000 	C:\Windows\system32\slc.dll
0x000007fefb740000 - 0x000007fefb758000 	C:\Windows\system32\MPR.dll
0x000007fefa240000 - 0x000007fefa24a000 	C:\Windows\System32\drprov.dll
0x000007fefc4f0000 - 0x000007fefc52d000 	C:\Windows\System32\WINSTA.dll
0x000007fee4c40000 - 0x000007fee4c62000 	C:\Windows\System32\ntlanman.dll
0x000007fee4a70000 - 0x000007fee4a8d000 	C:\Windows\System32\davclnt.dll
0x000007feeb2d0000 - 0x000007feeb2da000 	C:\Windows\System32\DAVHLPR.dll
0x000007fefbda0000 - 0x000007fefbdb5000 	C:\Windows\system32\wkscli.dll
0x000007feeb790000 - 0x000007feeb79f000 	C:\Windows\system32\cscapi.dll
0x000007fefbdc0000 - 0x000007fefbdcc000 	C:\Windows\system32\netutils.dll
0x000007fed88c0000 - 0x000007fed8b31000 	C:\Windows\system32\wpdshext.dll
0x000007fefa620000 - 0x000007fefa836000 	C:\Windows\WinSxS\amd64_microsoft.windows.gdiplus_6595b64144ccf1df_1.1.7601.18120_none_2b25b14c71ebf230\gdiplus.dll
0x000007feeb2f0000 - 0x000007feeb3ad000 	C:\Windows\system32\PortableDeviceApi.dll
0x000007feede60000 - 0x000007feede95000 	C:\Windows\system32\EhStorShell.dll
0x000007fee4a00000 - 0x000007fee4a27000 	C:\Windows\system32\EhStorAPI.dll
0x000007feeb7c0000 - 0x000007feeb7cc000 	C:\Windows\system32\LINKINFO.dll
0x000000006d510000 - 0x000000006d517000 	C:\Program Files\Java\jre7\bin\jawt.dll
0x0000000062b20000 - 0x0000000062d64000 	C:\Users\slashershot\Desktop\NEE\plugins\access\liblibbluray_plugin.dll
0x0000000064740000 - 0x0000000064764000 	C:\Users\slashershot\Desktop\NEE\plugins\access\libaccess_bd_plugin.dll
0x0000000064520000 - 0x000000006456b000 	C:\Users\slashershot\Desktop\NEE\plugins\access\libdvdnav_plugin.dll
0x0000000064620000 - 0x000000006463e000 	C:\Users\slashershot\Desktop\NEE\plugins\access\libaccess_vdr_plugin.dll
0x0000000064500000 - 0x0000000064517000 	C:\Users\slashershot\Desktop\NEE\plugins\access\libfilesystem_plugin.dll
0x00000000644e0000 - 0x00000000644fa000 	C:\Users\slashershot\Desktop\NEE\plugins\stream_filter\libsmooth_plugin.dll
0x0000000062a80000 - 0x0000000062b1e000 	C:\Users\slashershot\Desktop\NEE\plugins\stream_filter\libhttplive_plugin.dll
0x0000000061ca0000 - 0x0000000061d91000 	C:\Users\slashershot\Desktop\NEE\plugins\stream_filter\libdash_plugin.dll
0x00000000644b0000 - 0x00000000644d8000 	C:\Users\slashershot\Desktop\NEE\plugins\access\libzip_plugin.dll
0x0000000062a60000 - 0x0000000062a75000 	C:\Users\slashershot\Desktop\NEE\plugins\access\libstream_filter_rar_plugin.dll
0x0000000064610000 - 0x000000006461e000 	C:\Users\slashershot\Desktop\NEE\plugins\stream_filter\librecord_plugin.dll
0x0000000062a20000 - 0x0000000062a57000 	C:\Users\slashershot\Desktop\NEE\plugins\demux\libmp4_plugin.dll
0x0000000061f80000 - 0x0000000061fdc000 	C:\Users\slashershot\Desktop\NEE\plugins\codec\libpng_plugin.dll
0x00000000644a0000 - 0x00000000644af000 	C:\Users\slashershot\Desktop\NEE\plugins\codec\libcdg_plugin.dll
0x0000000060070000 - 0x00000000601e7000 	C:\Users\slashershot\Desktop\NEE\plugins\codec\libschroedinger_plugin.dll
0x0000000062a10000 - 0x0000000062a20000 	C:\Users\slashershot\Desktop\NEE\plugins\codec\libdts_plugin.dll
0x0000000061c40000 - 0x0000000061c9a000 	C:\Users\slashershot\Desktop\NEE\plugins\codec\libtheora_plugin.dll
0x0000000061af0000 - 0x0000000061b5d000 	C:\Users\slashershot\Desktop\NEE\plugins\codec\libfaad_plugin.dll
0x00000000602a0000 - 0x00000000602e1000 	C:\Users\slashershot\Desktop\NEE\plugins\codec\libflac_plugin.dll
0x00000000629f0000 - 0x0000000062a02000 	C:\Users\slashershot\Desktop\NEE\plugins\codec\libg711_plugin.dll
0x00000000629e0000 - 0x00000000629ef000 	C:\Users\slashershot\Desktop\NEE\plugins\codec\libaes3_plugin.dll
0x000000005fe30000 - 0x000000005ffc1000 	C:\Users\slashershot\Desktop\NEE\plugins\codec\liblibass_plugin.dll
0x0000000061f40000 - 0x0000000061f78000 	C:\Users\slashershot\Desktop\NEE\plugins\codec\libspeex_plugin.dll
0x0000000061c30000 - 0x0000000061c40000 	C:\Users\slashershot\Desktop\NEE\plugins\codec\liblpcm_plugin.dll
0x000000005fd60000 - 0x000000005fe2e000 	C:\Users\slashershot\Desktop\NEE\plugins\codec\libvorbis_plugin.dll
0x0000000061c20000 - 0x0000000061c2f000 	C:\Users\slashershot\Desktop\NEE\plugins\codec\libmpeg_audio_plugin.dll
0x0000000061c00000 - 0x0000000061c12000 	C:\Users\slashershot\Desktop\NEE\plugins\codec\libaraw_plugin.dll

VM Arguments:
jvm_args: -Dfile.encoding=Cp1252 
java_command: ui.PlayVideoFrame
Launcher Type: SUN_STANDARD

Environment Variables:
PATH=C:\Windows\system32;C:\Program Files (x86)\NVIDIA Corporation\PhysX\Common;C:\Windows;C:\Windows\System32\Wbem;C:\Windows\System32\WindowsPowerShell\v1.0\;C:\Program Files\OpenVPN\bin;C:\Program Files (x86)\Common Files\Acronis\SnapAPI\;C:\strawberry\c\bin;C:\strawberry\perl\site\bin;C:\strawberry\perl\bin;C:\Windows\system32\WindowsPowerShell\v1.0\;C:\Program Files (x86)\NVIDIA Corporation\PhysX\Common;C:\Windows\system32;C:\Windows;C:\Windows\System32\Wbem;C:\Windows\System32\WindowsPowerShell\v1.0\;C:\Python27;
USERNAME=slashershot
OS=Windows_NT
PROCESSOR_IDENTIFIER=Intel64 Family 6 Model 58 Stepping 9, GenuineIntel



---------------  S Y S T E M  ---------------

OS: Windows 7 , 64 bit Build 7601 Service Pack 1

CPU:total 8 (4 cores per cpu, 2 threads per core) family 6 model 58 stepping 9, cmov, cx8, fxsr, mmx, sse, sse2, sse3, ssse3, sse4.1, sse4.2, popcnt, avx, aes, erms, ht, tsc, tscinvbit, tscinv

Memory: 4k page, physical 33497616k(23552504k free), swap 66993368k(55034632k free)

vm_info: Java HotSpot(TM) 64-Bit Server VM (24.45-b08) for windows-amd64 JRE (1.7.0_45-b18), built on Oct  8 2013 05:47:22 by "java_re" with unknown MS VC++:1600

time: Mon Feb 10 21:22:07 2014
elapsed time: 2 seconds

